#
# A fatal error has been detected by the Java Runtime Environment:
#
#  EXCEPTION_ACCESS_VIOLATION (0xc0000005) at pc=0x00007fffe103d960, pid=11252, tid=11780
#
# JRE version: Java(TM) SE Runtime Environment (25.0+37) (build 25+37-LTS-3491)
# Java VM: Java HotSpot(TM) 64-Bit Server VM (25+37-LTS-3491, mixed mode, sharing, tiered, compressed oops, compressed class ptrs, g1 gc, windows-amd64)
# Problematic frame:
# C  [igdumdim64.dll+0x11d960]
#
# No core dump will be written. Minidumps are not enabled by default on client versions of Windows
#
# If you would like to submit a bug report, please visit:
#   https://bugreport.java.com/bugreport/crash.jsp
# The crash happened outside the Java Virtual Machine in native code.
# See problematic frame for where to report the bug.
#

---------------  S U M M A R Y ------------

Command Line: -Dfile.encoding=UTF-8 -Dstdout.encoding=UTF-8 -Dstderr.encoding=UTF-8 --module-path=C:\Users\bryan\Documents\GitHub\COMP485-Project1\target\classes;C:\Users\bryan\.m2\repository\org\openjfx\javafx-controls\21.0.6\javafx-controls-21.0.6-win.jar;C:\Users\bryan\.m2\repository\org\openjfx\javafx-graphics\21.0.6\javafx-graphics-21.0.6-win.jar;C:\Users\bryan\.m2\repository\org\openjfx\javafx-base\21.0.6\javafx-base-21.0.6-win.jar;C:\Users\bryan\.m2\repository\org\openjfx\javafx-fxml\21.0.6\javafx-fxml-21.0.6-win.jar -XX:+ShowCodeDetailsInExceptionMessages -Djdk.module.main=com.example.project1 com.example.project1/com.example.project1.Launcher

Host: Intel(R) Core(TM) i7-7700HQ CPU @ 2.80GHz, 8 cores, 15G,  Windows 10 , 64 bit Build 19041 (10.0.19041.5915)
Time: Wed Oct  8 21:53:24 2025 Pacific Daylight Time elapsed time: 1.537092 seconds (0d 0h 0m 1s)

---------------  T H R E A D  ---------------

Current thread (0x000001d641b98d50):  JavaThread "QuantumRenderer-0" daemon [_thread_in_native, id=11780, stack(0x0000006c98f00000,0x0000006c99000000) (1024K)]

Stack: [0x0000006c98f00000,0x0000006c99000000],  sp=0x0000006c98ffdcb8,  free space=1015k
Native frames: (J=compiled Java code, j=interpreted, Vv=VM code, C=native code)
C  [igdumdim64.dll+0x11d960]  (no source info available)
C  [igdumdim64.dll+0x781de]  (no source info available)
C  [d3d9.dll+0x35af4]  (no source info available)
C  [d3d9.dll+0x13ad91]  (no source info available)
C  [d3d9.dll+0x11b8ce]  (no source info available)
C  [d3d9.dll+0xbae34]  (no source info available)
C  [prism_d3d.dll+0xa376]  (no source info available)
C  [prism_d3d.dll+0x85d4]  (no source info available)
C  [prism_d3d.dll+0x8b5f]  (no source info available)
C  0x000001d62d51d193  (no source info available)

The last pc belongs to native method entry point (kind = native) (printed below).
Java frames: (J=compiled Java code, j=interpreted, Vv=VM code)
j  com.sun.prism.d3d.D3DResourceFactory.nUpdateTextureB(JJLjava/nio/ByteBuffer;[BIIIIIIII)I+0 javafx.graphics@21.0.6
j  com.sun.prism.d3d.D3DTexture.update(Ljava/nio/Buffer;Lcom/sun/prism/PixelFormat;IIIIIII)V+205 javafx.graphics@21.0.6
j  com.sun.prism.d3d.D3DTexture.update(Ljava/nio/Buffer;Lcom/sun/prism/PixelFormat;IIIIIIIZ)V+89 javafx.graphics@21.0.6
j  com.sun.prism.impl.GlyphCache.getCachedGlyph(II)Lcom/sun/prism/impl/GlyphCache$GlyphData;+436 javafx.graphics@21.0.6
j  com.sun.prism.impl.GlyphCache.render(Lcom/sun/prism/impl/BaseContext;Lcom/sun/javafx/scene/text/GlyphList;FFIILcom/sun/prism/paint/Color;Lcom/sun/prism/paint/Color;Lcom/sun/javafx/geom/transform/BaseTransform;Lcom/sun/javafx/geom/BaseBounds;)V+157 javafx.graphics@21.0.6
j  com.sun.prism.impl.ps.BaseShaderGraphics.drawString(Lcom/sun/javafx/scene/text/GlyphList;Lcom/sun/javafx/font/FontStrike;FFLcom/sun/prism/paint/Color;II)V+853 javafx.graphics@21.0.6
j  com.sun.javafx.sg.prism.NGText.renderText(Lcom/sun/prism/Graphics;Lcom/sun/javafx/font/FontStrike;Lcom/sun/javafx/geom/BaseBounds;Lcom/sun/prism/paint/Color;I)V+208 javafx.graphics@21.0.6
j  com.sun.javafx.sg.prism.NGText.renderContent2D(Lcom/sun/prism/Graphics;Z)V+238 javafx.graphics@21.0.6
j  com.sun.javafx.sg.prism.NGShape.renderContent(Lcom/sun/prism/Graphics;)V+454 javafx.graphics@21.0.6
j  com.sun.javafx.sg.prism.NGNode.doRender(Lcom/sun/prism/Graphics;)V+330 javafx.graphics@21.0.6
j  com.sun.javafx.sg.prism.NGNode.render(Lcom/sun/prism/Graphics;)V+35 javafx.graphics@21.0.6
j  com.sun.javafx.sg.prism.NGGroup.renderContent(Lcom/sun/prism/Graphics;)V+151 javafx.graphics@21.0.6
j  com.sun.javafx.sg.prism.NGRegion.renderContent(Lcom/sun/prism/Graphics;)V+111 javafx.graphics@21.0.6
j  com.sun.javafx.sg.prism.NGNode.doRender(Lcom/sun/prism/Graphics;)V+330 javafx.graphics@21.0.6
j  com.sun.javafx.sg.prism.NGNode.render(Lcom/sun/prism/Graphics;)V+35 javafx.graphics@21.0.6
j  com.sun.javafx.tk.quantum.ViewPainter.doPaint(Lcom/sun/prism/Graphics;Lcom/sun/javafx/sg/prism/NodePath;)V+202 javafx.graphics@21.0.6
j  com.sun.javafx.tk.quantum.ViewPainter.paintImpl(Lcom/sun/prism/Graphics;)V+976 javafx.graphics@21.0.6
j  com.sun.javafx.tk.quantum.PresentingPainter.run()V+331 javafx.graphics@21.0.6
j  java.util.concurrent.Executors$RunnableAdapter.call()Ljava/lang/Object;+4 java.base@25
j  java.util.concurrent.FutureTask.runAndReset()Z+44 java.base@25
j  com.sun.javafx.tk.RenderJob.run()V+1 javafx.graphics@21.0.6
j  java.util.concurrent.ThreadPoolExecutor.runWorker(Ljava/util/concurrent/ThreadPoolExecutor$Worker;)V+92 java.base@25
j  java.util.concurrent.ThreadPoolExecutor$Worker.run()V+5 java.base@25
j  com.sun.javafx.tk.quantum.QuantumRenderer$PipelineRunnable.run()V+8 javafx.graphics@21.0.6
j  java.lang.Thread.runWith(Ljava/lang/Object;Ljava/lang/Runnable;)V+5 java.base@25
j  java.lang.Thread.run()V+19 java.base@25
v  ~StubRoutines::call_stub 0x000001d62d5112ed

siginfo: EXCEPTION_ACCESS_VIOLATION (0xc0000005), writing address 0x0000000000000000


Registers:
RAX=0x0000000000000000, RBX=0x0000000000000000, RCX=0x000001d641ffac00, RDX=0x000001d64207c850
RSP=0x0000006c98ffdcb8, RBP=0x000001d64207c850, RSI=0x0000000000000002, RDI=0x000001d64207c520
R8 =0x0000000000000000, R9 =0x000001d64207c520, R10=0x0000000000000000, R11=0x0000000000000003
R12=0x0000000000000000, R13=0x000001d641ffac00, R14=0x0000006c98ffddd0, R15=0x0000000000000000
RIP=0x00007fffe103d960, EFLAGS=0x0000000000010202

XMM[0]=0x0000000f0000000e 0x0000000000000000
XMM[1]=0x0000000f0000000e 0x0000000000000000
XMM[2]=0x0000000000000000 0x0000000000000000
XMM[3]=0x0000000000000000 0x0000000000000000
XMM[4]=0x0000000000000000 0x0000000100000000
XMM[5]=0x468b4168244489a0 0x468b4160244489a8
XMM[6]=0x0c98f5818685ba9f 0x4a319941fc018edf
XMM[7]=0xee830681e1ddc99f 0x59db6a41e191dddf
XMM[8]=0x000e178101b4d89f 0x34e63b4167e12cdf
XMM[9]=0xa74594e1477f0fd6 0x351b734c4789fad8
XMM[10]=0x501512af1fce15f9 0xe14fd9ee7c97227f
XMM[11]=0xcee5ee4c0e1d77a5 0xb76c25743b68cd3d
XMM[12]=0x060e196ea586143f 0x5120ff6c12573cf1
XMM[13]=0x0000000000000000 0x0000000000000000
XMM[14]=0x0000000000000000 0x0000000000000000
XMM[15]=0x0000000000000000 0x0000000000000000
  MXCSR=0x00001fa0


Register to memory mapping:

RAX=0x0 is null
RBX=0x0 is null
RCX=0x000001d641ffac00 points into unknown readable memory: 0x0000000000000000 | 00 00 00 00 00 00 00 00
RDX=0x000001d64207c850 points into unknown readable memory: 0x000001d6423ca810 | 10 a8 3c 42 d6 01 00 00
RSP=0x0000006c98ffdcb8 is pointing into the stack for thread: 0x000001d641b98d50
RBP=0x000001d64207c850 points into unknown readable memory: 0x000001d6423ca810 | 10 a8 3c 42 d6 01 00 00
RSI=0x0000000000000002 is an unknown value
RDI=0x000001d64207c520 points into unknown readable memory: 0x000001d642495f00 | 00 5f 49 42 d6 01 00 00
R8 =0x0 is null
R9 =0x000001d64207c520 points into unknown readable memory: 0x000001d642495f00 | 00 5f 49 42 d6 01 00 00
R10=0x0 is null
R11=0x0000000000000003 is an unknown value
R12=0x0 is null
R13=0x000001d641ffac00 points into unknown readable memory: 0x0000000000000000 | 00 00 00 00 00 00 00 00
R14=0x0000006c98ffddd0 is pointing into the stack for thread: 0x000001d641b98d50
R15=0x0 is null

Top of Stack: (sp=0x0000006c98ffdcb8)
0x0000006c98ffdcb8:   00007fffe0f981de 0000000000000000   ................
0x0000006c98ffdcc8:   000001d64207c850 0000000000000000   P..B............
0x0000006c98ffdcd8:   000001d64207c520 000001d600000000    ..B............
0x0000006c98ffdce8:   0000006c98ffdddc 0000006c98ffdda8   ....l.......l...
0x0000006c98ffdcf8:   0000000000000000 0000000000000000   ................
0x0000006c98ffdd08:   0000000000000000 0000000000000000   ................
0x0000006c98ffdd18:   0000000000000000 0000000000000000   ................
0x0000006c98ffdd28:   0000000000000000 0000000000000000   ................
0x0000006c98ffdd38:   0000000000000000 0000000000000000   ................
0x0000006c98ffdd48:   0000000000000000 0000000000000000   ................
0x0000006c98ffdd58:   000001d642650420 000001d6420c1840    .eB....@..B....
0x0000006c98ffdd68:   000001d64264fc40 0000000000000000   @.dB............
0x0000006c98ffdd78:   000001d6425effe0 0000000000000000   ..^B............
0x0000006c98ffdd88:   0000006c98ffde09 000001d6420dba60   ....l...`..B....
0x0000006c98ffdd98:   00007ff803385af4 0000000000000000   .Z8.............
0x0000006c98ffdda8:   0000000000000000 0000000000000000   ................
0x0000006c98ffddb8:   0000000000000000 0000000000000000   ................
0x0000006c98ffddc8:   0000000000000000 000001d64207c850   ........P..B....
0x0000006c98ffddd8:   0000000000000000 0000000e00000000   ................
0x0000006c98ffdde8:   000000000000000f 000001d64207c520   ........ ..B....
0x0000006c98ffddf8:   0000000000000000 0000000e00000000   ................
0x0000006c98ffde08:   000000000000000f 0000006c00000000   ............l...
0x0000006c98ffde18:   00007ff803360394 0000c05ece9c0870   ..6.....p...^...
0x0000006c98ffde28:   00007ff803381557 0000000000000000   W.8.............
0x0000006c98ffde38:   000001d6424109c0 0000006c98ffe060   ..AB....`...l...
0x0000006c98ffde48:   00007ff80348ad91 0000000000000000   ..H.............
0x0000006c98ffde58:   0000000000000000 0000000000000000   ................
0x0000006c98ffde68:   0000000000000000 000001d642495f00   ........._IB....
0x0000006c98ffde78:   0000006c98ffdea0 000001d600000000   ....l...........
0x0000006c98ffde88:   0000000000000000 0000006c98ffe070   ........p...l...
0x0000006c98ffde98:   0000006c98ffe080 0000000000000000   ....l...........
0x0000006c98ffdea8:   0000000f0000000e 0000000000000000   ................

Instructions: (pc=0x00007fffe103d960)
  0x00007fffe103d860:   00 00 00 00 00 00 00 00 00 00 00 00 00 00 00 00
  0x00007fffe103d870:   00 00 00 00 00 00 00 00 00 00 00 00 00 00 00 00
  0x00007fffe103d880:   00 00 00 00 00 00 00 00 00 00 00 00 00 00 00 00
  0x00007fffe103d890:   00 00 00 00 00 00 00 00 00 00 00 00 00 00 00 00
  0x00007fffe103d8a0:   00 00 00 00 00 00 00 00 00 00 00 00 00 00 00 00
  0x00007fffe103d8b0:   00 00 00 00 00 00 00 00 00 00 00 00 00 00 00 00
  0x00007fffe103d8c0:   00 00 00 00 00 00 00 00 00 00 00 00 00 00 00 00
  0x00007fffe103d8d0:   00 00 00 00 00 00 00 00 00 00 00 00 00 00 00 00
  0x00007fffe103d8e0:   00 00 00 00 00 00 00 00 00 00 00 00 00 00 00 00
  0x00007fffe103d8f0:   00 00 00 00 00 00 00 00 00 00 00 00 00 00 00 00
  0x00007fffe103d900:   00 00 00 00 00 00 00 00 00 00 00 00 00 00 00 00
  0x00007fffe103d910:   00 00 00 00 00 00 00 00 00 00 00 00 00 00 00 00
  0x00007fffe103d920:   00 00 00 00 00 00 00 00 00 00 00 00 00 00 00 00
  0x00007fffe103d930:   00 00 00 00 00 00 00 00 00 00 00 00 00 00 00 00
  0x00007fffe103d940:   00 00 00 00 00 00 00 00 00 00 00 00 00 00 00 00
  0x00007fffe103d950:   00 00 00 00 00 00 00 00 00 00 00 00 00 00 00 00
=>0x00007fffe103d960:   00 00 00 00 00 00 00 00 00 00 00 00 00 00 00 00
  0x00007fffe103d970:   00 00 00 00 00 00 00 00 00 00 00 00 00 00 00 00
  0x00007fffe103d980:   00 00 00 00 00 00 00 00 00 00 00 00 00 00 00 00
  0x00007fffe103d990:   00 00 00 00 00 00 00 00 00 00 00 00 00 00 00 00
  0x00007fffe103d9a0:   00 00 00 00 00 00 00 00 00 00 00 00 00 00 00 00
  0x00007fffe103d9b0:   00 00 00 00 00 00 00 00 00 00 00 00 00 00 00 00
  0x00007fffe103d9c0:   00 00 00 00 00 00 00 00 00 00 00 00 00 00 00 00
  0x00007fffe103d9d0:   00 00 00 00 00 00 00 00 00 00 00 00 00 00 00 00
  0x00007fffe103d9e0:   00 00 00 00 00 00 00 00 00 00 00 00 00 00 00 00
  0x00007fffe103d9f0:   00 00 00 00 00 00 00 00 00 00 00 00 00 00 00 00
  0x00007fffe103da00:   00 00 00 00 00 00 00 00 00 00 00 00 00 00 00 00
  0x00007fffe103da10:   00 00 00 00 00 00 00 00 00 00 00 00 00 00 00 00
  0x00007fffe103da20:   00 00 00 00 00 00 00 00 00 00 00 00 00 00 00 00
  0x00007fffe103da30:   00 00 00 00 00 00 00 00 00 00 00 00 00 00 00 00
  0x00007fffe103da40:   00 00 00 00 00 00 00 00 00 00 00 00 00 00 00 00
  0x00007fffe103da50:   00 00 00 00 00 00 00 00 00 00 00 00 00 00 00 00


Stack slot to memory mapping:

stack at sp + 0 slots: 0x00007fffe0f981de igdumdim64.dll
stack at sp + 1 slots: 0x0 is null
stack at sp + 2 slots: 0x000001d64207c850 points into unknown readable memory: 0x000001d6423ca810 | 10 a8 3c 42 d6 01 00 00
stack at sp + 3 slots: 0x0 is null
stack at sp + 4 slots: 0x000001d64207c520 points into unknown readable memory: 0x000001d642495f00 | 00 5f 49 42 d6 01 00 00
stack at sp + 5 slots: 0x000001d600000000 is an unknown value
stack at sp + 6 slots: 0x0000006c98ffdddc is pointing into the stack for thread: 0x000001d641b98d50
stack at sp + 7 slots: 0x0000006c98ffdda8 is pointing into the stack for thread: 0x000001d641b98d50

Lock stack of current Java thread (top to bottom):

native method entry point (kind = native)  [0x000001d62d51cdc0, 0x000001d62d51d8b8]  2808 bytes
[MachCode]
  0x000001d62d51cdc0: 488b 4b08 | 0fb7 492e | 584c 8d74 | ccf8 6800 | 0000 0068 | 0000 0000 | 5055 488b | ec41 5548 
  0x000001d62d51cde0: 8b43 084c | 8d68 3848 | 8b40 0868 | 0000 0000 | 5348 8b50 | 1848 8b52 | 7048 8b12 | 5248 8b53 
  0x000001d62d51ce00: 1048 85d2 | 7407 4881 | c2d0 0000 | 0052 488b | 5010 5249 | 8bc6 482b | c548 c1e8 | 0350 6800 
  0x000001d62d51ce20: 0000 0068 | f7ff ffff | 41c6 87f1 | 0400 0001 | 488b 4310 | 4885 c074 | 208b 8890 | 0000 0083 
  0x000001d62d51ce40: c102 8988 | 9000 0000 | 2388 a400 | 0000 0f84 | b209 0000 | e9cf 0000 | 0048 8b43 | 1848 85c0 
  0x000001d62d51ce60: 0f85 b000 | 0000 e805 | 0000 00e9 | 9900 0000 | 488b d348 | 8d44 2408 | 4c89 6dc0 | 498b cfc5 
  0x000001d62d51ce80: f877 4989 | af38 0400 | 0049 8987 | 2804 0000 | 4883 ec20 | 40f6 c40f | 0f84 1900 | 0000 4883 
  0x000001d62d51cea0: ec08 48b8 | e01e 2848 | f87f 0000 | ffd0 4883 | c408 e90c | 0000 0048 | b8e0 1e28 | 48f8 7f00 
  0x000001d62d51cec0: 00ff d048 | 83c4 2049 | c787 2804 | 0000 0000 | 0000 49c7 | 8738 0400 | 0000 0000 | 0049 c787 
  0x000001d62d51cee0: 3004 0000 | 0000 0000 | c5f8 7749 | 837f 0800 | 0f84 0500 | 0000 e9e5 | 42ff ff4c | 8b6d c04c 
  0x000001d62d51cf00: 8b75 c84e | 8d74 f500 | c348 8b43 | 1848 85c0 | 0f84 1200 | 0000 8b48 | 0883 c102 | 8948 0823 
  0x000001d62d51cf20: 482c 0f84 | de08 0000 | 493b a770 | 0500 000f | 8748 0000 | 0089 8424 | 00f0 ffff | 8984 2400 
  0x000001d62d51cf40: e0ff ff89 | 8424 00d0 | ffff 8984 | 2400 c0ff | ff89 8424 | 00b0 ffff | 8984 2400 | a0ff ff89 
  0x000001d62d51cf60: 8424 0090 | ffff 8984 | 2400 80ff | ff49 3ba7 | 6805 0000 | 7607 4989 | a770 0500 | 0041 c687 
  0x000001d62d51cf80: f104 0000 | 0048 8b5d | e84c 8b5b | 0845 0fb7 | 5b2e 41c1 | e303 492b | e348 83ec | 2048 83e4 
  0x000001d62d51cfa0: f04c 8b5b | 604d 85db | 0f85 ab00 | 0000 e805 | 0000 00e9 | 9900 0000 | 488b d348 | 8d44 2408 
  0x000001d62d51cfc0: 4c89 6dc0 | 498b cfc5 | f877 4989 | af38 0400 | 0049 8987 | 2804 0000 | 4883 ec20 | 40f6 c40f 
  0x000001d62d51cfe0: 0f84 1900 | 0000 4883 | ec08 48b8 | 1048 2848 | f87f 0000 | ffd0 4883 | c408 e90c | 0000 0048 
  0x000001d62d51d000: b810 4828 | 48f8 7f00 | 00ff d048 | 83c4 2049 | c787 2804 | 0000 0000 | 0000 49c7 | 8738 0400 
  0x000001d62d51d020: 0000 0000 | 0049 c787 | 3004 0000 | 0000 0000 | c5f8 7749 | 837f 0800 | 0f84 0500 | 0000 e99d 
  0x000001d62d51d040: 41ff ff4c | 8b6d c04c | 8b75 c84e | 8d74 f500 | c348 8b5d | e84c 8b5b | 6041 ffd3 | 488b 5de8 
  0x000001d62d51d060: 4889 4518 | 440f b75b | 2c41 f6c3 | 080f 841b | 0000 004c | 8b5b 084d | 8b5b 084d | 8b5b 184d 
  0x000001d62d51d080: 8b5b 704d | 8b1b 4c89 | 5d10 488d | 5510 488b | 4358 49ba | 800e 6348 | f87f 0000 | 493b c20f 
  0x000001d62d51d0a0: 85ab 0000 | 00e8 0500 | 0000 e999 | 0000 0048 | 8bd3 488d | 4424 084c | 896d c049 | 8bcf c5f8 
  0x000001d62d51d0c0: 7749 89af | 3804 0000 | 4989 8728 | 0400 0048 | 83ec 2040 | f6c4 0f0f | 8419 0000 | 0048 83ec 
  0x000001d62d51d0e0: 0848 b810 | 4828 48f8 | 7f00 00ff | d048 83c4 | 08e9 0c00 | 0000 48b8 | 1048 2848 | f87f 0000 
  0x000001d62d51d100: ffd0 4883 | c420 49c7 | 8728 0400 | 0000 0000 | 0049 c787 | 3804 0000 | 0000 0000 | 49c7 8730 
  0x000001d62d51d120: 0400 0000 | 0000 00c5 | f877 4983 | 7f08 000f | 8405 0000 | 00e9 a640 | ffff 4c8b | 6dc0 4c8b 
  0x000001d62d51d140: 75c8 4e8d | 74f5 00c3 | 488b 5de8 | 488b 4358 | 498d 8f48 | 0400 004c | 8d15 d500 | 0000 4d89 
  0x000001d62d51d160: 9730 0400 | 00c5 f877 | 4989 af38 | 0400 0049 | 89a7 2804 | 0000 41c7 | 87d4 0400 | 0004 0000 
  0x000001d62d51d180: 0049 3ba7 | c805 0000 | 7607 4989 | a7c8 0500 | 00ff d049 | 3ba7 c805 | 0000 720b | 49c7 87c8 
  0x000001d62d51d1a0: 0500 0000 | 0000 00c5 | f877 4883 | ec10 c5fb | 1104 2448 | 83ec 1048 | 8904 2448 | c744 2408 
  0x000001d62d51d1c0: 0000 0000 | 41c7 87d4 | 0400 0005 | 0000 00f0 | 8344 24c0 | 0049 3b6f | 280f 870e | 0000 0041 
  0x000001d62d51d1e0: 83bf d004 | 0000 000f | 8420 0000 | 0049 8bcf | 4c8b e448 | 83ec 2048 | 83e4 f048 | b840 ac29 
  0x000001d62d51d200: 48f8 7f00 | 00ff d049 | 8be4 4d33 | e441 c787 | d404 0000 | 0800 0000 | 4d8b 97f0 | 0500 0049 
  0x000001d62d51d220: 83fa 0074 | 3549 c787 | f005 0000 | 0000 0000 | 41ff e249 | ba60 be51 | 2dd6 0100 | 0041 ffd2 
  0x000001d62d51d240: 4883 ec10 | c5fb 1104 | 2448 83ec | 1048 8904 | 2448 c744 | 2408 0000 | 0000 49c7 | 8728 0400 
  0x000001d62d51d260: 0000 0000 | 0049 c787 | 3804 0000 | 0000 0000 | 49c7 8730 | 0400 0000 | 0000 00c5 | f877 4d8b 
  0x000001d62d51d280: 9fb8 0400 | 0041 c783 | 0001 0000 | 0000 0000 | 49bb 5aa7 | 512d d601 | 0000 4c3b | 5d18 0f85 
  0x000001d62d51d2a0: 5501 0000 | 488b 0424 | 4883 c410 | 4885 c00f | 842f 0100 | 00a8 030f | 8508 0000 | 0048 8b00 
  0x000001d62d51d2c0: e91f 0100 | 00a8 010f | 8509 0000 | 0048 8b40 | fee9 0e01 | 0000 488b | 40ff 4180 | 7f48 000f 
  0x000001d62d51d2e0: 84ff 0000 | 0048 83f8 | 000f 84f5 | 0000 004d | 8b5f 384d | 85db 0f84 | 1400 0000 | 4983 eb08 
  0x000001d62d51d300: 4d89 5f38 | 4d03 5f40 | 4989 03e9 | d400 0000 | 4883 ec70 | 4889 0424 | 4889 4c24 | 0848 8954 
  0x000001d62d51d320: 2410 4c89 | 4424 184c | 894c 2420 | 4c89 5424 | 284c 895c | 2430 c5fb | 1144 2440 | c5fb 114c 
  0x000001d62d51d340: 2448 c5fb | 1154 2450 | c5fb 115c | 2458 c5fb | 1164 2460 | c5fb 116c | 2468 498b | d748 8bc8 
  0x000001d62d51d360: 4883 ec20 | 40f6 c40f | 0f84 1900 | 0000 4883 | ec08 48b8 | 2076 1c48 | f87f 0000 | ffd0 4883 
  0x000001d62d51d380: c408 e90c | 0000 0048 | b820 761c | 48f8 7f00 | 00ff d048 | 83c4 20c5 | fb10 6c24 | 68c5 fb10 
  0x000001d62d51d3a0: 6424 60c5 | fb10 5c24 | 58c5 fb10 | 5424 50c5 | fb10 4c24 | 48c5 fb10 | 4424 404c | 8b5c 2430 
  0x000001d62d51d3c0: 4c8b 5424 | 284c 8b4c | 2420 4c8b | 4424 1848 | 8b54 2410 | 488b 4c24 | 0848 8b04 | 2448 83c4 
  0x000001d62d51d3e0: 70c5 f877 | 4889 4510 | 4883 ec10 | 4889 0424 | 48c7 4424 | 0800 0000 | 0041 83bf | 5005 0000 
  0x000001d62d51d400: 020f 85bf | 0000 0048 | 81ec 8000 | 0000 4889 | 4424 7848 | 894c 2470 | 4889 5424 | 6848 895c 
  0x000001d62d51d420: 2460 4889 | 6c24 5048 | 8974 2448 | 4889 7c24 | 404c 8944 | 2438 4c89 | 4c24 304c | 8954 2428 
  0x000001d62d51d440: 4c89 5c24 | 204c 8964 | 2418 4c89 | 6c24 104c | 8974 2408 | 4c89 3c24 | 4c8b e448 | 83ec 2048 
  0x000001d62d51d460: 83e4 f048 | b8f0 f562 | 48f8 7f00 | 00ff d049 | 8be4 4c8b | 3c24 4c8b | 7424 084c | 8b6c 2410 
  0x000001d62d51d480: 4c8b 6424 | 184c 8b5c | 2420 4c8b | 5424 284c | 8b4c 2430 | 4c8b 4424 | 3848 8b7c | 2440 488b 
  0x000001d62d51d4a0: 7424 4848 | 8b6c 2450 | 488b 5c24 | 6048 8b54 | 2468 488b | 4c24 7048 | 8b44 2478 | 4881 c480 
  0x000001d62d51d4c0: 0000 004d | 33e4 488b | 5de8 4c8b | 6b08 4d8d | 6d38 4983 | 7f08 000f | 84bb 0000 | 00e8 0500 
  0x000001d62d51d4e0: 0000 e996 | 0000 0048 | 8d44 2408 | 4c89 6dc0 | 498b cfc5 | f877 4989 | af38 0400 | 0049 8987 
  0x000001d62d51d500: 2804 0000 | 4883 ec20 | 40f6 c40f | 0f84 1900 | 0000 4883 | ec08 48b8 | 5066 2848 | f87f 0000 
  0x000001d62d51d520: ffd0 4883 | c408 e90c | 0000 0048 | b850 6628 | 48f8 7f00 | 00ff d048 | 83c4 2049 | c787 2804 
  0x000001d62d51d540: 0000 0000 | 0000 49c7 | 8738 0400 | 0000 0000 | 0049 c787 | 3004 0000 | 0000 0000 | c5f8 7749 
  0x000001d62d51d560: 837f 0800 | 0f84 0500 | 0000 e971 | 3cff ff4c | 8b6d c04c | 8b75 c84e | 8d74 f500 | c348 b938 
  0x000001d62d51d580: 088c 48f8 | 7f00 0048 | 83e4 f048 | b850 8c4f | 48f8 7f00 | 00ff d0f4 | 440f b75b | 2c41 f6c3 
  0x000001d62d51d5a0: 200f 8472 | 0100 0048 | 8d55 a84c | 8b5a 084d | 85db 0f85 | bb00 0000 | e805 0000 | 00e9 9600 
  0x000001d62d51d5c0: 0000 488d | 4424 084c | 896d c049 | 8bcf c5f8 | 7749 89af | 3804 0000 | 4989 8728 | 0400 0048 
  0x000001d62d51d5e0: 83ec 2040 | f6c4 0f0f | 8419 0000 | 0048 83ec | 0848 b880 | 6528 48f8 | 7f00 00ff | d048 83c4 
  0x000001d62d51d600: 08e9 0c00 | 0000 48b8 | 8065 2848 | f87f 0000 | ffd0 4883 | c420 49c7 | 8728 0400 | 0000 0000 
  0x000001d62d51d620: 0049 c787 | 3804 0000 | 0000 0000 | 49c7 8730 | 0400 0000 | 0000 00c5 | f877 4983 | 7f08 000f 
  0x000001d62d51d640: 8405 0000 | 00e9 963b | ffff 4c8b | 6dc0 4c8b | 75c8 4e8d | 74f5 00c3 | 48b9 3808 | 8c48 f87f 
  0x000001d62d51d660: 0000 4883 | e4f0 48b8 | 508c 4f48 | f87f 0000 | ffd0 f44c | 896d c04c | 8b4a 0848 | c742 0800 
  0x000001d62d51d680: 0000 0045 | 8b87 d806 | 0000 4f3b | 4c07 f80f | 8542 0000 | 0041 83af | d806 0000 | 084f 3b4c 
  0x000001d62d51d6a0: 07f0 0f84 | 2a00 0000 | 498b 01a8 | 020f 8512 | 0000 004c | 8bc0 4983 | c801 f04d | 0fb1 010f 
  0x000001d62d51d6c0: 840d 0000 | 0041 8387 | d806 0000 | 08e9 0500 | 0000 e93e | 0000 004c | 894a 0848 | 8bca 4883 
  0x000001d62d51d6e0: ec20 40f6 | c40f 0f84 | 1900 0000 | 4883 ec08 | 48b8 d037 | 2848 f87f | 0000 ffd0 | 4883 c408 
  0x000001d62d51d700: e90c 0000 | 0048 b8d0 | 3728 48f8 | 7f00 00ff | d048 83c4 | 204c 8b6d | c041 c687 | 9603 0000 
  0x000001d62d51d720: 0149 3b6f | 280f 8705 | 0000 00e9 | ab00 0000 | 4883 ec10 | c5fb 1104 | 2448 83ec | 1048 8904 
  0x000001d62d51d740: 2448 c744 | 2408 0000 | 0000 c5f8 | 7749 89af | 3804 0000 | 49ba 4ad7 | 512d d601 | 0000 4d89 
  0x000001d62d51d760: 9730 0400 | 0049 89a7 | 2804 0000 | 498b cf48 | 83ec 2040 | f6c4 0f0f | 8419 0000 | 0048 83ec 
  0x000001d62d51d780: 0848 b870 | 1e28 48f8 | 7f00 00ff | d048 83c4 | 08e9 0c00 | 0000 48b8 | 701e 2848 | f87f 0000 
  0x000001d62d51d7a0: ffd0 4883 | c420 49c7 | 8728 0400 | 0000 0000 | 0049 c787 | 3804 0000 | 0000 0000 | 49c7 8730 
  0x000001d62d51d7c0: 0400 0000 | 0000 00c5 | f877 488b | 0424 4883 | c410 c5fb | 1004 2448 | 83c4 1048 | 8b04 2448 
  0x000001d62d51d7e0: 83c4 10c5 | fb10 0424 | 4883 c410 | 4c8b 5d18 | 41ff d34c | 8b5d f8c9 | 41c6 8796 | 0300 0000 
  0x000001d62d51d800: 5f49 8be3 | ffe7 ba00 | 0000 00e8 | 0500 0000 | e996 0000 | 0048 8d44 | 2408 4c89 | 6dc0 498b 
  0x000001d62d51d820: cfc5 f877 | 4989 af38 | 0400 0049 | 8987 2804 | 0000 4883 | ec20 40f6 | c40f 0f84 | 1900 0000 
  0x000001d62d51d840: 4883 ec08 | 48b8 c02d | 2848 f87f | 0000 ffd0 | 4883 c408 | e90c 0000 | 0048 b8c0 | 2d28 48f8 
  0x000001d62d51d860: 7f00 00ff | d048 83c4 | 2049 c787 | 2804 0000 | 0000 0000 | 49c7 8738 | 0400 0000 | 0000 0049 
  0x000001d62d51d880: c787 3004 | 0000 0000 | 0000 c5f8 | 7749 837f | 0800 0f84 | 0500 0000 | e943 39ff | ff4c 8b6d 
  0x000001d62d51d8a0: c04c 8b75 | c84e 8d74 | f500 c348 | 8b5d e8e9 | 74f6 ffff | 0f1f 4000 
[/MachCode]

---------------  P R O C E S S  ---------------

Threads class SMR info:
_java_thread_list=0x000001d6424d19a0, length=17, elements={
0x000001d61b341a60, 0x000001d63cc88fc0, 0x000001d63cc89a20, 0x000001d63cc8cf30,
0x000001d63cc8eb00, 0x000001d63cc8f6c0, 0x000001d63cc90280, 0x000001d63cc95ba0,
0x000001d63cc9c090, 0x000001d64106d250, 0x000001d64173a7f0, 0x000001d64184c8f0,
0x000001d641b98d50, 0x000001d64214edd0, 0x000001d642032c00, 0x000001d6422176e0,
0x000001d642264ae0
}

Java Threads: ( => current thread )
  0x000001d61b341a60 JavaThread "main"                              [_thread_blocked, id=21180, stack(0x0000006c97d00000,0x0000006c97e00000) (1024K)]
  0x000001d63cc88fc0 JavaThread "Reference Handler"          daemon [_thread_blocked, id=19300, stack(0x0000006c98500000,0x0000006c98600000) (1024K)]
  0x000001d63cc89a20 JavaThread "Finalizer"                  daemon [_thread_blocked, id=21200, stack(0x0000006c98600000,0x0000006c98700000) (1024K)]
  0x000001d63cc8cf30 JavaThread "Signal Dispatcher"          daemon [_thread_blocked, id=16204, stack(0x0000006c98700000,0x0000006c98800000) (1024K)]
  0x000001d63cc8eb00 JavaThread "Attach Listener"            daemon [_thread_blocked, id=9780, stack(0x0000006c98800000,0x0000006c98900000) (1024K)]
  0x000001d63cc8f6c0 JavaThread "Service Thread"             daemon [_thread_blocked, id=10312, stack(0x0000006c98900000,0x0000006c98a00000) (1024K)]
  0x000001d63cc90280 JavaThread "Monitor Deflation Thread"   daemon [_thread_blocked, id=8004, stack(0x0000006c98a00000,0x0000006c98b00000) (1024K)]
  0x000001d63cc95ba0 JavaThread "C2 CompilerThread0"         daemon [_thread_blocked, id=740, stack(0x0000006c98b00000,0x0000006c98c00000) (1024K)]
  0x000001d63cc9c090 JavaThread "C1 CompilerThread0"         daemon [_thread_blocked, id=8956, stack(0x0000006c98c00000,0x0000006c98d00000) (1024K)]
  0x000001d64106d250 JavaThread "Common-Cleaner"             daemon [_thread_blocked, id=9312, stack(0x0000006c98d00000,0x0000006c98e00000) (1024K)]
  0x000001d64173a7f0 JavaThread "Notification Thread"        daemon [_thread_blocked, id=20856, stack(0x0000006c99000000,0x0000006c99100000) (1024K)]
  0x000001d64184c8f0 JavaThread "JavaFX-Launcher"                   [_thread_blocked, id=2648, stack(0x0000006c99100000,0x0000006c99200000) (1024K)]
=>0x000001d641b98d50 JavaThread "QuantumRenderer-0"          daemon [_thread_in_native, id=11780, stack(0x0000006c98f00000,0x0000006c99000000) (1024K)]
  0x000001d64214edd0 JavaThread "InvokeLaterDispatcher"      daemon [_thread_blocked, id=3452, stack(0x0000006c99200000,0x0000006c99300000) (1024K)]
  0x000001d642032c00 JavaThread "JavaFX Application Thread"         [_thread_blocked, id=20808, stack(0x0000006c99300000,0x0000006c99400000) (1024K)]
  0x000001d6422176e0 JavaThread "Thread-2"                   daemon [_thread_in_native, id=17076, stack(0x0000006c99700000,0x0000006c99800000) (1024K)]
  0x000001d642264ae0 JavaThread "Prism Font Disposer"        daemon [_thread_blocked, id=6628, stack(0x0000006c99800000,0x0000006c99900000) (1024K)]
Total: 17

Other Threads:
  0x000001d63cc73d20 VMThread "VM Thread"                           [id=18740, stack(0x0000006c98400000,0x0000006c98500000) (1024K)]
  0x000001d63cc677b0 WatcherThread "VM Periodic Task Thread"        [id=17704, stack(0x0000006c98300000,0x0000006c98400000) (1024K)]
  0x000001d61d7c0840 WorkerThread "GC Thread#0"                     [id=21836, stack(0x0000006c97e00000,0x0000006c97f00000) (1024K)]
  0x000001d6422ccfd0 WorkerThread "GC Thread#1"                     [id=21084, stack(0x0000006c99c00000,0x0000006c99d00000) (1024K)]
  0x000001d6422ca4b0 WorkerThread "GC Thread#2"                     [id=19572, stack(0x0000006c99d00000,0x0000006c99e00000) (1024K)]
  0x000001d6422cb1a0 WorkerThread "GC Thread#3"                     [id=6308, stack(0x0000006c99e00000,0x0000006c99f00000) (1024K)]
  0x000001d6422cd420 WorkerThread "GC Thread#4"                     [id=21192, stack(0x0000006c99f00000,0x0000006c9a000000) (1024K)]
  0x000001d6422cb5f0 WorkerThread "GC Thread#5"                     [id=9700, stack(0x0000006c9a000000,0x0000006c9a100000) (1024K)]
  0x000001d61d7d9f60 ConcurrentGCThread "G1 Main Marker"            [id=21384, stack(0x0000006c97f00000,0x0000006c98000000) (1024K)]
  0x000001d61d7dab00 WorkerThread "G1 Conc#0"                       [id=20988, stack(0x0000006c98000000,0x0000006c98100000) (1024K)]
  0x000001d61d81e9e0 ConcurrentGCThread "G1 Refine#0"               [id=11572, stack(0x0000006c98100000,0x0000006c98200000) (1024K)]
  0x000001d63cb38720 ConcurrentGCThread "G1 Service"                [id=15156, stack(0x0000006c98200000,0x0000006c98300000) (1024K)]
Total: 12

Threads with active compile tasks:
Total: 0

VM state: not at safepoint (normal execution)

VM Mutex/Monitor currently owned by a thread: None

Heap address: 0x0000000701e00000, size: 4066 MB, Compressed Oops mode: Zero based, Oop shift amount: 3

CDS archive(s) mapped at: [0x0000000019000000-0x0000000019dd0000-0x0000000019dd0000), size 14483456, SharedBaseAddress: 0x0000000019000000, ArchiveRelocationMode: 1.
Compressed class space mapped at: 0x000000001a000000-0x000000005a000000, reserved size: 1073741824
UseCompressedClassPointers 1, UseCompactObjectHeaders 0
Narrow klass pointer bits 32, Max shift 3
Narrow klass base: 0x0000000019000000, Narrow klass shift: 0
Encoding Range: [0x0000000019000000 - 0x0000000119000000), (4294967296 bytes)
Klass Range:    [0x0000000019010000 - 0x000000005a000000), (1090453504 bytes)
Klass ID Range:  [65536 - 1090519033) (1090453497)
Protection zone: [0x0000000019000000 - 0x0000000019010000), (65536 bytes)

GC Precious Log:
 CardTable entry size: 512
 Card Set container configuration: InlinePtr #cards 4 size 8 Array Of Cards #cards 16 size 48 Howl #buckets 8 coarsen threshold 3686 Howl Bitmap #cards 512 size 80 coarsen threshold 460 Card regions per heap region 1 cards per card region 4096
 CPUs: 8 total, 8 available
 Memory: 16262M
 Large Page Support: Disabled
 NUMA Support: Disabled
 Compressed Oops: Enabled (Zero based)
 Heap Region Size: 2M
 Heap Min Capacity: 8M
 Heap Initial Capacity: 256M
 Heap Max Capacity: 4066M
 Pre-touch: Disabled
 Parallel Workers: 8
 Concurrent Workers: 2
 Concurrent Refinement Workers: 8
 Periodic GC: Disabled

Heap:
 garbage-first heap   total reserved 4163584K, committed 264192K, used 21994K [0x0000000701e00000, 0x0000000800000000)
  region size 2048K, 13 young (26624K), 3 survivors (6144K)

Heap Regions: E=young(eden), S=young(survivor), O=old, HS=humongous(starts), HC=humongous(continues), CS=collection set, F=free, TAMS=top-at-mark-start, PB=parsable bottom
|   0|0x0000000701e00000, 0x0000000701e00000, 0x0000000702000000|  0%| F|  |TAMS 0x0000000701e00000| PB 0x0000000701e00000| Untracked |  0
|   1|0x0000000702000000, 0x0000000702000000, 0x0000000702200000|  0%| F|  |TAMS 0x0000000702000000| PB 0x0000000702000000| Untracked |  0
|   2|0x0000000702200000, 0x0000000702200000, 0x0000000702400000|  0%| F|  |TAMS 0x0000000702200000| PB 0x0000000702200000| Untracked |  0
|   3|0x0000000702400000, 0x0000000702400000, 0x0000000702600000|  0%| F|  |TAMS 0x0000000702400000| PB 0x0000000702400000| Untracked |  0
|   4|0x0000000702600000, 0x0000000702600000, 0x0000000702800000|  0%| F|  |TAMS 0x0000000702600000| PB 0x0000000702600000| Untracked |  0
|   5|0x0000000702800000, 0x0000000702800000, 0x0000000702a00000|  0%| F|  |TAMS 0x0000000702800000| PB 0x0000000702800000| Untracked |  0
|   6|0x0000000702a00000, 0x0000000702a00000, 0x0000000702c00000|  0%| F|  |TAMS 0x0000000702a00000| PB 0x0000000702a00000| Untracked |  0
|   7|0x0000000702c00000, 0x0000000702c00000, 0x0000000702e00000|  0%| F|  |TAMS 0x0000000702c00000| PB 0x0000000702c00000| Untracked |  0
|   8|0x0000000702e00000, 0x0000000702e00000, 0x0000000703000000|  0%| F|  |TAMS 0x0000000702e00000| PB 0x0000000702e00000| Untracked |  0
|   9|0x0000000703000000, 0x0000000703000000, 0x0000000703200000|  0%| F|  |TAMS 0x0000000703000000| PB 0x0000000703000000| Untracked |  0
|  10|0x0000000703200000, 0x0000000703200000, 0x0000000703400000|  0%| F|  |TAMS 0x0000000703200000| PB 0x0000000703200000| Untracked |  0
|  11|0x0000000703400000, 0x0000000703400000, 0x0000000703600000|  0%| F|  |TAMS 0x0000000703400000| PB 0x0000000703400000| Untracked |  0
|  12|0x0000000703600000, 0x0000000703600000, 0x0000000703800000|  0%| F|  |TAMS 0x0000000703600000| PB 0x0000000703600000| Untracked |  0
|  13|0x0000000703800000, 0x0000000703800000, 0x0000000703a00000|  0%| F|  |TAMS 0x0000000703800000| PB 0x0000000703800000| Untracked |  0
|  14|0x0000000703a00000, 0x0000000703a00000, 0x0000000703c00000|  0%| F|  |TAMS 0x0000000703a00000| PB 0x0000000703a00000| Untracked |  0
|  15|0x0000000703c00000, 0x0000000703c00000, 0x0000000703e00000|  0%| F|  |TAMS 0x0000000703c00000| PB 0x0000000703c00000| Untracked |  0
|  16|0x0000000703e00000, 0x0000000703e00000, 0x0000000704000000|  0%| F|  |TAMS 0x0000000703e00000| PB 0x0000000703e00000| Untracked |  0
|  17|0x0000000704000000, 0x0000000704000000, 0x0000000704200000|  0%| F|  |TAMS 0x0000000704000000| PB 0x0000000704000000| Untracked |  0
|  18|0x0000000704200000, 0x0000000704200000, 0x0000000704400000|  0%| F|  |TAMS 0x0000000704200000| PB 0x0000000704200000| Untracked |  0
|  19|0x0000000704400000, 0x0000000704400000, 0x0000000704600000|  0%| F|  |TAMS 0x0000000704400000| PB 0x0000000704400000| Untracked |  0
|  20|0x0000000704600000, 0x0000000704600000, 0x0000000704800000|  0%| F|  |TAMS 0x0000000704600000| PB 0x0000000704600000| Untracked |  0
|  21|0x0000000704800000, 0x0000000704800000, 0x0000000704a00000|  0%| F|  |TAMS 0x0000000704800000| PB 0x0000000704800000| Untracked |  0
|  22|0x0000000704a00000, 0x0000000704a00000, 0x0000000704c00000|  0%| F|  |TAMS 0x0000000704a00000| PB 0x0000000704a00000| Untracked |  0
|  23|0x0000000704c00000, 0x0000000704c00000, 0x0000000704e00000|  0%| F|  |TAMS 0x0000000704c00000| PB 0x0000000704c00000| Untracked |  0
|  24|0x0000000704e00000, 0x0000000704e00000, 0x0000000705000000|  0%| F|  |TAMS 0x0000000704e00000| PB 0x0000000704e00000| Untracked |  0
|  25|0x0000000705000000, 0x0000000705000000, 0x0000000705200000|  0%| F|  |TAMS 0x0000000705000000| PB 0x0000000705000000| Untracked |  0
|  26|0x0000000705200000, 0x0000000705200000, 0x0000000705400000|  0%| F|  |TAMS 0x0000000705200000| PB 0x0000000705200000| Untracked |  0
|  27|0x0000000705400000, 0x0000000705400000, 0x0000000705600000|  0%| F|  |TAMS 0x0000000705400000| PB 0x0000000705400000| Untracked |  0
|  28|0x0000000705600000, 0x0000000705600000, 0x0000000705800000|  0%| F|  |TAMS 0x0000000705600000| PB 0x0000000705600000| Untracked |  0
|  29|0x0000000705800000, 0x0000000705800000, 0x0000000705a00000|  0%| F|  |TAMS 0x0000000705800000| PB 0x0000000705800000| Untracked |  0
|  30|0x0000000705a00000, 0x0000000705a00000, 0x0000000705c00000|  0%| F|  |TAMS 0x0000000705a00000| PB 0x0000000705a00000| Untracked |  0
|  31|0x0000000705c00000, 0x0000000705c00000, 0x0000000705e00000|  0%| F|  |TAMS 0x0000000705c00000| PB 0x0000000705c00000| Untracked |  0
|  32|0x0000000705e00000, 0x0000000705e00000, 0x0000000706000000|  0%| F|  |TAMS 0x0000000705e00000| PB 0x0000000705e00000| Untracked |  0
|  33|0x0000000706000000, 0x0000000706000000, 0x0000000706200000|  0%| F|  |TAMS 0x0000000706000000| PB 0x0000000706000000| Untracked |  0
|  34|0x0000000706200000, 0x0000000706200000, 0x0000000706400000|  0%| F|  |TAMS 0x0000000706200000| PB 0x0000000706200000| Untracked |  0
|  35|0x0000000706400000, 0x0000000706400000, 0x0000000706600000|  0%| F|  |TAMS 0x0000000706400000| PB 0x0000000706400000| Untracked |  0
|  36|0x0000000706600000, 0x0000000706600000, 0x0000000706800000|  0%| F|  |TAMS 0x0000000706600000| PB 0x0000000706600000| Untracked |  0
|  37|0x0000000706800000, 0x0000000706800000, 0x0000000706a00000|  0%| F|  |TAMS 0x0000000706800000| PB 0x0000000706800000| Untracked |  0
|  38|0x0000000706a00000, 0x0000000706a00000, 0x0000000706c00000|  0%| F|  |TAMS 0x0000000706a00000| PB 0x0000000706a00000| Untracked |  0
|  39|0x0000000706c00000, 0x0000000706c00000, 0x0000000706e00000|  0%| F|  |TAMS 0x0000000706c00000| PB 0x0000000706c00000| Untracked |  0
|  40|0x0000000706e00000, 0x0000000706e00000, 0x0000000707000000|  0%| F|  |TAMS 0x0000000706e00000| PB 0x0000000706e00000| Untracked |  0
|  41|0x0000000707000000, 0x0000000707000000, 0x0000000707200000|  0%| F|  |TAMS 0x0000000707000000| PB 0x0000000707000000| Untracked |  0
|  42|0x0000000707200000, 0x0000000707200000, 0x0000000707400000|  0%| F|  |TAMS 0x0000000707200000| PB 0x0000000707200000| Untracked |  0
|  43|0x0000000707400000, 0x0000000707400000, 0x0000000707600000|  0%| F|  |TAMS 0x0000000707400000| PB 0x0000000707400000| Untracked |  0
|  44|0x0000000707600000, 0x0000000707600000, 0x0000000707800000|  0%| F|  |TAMS 0x0000000707600000| PB 0x0000000707600000| Untracked |  0
|  45|0x0000000707800000, 0x0000000707800000, 0x0000000707a00000|  0%| F|  |TAMS 0x0000000707800000| PB 0x0000000707800000| Untracked |  0
|  46|0x0000000707a00000, 0x0000000707a00000, 0x0000000707c00000|  0%| F|  |TAMS 0x0000000707a00000| PB 0x0000000707a00000| Untracked |  0
|  47|0x0000000707c00000, 0x0000000707c00000, 0x0000000707e00000|  0%| F|  |TAMS 0x0000000707c00000| PB 0x0000000707c00000| Untracked |  0
|  48|0x0000000707e00000, 0x0000000707e00000, 0x0000000708000000|  0%| F|  |TAMS 0x0000000707e00000| PB 0x0000000707e00000| Untracked |  0
|  49|0x0000000708000000, 0x0000000708000000, 0x0000000708200000|  0%| F|  |TAMS 0x0000000708000000| PB 0x0000000708000000| Untracked |  0
|  50|0x0000000708200000, 0x0000000708200000, 0x0000000708400000|  0%| F|  |TAMS 0x0000000708200000| PB 0x0000000708200000| Untracked |  0
|  51|0x0000000708400000, 0x0000000708400000, 0x0000000708600000|  0%| F|  |TAMS 0x0000000708400000| PB 0x0000000708400000| Untracked |  0
|  52|0x0000000708600000, 0x0000000708600000, 0x0000000708800000|  0%| F|  |TAMS 0x0000000708600000| PB 0x0000000708600000| Untracked |  0
|  53|0x0000000708800000, 0x0000000708800000, 0x0000000708a00000|  0%| F|  |TAMS 0x0000000708800000| PB 0x0000000708800000| Untracked |  0
|  54|0x0000000708a00000, 0x0000000708a00000, 0x0000000708c00000|  0%| F|  |TAMS 0x0000000708a00000| PB 0x0000000708a00000| Untracked |  0
|  55|0x0000000708c00000, 0x0000000708c00000, 0x0000000708e00000|  0%| F|  |TAMS 0x0000000708c00000| PB 0x0000000708c00000| Untracked |  0
|  56|0x0000000708e00000, 0x0000000708e00000, 0x0000000709000000|  0%| F|  |TAMS 0x0000000708e00000| PB 0x0000000708e00000| Untracked |  0
|  57|0x0000000709000000, 0x0000000709000000, 0x0000000709200000|  0%| F|  |TAMS 0x0000000709000000| PB 0x0000000709000000| Untracked |  0
|  58|0x0000000709200000, 0x0000000709200000, 0x0000000709400000|  0%| F|  |TAMS 0x0000000709200000| PB 0x0000000709200000| Untracked |  0
|  59|0x0000000709400000, 0x0000000709400000, 0x0000000709600000|  0%| F|  |TAMS 0x0000000709400000| PB 0x0000000709400000| Untracked |  0
|  60|0x0000000709600000, 0x0000000709600000, 0x0000000709800000|  0%| F|  |TAMS 0x0000000709600000| PB 0x0000000709600000| Untracked |  0
|  61|0x0000000709800000, 0x0000000709800000, 0x0000000709a00000|  0%| F|  |TAMS 0x0000000709800000| PB 0x0000000709800000| Untracked |  0
|  62|0x0000000709a00000, 0x0000000709a00000, 0x0000000709c00000|  0%| F|  |TAMS 0x0000000709a00000| PB 0x0000000709a00000| Untracked |  0
|  63|0x0000000709c00000, 0x0000000709c00000, 0x0000000709e00000|  0%| F|  |TAMS 0x0000000709c00000| PB 0x0000000709c00000| Untracked |  0
|  64|0x0000000709e00000, 0x0000000709e00000, 0x000000070a000000|  0%| F|  |TAMS 0x0000000709e00000| PB 0x0000000709e00000| Untracked |  0
|  65|0x000000070a000000, 0x000000070a000000, 0x000000070a200000|  0%| F|  |TAMS 0x000000070a000000| PB 0x000000070a000000| Untracked |  0
|  66|0x000000070a200000, 0x000000070a200000, 0x000000070a400000|  0%| F|  |TAMS 0x000000070a200000| PB 0x000000070a200000| Untracked |  0
|  67|0x000000070a400000, 0x000000070a400000, 0x000000070a600000|  0%| F|  |TAMS 0x000000070a400000| PB 0x000000070a400000| Untracked |  0
|  68|0x000000070a600000, 0x000000070a600000, 0x000000070a800000|  0%| F|  |TAMS 0x000000070a600000| PB 0x000000070a600000| Untracked |  0
|  69|0x000000070a800000, 0x000000070a800000, 0x000000070aa00000|  0%| F|  |TAMS 0x000000070a800000| PB 0x000000070a800000| Untracked |  0
|  70|0x000000070aa00000, 0x000000070aa00000, 0x000000070ac00000|  0%| F|  |TAMS 0x000000070aa00000| PB 0x000000070aa00000| Untracked |  0
|  71|0x000000070ac00000, 0x000000070ac00000, 0x000000070ae00000|  0%| F|  |TAMS 0x000000070ac00000| PB 0x000000070ac00000| Untracked |  0
|  72|0x000000070ae00000, 0x000000070ae00000, 0x000000070b000000|  0%| F|  |TAMS 0x000000070ae00000| PB 0x000000070ae00000| Untracked |  0
|  73|0x000000070b000000, 0x000000070b000000, 0x000000070b200000|  0%| F|  |TAMS 0x000000070b000000| PB 0x000000070b000000| Untracked |  0
|  74|0x000000070b200000, 0x000000070b200000, 0x000000070b400000|  0%| F|  |TAMS 0x000000070b200000| PB 0x000000070b200000| Untracked |  0
|  75|0x000000070b400000, 0x000000070b400000, 0x000000070b600000|  0%| F|  |TAMS 0x000000070b400000| PB 0x000000070b400000| Untracked |  0
|  76|0x000000070b600000, 0x000000070b600000, 0x000000070b800000|  0%| F|  |TAMS 0x000000070b600000| PB 0x000000070b600000| Untracked |  0
|  77|0x000000070b800000, 0x000000070b800000, 0x000000070ba00000|  0%| F|  |TAMS 0x000000070b800000| PB 0x000000070b800000| Untracked |  0
|  78|0x000000070ba00000, 0x000000070ba00000, 0x000000070bc00000|  0%| F|  |TAMS 0x000000070ba00000| PB 0x000000070ba00000| Untracked |  0
|  79|0x000000070bc00000, 0x000000070bc00000, 0x000000070be00000|  0%| F|  |TAMS 0x000000070bc00000| PB 0x000000070bc00000| Untracked |  0
|  80|0x000000070be00000, 0x000000070be00000, 0x000000070c000000|  0%| F|  |TAMS 0x000000070be00000| PB 0x000000070be00000| Untracked |  0
|  81|0x000000070c000000, 0x000000070c000000, 0x000000070c200000|  0%| F|  |TAMS 0x000000070c000000| PB 0x000000070c000000| Untracked |  0
|  82|0x000000070c200000, 0x000000070c200000, 0x000000070c400000|  0%| F|  |TAMS 0x000000070c200000| PB 0x000000070c200000| Untracked |  0
|  83|0x000000070c400000, 0x000000070c400000, 0x000000070c600000|  0%| F|  |TAMS 0x000000070c400000| PB 0x000000070c400000| Untracked |  0
|  84|0x000000070c600000, 0x000000070c600000, 0x000000070c800000|  0%| F|  |TAMS 0x000000070c600000| PB 0x000000070c600000| Untracked |  0
|  85|0x000000070c800000, 0x000000070c800000, 0x000000070ca00000|  0%| F|  |TAMS 0x000000070c800000| PB 0x000000070c800000| Untracked |  0
|  86|0x000000070ca00000, 0x000000070ca00000, 0x000000070cc00000|  0%| F|  |TAMS 0x000000070ca00000| PB 0x000000070ca00000| Untracked |  0
|  87|0x000000070cc00000, 0x000000070cc00000, 0x000000070ce00000|  0%| F|  |TAMS 0x000000070cc00000| PB 0x000000070cc00000| Untracked |  0
|  88|0x000000070ce00000, 0x000000070ce00000, 0x000000070d000000|  0%| F|  |TAMS 0x000000070ce00000| PB 0x000000070ce00000| Untracked |  0
|  89|0x000000070d000000, 0x000000070d000000, 0x000000070d200000|  0%| F|  |TAMS 0x000000070d000000| PB 0x000000070d000000| Untracked |  0
|  90|0x000000070d200000, 0x000000070d200000, 0x000000070d400000|  0%| F|  |TAMS 0x000000070d200000| PB 0x000000070d200000| Untracked |  0
|  91|0x000000070d400000, 0x000000070d400000, 0x000000070d600000|  0%| F|  |TAMS 0x000000070d400000| PB 0x000000070d400000| Untracked |  0
|  92|0x000000070d600000, 0x000000070d600000, 0x000000070d800000|  0%| F|  |TAMS 0x000000070d600000| PB 0x000000070d600000| Untracked |  0
|  93|0x000000070d800000, 0x000000070d800000, 0x000000070da00000|  0%| F|  |TAMS 0x000000070d800000| PB 0x000000070d800000| Untracked |  0
|  94|0x000000070da00000, 0x000000070da00000, 0x000000070dc00000|  0%| F|  |TAMS 0x000000070da00000| PB 0x000000070da00000| Untracked |  0
|  95|0x000000070dc00000, 0x000000070dc00000, 0x000000070de00000|  0%| F|  |TAMS 0x000000070dc00000| PB 0x000000070dc00000| Untracked |  0
|  96|0x000000070de00000, 0x000000070de00000, 0x000000070e000000|  0%| F|  |TAMS 0x000000070de00000| PB 0x000000070de00000| Untracked |  0
|  97|0x000000070e000000, 0x000000070e000000, 0x000000070e200000|  0%| F|  |TAMS 0x000000070e000000| PB 0x000000070e000000| Untracked |  0
|  98|0x000000070e200000, 0x000000070e200000, 0x000000070e400000|  0%| F|  |TAMS 0x000000070e200000| PB 0x000000070e200000| Untracked |  0
|  99|0x000000070e400000, 0x000000070e400000, 0x000000070e600000|  0%| F|  |TAMS 0x000000070e400000| PB 0x000000070e400000| Untracked |  0
| 100|0x000000070e600000, 0x000000070e600000, 0x000000070e800000|  0%| F|  |TAMS 0x000000070e600000| PB 0x000000070e600000| Untracked |  0
| 101|0x000000070e800000, 0x000000070e855540, 0x000000070ea00000| 16%| S|CS|TAMS 0x000000070e800000| PB 0x000000070e800000| Complete |  0
| 102|0x000000070ea00000, 0x000000070ec00000, 0x000000070ec00000|100%| S|CS|TAMS 0x000000070ea00000| PB 0x000000070ea00000| Complete |  0
| 103|0x000000070ec00000, 0x000000070ee00000, 0x000000070ee00000|100%| S|CS|TAMS 0x000000070ec00000| PB 0x000000070ec00000| Complete |  0
| 104|0x000000070ee00000, 0x000000070ee00000, 0x000000070f000000|  0%| F|  |TAMS 0x000000070ee00000| PB 0x000000070ee00000| Untracked |  0
| 105|0x000000070f000000, 0x000000070f000000, 0x000000070f200000|  0%| F|  |TAMS 0x000000070f000000| PB 0x000000070f000000| Untracked |  0
| 106|0x000000070f200000, 0x000000070f200000, 0x000000070f400000|  0%| F|  |TAMS 0x000000070f200000| PB 0x000000070f200000| Untracked |  0
| 107|0x000000070f400000, 0x000000070f400000, 0x000000070f600000|  0%| F|  |TAMS 0x000000070f400000| PB 0x000000070f400000| Untracked |  0
| 108|0x000000070f600000, 0x000000070f600000, 0x000000070f800000|  0%| F|  |TAMS 0x000000070f600000| PB 0x000000070f600000| Untracked |  0
| 109|0x000000070f800000, 0x000000070f800000, 0x000000070fa00000|  0%| F|  |TAMS 0x000000070f800000| PB 0x000000070f800000| Untracked |  0
| 110|0x000000070fa00000, 0x000000070fa00000, 0x000000070fc00000|  0%| F|  |TAMS 0x000000070fa00000| PB 0x000000070fa00000| Untracked |  0
| 111|0x000000070fc00000, 0x000000070fc00000, 0x000000070fe00000|  0%| F|  |TAMS 0x000000070fc00000| PB 0x000000070fc00000| Untracked |  0
| 112|0x000000070fe00000, 0x000000070fe00000, 0x0000000710000000|  0%| F|  |TAMS 0x000000070fe00000| PB 0x000000070fe00000| Untracked |  0
| 113|0x0000000710000000, 0x0000000710000000, 0x0000000710200000|  0%| F|  |TAMS 0x0000000710000000| PB 0x0000000710000000| Untracked |  0
| 114|0x0000000710200000, 0x0000000710200000, 0x0000000710400000|  0%| F|  |TAMS 0x0000000710200000| PB 0x0000000710200000| Untracked |  0
| 115|0x0000000710400000, 0x0000000710400000, 0x0000000710600000|  0%| F|  |TAMS 0x0000000710400000| PB 0x0000000710400000| Untracked |  0
| 116|0x0000000710600000, 0x0000000710600000, 0x0000000710800000|  0%| F|  |TAMS 0x0000000710600000| PB 0x0000000710600000| Untracked |  0
| 117|0x0000000710800000, 0x0000000710800000, 0x0000000710a00000|  0%| F|  |TAMS 0x0000000710800000| PB 0x0000000710800000| Untracked |  0
| 118|0x0000000710a00000, 0x0000000710b92570, 0x0000000710c00000| 78%| E|  |TAMS 0x0000000710a00000| PB 0x0000000710a00000| Complete |  0
| 119|0x0000000710c00000, 0x0000000710e00000, 0x0000000710e00000|100%| E|  |TAMS 0x0000000710c00000| PB 0x0000000710c00000| Complete |  0
| 120|0x0000000710e00000, 0x0000000711000000, 0x0000000711000000|100%| E|CS|TAMS 0x0000000710e00000| PB 0x0000000710e00000| Complete |  0
| 121|0x0000000711000000, 0x0000000711200000, 0x0000000711200000|100%| E|CS|TAMS 0x0000000711000000| PB 0x0000000711000000| Complete |  0
| 122|0x0000000711200000, 0x0000000711400000, 0x0000000711400000|100%| E|CS|TAMS 0x0000000711200000| PB 0x0000000711200000| Complete |  0
| 123|0x0000000711400000, 0x0000000711600000, 0x0000000711600000|100%| E|CS|TAMS 0x0000000711400000| PB 0x0000000711400000| Complete |  0
| 124|0x0000000711600000, 0x0000000711800000, 0x0000000711800000|100%| E|CS|TAMS 0x0000000711600000| PB 0x0000000711600000| Complete |  0
| 125|0x0000000711800000, 0x0000000711a00000, 0x0000000711a00000|100%| E|CS|TAMS 0x0000000711800000| PB 0x0000000711800000| Complete |  0
| 126|0x0000000711a00000, 0x0000000711c00000, 0x0000000711c00000|100%| E|CS|TAMS 0x0000000711a00000| PB 0x0000000711a00000| Complete |  0
| 127|0x0000000711c00000, 0x0000000711e00000, 0x0000000711e00000|100%| E|CS|TAMS 0x0000000711c00000| PB 0x0000000711c00000| Complete |  0
|2032|0x00000007ffe00000, 0x00000007fff25608, 0x0000000800000000| 57%| O|  |TAMS 0x00000007ffe00000| PB 0x00000007ffe00000| Untracked |  0

Card table byte_map: [0x000001d635b20000,0x000001d636320000] _byte_map_base: 0x000001d632311000

Marking Bits: (CMBitMap*) 0x000001d61d7c0fe0
 Bits: [0x000001d636320000, 0x000001d63a2a8000)

Polling page: 0x000001d61b5b0000

Metaspace:
Metaspace        used 12250K, committed 12480K, reserved 1114112K
 class space     used 1720K, committed 1792K, reserved 1048576K

Usage:
  Non-class:     10.28 MB used.
      Class:      1.68 MB used.
       Both:     11.96 MB used.

Virtual space:
  Non-class space:       64.00 MB reserved,      10.44 MB ( 16%) committed,  1 nodes.
      Class space:        1.00 GB reserved,       1.75 MB ( <1%) committed,  1 nodes.
             Both:        1.06 GB reserved,      12.19 MB (  1%) committed. 

Chunk freelists:
   Non-Class:  4.25 MB
       Class:  14.22 MB
        Both:  18.46 MB

MaxMetaspaceSize: unlimited
CompressedClassSpaceSize: 1.00 GB
Initial GC threshold: 21.00 MB
Current GC threshold: 21.00 MB
CDS: on
 - commit_granule_bytes: 65536.
 - commit_granule_words: 8192.
 - virtual_space_node_default_size: 8388608.
 - enlarge_chunks_in_place: 1.
UseCompressedClassPointers 1, UseCompactObjectHeaders 0
Narrow klass pointer bits 32, Max shift 3
Narrow klass base: 0x0000000019000000, Narrow klass shift: 0
Encoding Range: [0x0000000019000000 - 0x0000000119000000), (4294967296 bytes)
Klass Range:    [0x0000000019010000 - 0x000000005a000000), (1090453504 bytes)
Klass ID Range:  [65536 - 1090519033) (1090453497)
Protection zone: [0x0000000019000000 - 0x0000000019010000), (65536 bytes)


Internal statistics:

num_allocs_failed_limit: 0.
num_arena_births: 98.
num_arena_deaths: 0.
num_vsnodes_births: 2.
num_vsnodes_deaths: 0.
num_space_committed: 195.
num_space_uncommitted: 0.
num_chunks_returned_to_freelist: 0.
num_chunks_taken_from_freelist: 499.
num_chunk_merges: 0.
num_chunk_splits: 355.
num_chunks_enlarged: 306.
num_inconsistent_stats: 0.

CodeHeap 'non-profiled nmethods': size=120064Kb used=506Kb max_used=506Kb free=119557Kb
 bounds [0x000001d62daa0000, 0x000001d62dd10000, 0x000001d634fe0000]
CodeHeap 'profiled nmethods': size=120000Kb used=2868Kb max_used=2868Kb free=117131Kb
 bounds [0x000001d625fe0000, 0x000001d6262b0000, 0x000001d62d510000]
CodeHeap 'non-nmethods': size=5696Kb used=1630Kb max_used=1647Kb free=4065Kb
 bounds [0x000001d62d510000, 0x000001d62d780000, 0x000001d62daa0000]
CodeCache: size=245760Kb, used=5004Kb, max_used=5021Kb, free=240753Kb
 total_blobs=2611, nmethods=1854, adapters=661, full_count=0
Compilation: enabled, stopped_count=0, restarted_count=0

Compilation events (20 events):
Event: 1.444 Thread 0x000001d63cc9c090 1845       3       java.lang.invoke.MethodHandle::isAncestorLoaderOf (35 bytes)
Event: 1.444 Thread 0x000001d63cc9c090 nmethod 1845 0x000001d6262aa588 code [0x000001d6262aa680, 0x000001d6262aacd8]
Event: 1.446 Thread 0x000001d63cc95ba0 nmethod 1837 0x000001d62db1be08 code [0x000001d62db1bf00, 0x000001d62db1c7b8]
Event: 1.447 Thread 0x000001d63cc95ba0 1838       4       jdk.internal.classfile.impl.BufWriterImpl::writeUtfEntry (144 bytes)
Event: 1.448 Thread 0x000001d63cc9c090 1848       1       jdk.internal.classfile.impl.AnnotationImpl::elements (5 bytes)
Event: 1.448 Thread 0x000001d63cc9c090 nmethod 1848 0x000001d62db1c808 code [0x000001d62db1c900, 0x000001d62db1c9c8]
Event: 1.448 Thread 0x000001d63cc9c090 1849       1       jdk.internal.classfile.impl.AnnotationImpl::className (5 bytes)
Event: 1.448 Thread 0x000001d63cc9c090 nmethod 1849 0x000001d62db1cb08 code [0x000001d62db1cc00, 0x000001d62db1ccc8]
Event: 1.460 Thread 0x000001d63cc9c090 1851       3       jdk.internal.loader.NativeLibraries::find (70 bytes)
Event: 1.461 Thread 0x000001d63cc9c090 nmethod 1851 0x000001d6262aad08 code [0x000001d6262aae00, 0x000001d6262ab5d0]
Event: 1.463 Thread 0x000001d63cc95ba0 nmethod 1838 0x000001d62db1ce08 code [0x000001d62db1cf00, 0x000001d62db1d6f0]
Event: 1.463 Thread 0x000001d63cc95ba0 1850   !   4       java.util.WeakHashMap::expungeStaleEntries (139 bytes)
Event: 1.476 Thread 0x000001d63cc95ba0 nmethod 1850 0x000001d62db1d708 code [0x000001d62db1d800, 0x000001d62db1e260]
Event: 1.503 Thread 0x000001d63cc95ba0 1852       4       java.util.WeakHashMap::hash (28 bytes)
Event: 1.504 Thread 0x000001d63cc95ba0 nmethod 1852 0x000001d62db1e288 code [0x000001d62db1e380, 0x000001d62db1e4a8]
Event: 1.505 Thread 0x000001d63cc9c090 1853       3       java.lang.PublicMethods$Key::matches (31 bytes)
Event: 1.505 Thread 0x000001d63cc9c090 nmethod 1853 0x000001d6262ab608 code [0x000001d6262ab700, 0x000001d6262abb20]
Event: 1.505 Thread 0x000001d63cc9c090 1854       1       java.lang.reflect.Method::getDeclaringClass (5 bytes)
Event: 1.505 Thread 0x000001d63cc9c090 nmethod 1854 0x000001d62db1e588 code [0x000001d62db1e680, 0x000001d62db1e748]
Event: 1.506 Thread 0x000001d63cc9c090 1855       3       java.lang.invoke.InvokerBytecodeGenerator::emitImplicitConversion (166 bytes)

GC Heap Usage History (2 events):
Event: 1.149 {heap Before GC invocations=0 (full 0):
 garbage-first heap   total reserved 4163584K, committed 264192K, used 48277K [0x0000000701e00000, 0x0000000800000000)
  region size 2048K, 24 young (49152K), 0 survivors (0K)
}
Event: 1.155 {heap After GC invocations=1 (full 0):
 garbage-first heap   total reserved 4163584K, committed 264192K, used 5610K [0x0000000701e00000, 0x0000000800000000)
  region size 2048K, 3 young (6144K), 3 survivors (6144K)
}

Metaspace Usage History (2 events):
Event: 1.149 {metaspace Before GC invocations=0 (full 0):
 Metaspace       used 9240K, committed 9408K, reserved 1114112K
  class space    used 1108K, committed 1216K, reserved 1048576K
}
Event: 1.155 {metaspace After GC invocations=1 (full 0):
 Metaspace       used 9240K, committed 9408K, reserved 1114112K
  class space    used 1108K, committed 1216K, reserved 1048576K
}

Dll operation events (20 events):
Event: 0.428 Loaded shared library C:\Users\bryan\.openjfx\cache\21.0.6+3\amd64\api-ms-win-crt-locale-l1-1-0.dll
Event: 0.434 Loaded shared library C:\Users\bryan\.openjfx\cache\21.0.6+3\amd64\api-ms-win-crt-math-l1-1-0.dll
Event: 0.439 Loaded shared library C:\Users\bryan\.openjfx\cache\21.0.6+3\amd64\api-ms-win-crt-multibyte-l1-1-0.dll
Event: 0.445 Loaded shared library C:\Users\bryan\.openjfx\cache\21.0.6+3\amd64\api-ms-win-crt-private-l1-1-0.dll
Event: 0.450 Loaded shared library C:\Users\bryan\.openjfx\cache\21.0.6+3\amd64\api-ms-win-crt-process-l1-1-0.dll
Event: 0.455 Loaded shared library C:\Users\bryan\.openjfx\cache\21.0.6+3\amd64\api-ms-win-crt-runtime-l1-1-0.dll
Event: 0.460 Loaded shared library C:\Users\bryan\.openjfx\cache\21.0.6+3\amd64\api-ms-win-crt-stdio-l1-1-0.dll
Event: 0.464 Loaded shared library C:\Users\bryan\.openjfx\cache\21.0.6+3\amd64\api-ms-win-crt-string-l1-1-0.dll
Event: 0.468 Loaded shared library C:\Users\bryan\.openjfx\cache\21.0.6+3\amd64\api-ms-win-crt-time-l1-1-0.dll
Event: 0.472 Loaded shared library C:\Users\bryan\.openjfx\cache\21.0.6+3\amd64\api-ms-win-crt-utility-l1-1-0.dll
Event: 0.487 Loaded shared library C:\Users\bryan\.openjfx\cache\21.0.6+3\amd64\ucrtbase.dll
Event: 0.492 Loaded shared library C:\Users\bryan\.openjfx\cache\21.0.6+3\amd64\vcruntime140.dll
Event: 0.495 Loaded shared library C:\Users\bryan\.openjfx\cache\21.0.6+3\amd64\vcruntime140_1.dll
Event: 0.504 Loaded shared library C:\Users\bryan\.openjfx\cache\21.0.6+3\amd64\msvcp140.dll
Event: 0.508 Loaded shared library C:\Users\bryan\.openjfx\cache\21.0.6+3\amd64\msvcp140_1.dll
Event: 0.514 Loaded shared library C:\Users\bryan\.openjfx\cache\21.0.6+3\amd64\msvcp140_2.dll
Event: 0.554 Loaded shared library C:\Users\bryan\.openjfx\cache\21.0.6+3\amd64\prism_d3d.dll
Event: 0.607 Loaded shared library C:\Users\bryan\.openjfx\cache\21.0.6+3\amd64\glass.dll
Event: 0.755 Loaded shared library C:\Users\bryan\.openjfx\cache\21.0.6+3\amd64\javafx_font.dll
Event: 0.970 Loaded shared library C:\Program Files\Java\jdk-25\bin\jimage.dll

Deoptimization events (20 events):
Event: 1.350 Thread 0x000001d642032c00 Uncommon trap: trap_request=0xffffff45 fr.pc=0x000001d62db0aeec relative=0x000000000000006c
Event: 1.350 Thread 0x000001d642032c00 Uncommon trap: reason=unstable_if action=reinterpret pc=0x000001d62db0aeec method=java.util.Objects.equals(Ljava/lang/Object;Ljava/lang/Object;)Z @ 6 c2
Event: 1.350 Thread 0x000001d642032c00 DEOPT PACKING pc=0x000001d62db0aeec sp=0x0000006c993fd860
Event: 1.350 Thread 0x000001d642032c00 DEOPT UNPACKING pc=0x000001d62d62f882 sp=0x0000006c993fd800 mode 2
Event: 1.450 Thread 0x000001d641b98d50 Uncommon trap: trap_request=0xffffffde fr.pc=0x000001d62daea340 relative=0x00000000000008c0
Event: 1.450 Thread 0x000001d641b98d50 Uncommon trap: reason=class_check action=maybe_recompile pc=0x000001d62daea340 method=java.io.BufferedInputStream.read([BII)I @ 100 c2
Event: 1.450 Thread 0x000001d641b98d50 DEOPT PACKING pc=0x000001d62daea340 sp=0x0000006c98ffdec0
Event: 1.450 Thread 0x000001d641b98d50 DEOPT UNPACKING pc=0x000001d62d62f882 sp=0x0000006c98ffde98 mode 2
Event: 1.450 Thread 0x000001d641b98d50 Uncommon trap: trap_request=0xffffff45 fr.pc=0x000001d62dae9064 relative=0x0000000000000064
Event: 1.450 Thread 0x000001d641b98d50 Uncommon trap: reason=unstable_if action=reinterpret pc=0x000001d62dae9064 method=java.io.BufferedInputStream.getBufIfOpen(Z)[B @ 13 c2
Event: 1.450 Thread 0x000001d641b98d50 DEOPT PACKING pc=0x000001d62dae9064 sp=0x0000006c98ffde00
Event: 1.450 Thread 0x000001d641b98d50 DEOPT UNPACKING pc=0x000001d62d62f882 sp=0x0000006c98ffdd28 mode 2
Event: 1.450 Thread 0x000001d641b98d50 Uncommon trap: trap_request=0xffffff45 fr.pc=0x000001d62daea190 relative=0x0000000000000710
Event: 1.450 Thread 0x000001d641b98d50 Uncommon trap: reason=unstable_if action=reinterpret pc=0x000001d62daea190 method=java.io.BufferedInputStream.read([BII)I @ 55 c2
Event: 1.450 Thread 0x000001d641b98d50 DEOPT PACKING pc=0x000001d62daea190 sp=0x0000006c98ffdec0
Event: 1.450 Thread 0x000001d641b98d50 DEOPT UNPACKING pc=0x000001d62d62f882 sp=0x0000006c98ffde98 mode 2
Event: 1.456 Thread 0x000001d641b98d50 Uncommon trap: trap_request=0xffffff45 fr.pc=0x000001d62dae8d84 relative=0x0000000000000084
Event: 1.456 Thread 0x000001d641b98d50 Uncommon trap: reason=unstable_if action=reinterpret pc=0x000001d62dae8d84 method=java.io.BufferedInputStream.getBufIfOpen(Z)[B @ 13 c2
Event: 1.456 Thread 0x000001d641b98d50 DEOPT PACKING pc=0x000001d62dae8d84 sp=0x0000006c98ffde60
Event: 1.456 Thread 0x000001d641b98d50 DEOPT UNPACKING pc=0x000001d62d62f882 sp=0x0000006c98ffddf0 mode 2

Classes loaded (20 events):
Event: 1.433 Loading class java/util/EnumMap$Values
Event: 1.433 Loading class java/util/EnumMap$Values done
Event: 1.433 Loading class java/util/EnumMap$ValueIterator
Event: 1.433 Loading class java/util/EnumMap$EnumMapIterator
Event: 1.433 Loading class java/util/EnumMap$EnumMapIterator done
Event: 1.433 Loading class java/util/EnumMap$ValueIterator done
Event: 1.436 Loading class java/util/concurrent/ConcurrentLinkedQueue
Event: 1.436 Loading class java/util/concurrent/ConcurrentLinkedQueue done
Event: 1.437 Loading class java/util/concurrent/ConcurrentLinkedQueue$Node
Event: 1.437 Loading class java/util/concurrent/ConcurrentLinkedQueue$Node done
Event: 1.450 Loading class java/nio/DirectByteBuffer$Deallocator
Event: 1.450 Loading class java/nio/DirectByteBuffer$Deallocator done
Event: 1.503 Loading class java/security/PrivilegedExceptionAction
Event: 1.503 Loading class java/security/PrivilegedExceptionAction done
Event: 1.504 Loading class java/nio/ShortBuffer
Event: 1.504 Loading class java/nio/ShortBuffer done
Event: 1.504 Loading class java/nio/FloatBuffer
Event: 1.505 Loading class java/nio/FloatBuffer done
Event: 1.505 Loading class java/nio/DoubleBuffer
Event: 1.505 Loading class java/nio/DoubleBuffer done

Classes unloaded (0 events):
No events

Classes redefined (0 events):
No events

Internal exceptions (20 events):
Event: 0.801 Thread 0x000001d642032c00 Exception <a 'java/lang/ClassNotFoundException'{0x000000070fe93b68}: com/sun/glass/ui/win/themes_en> (0x000000070fe93b68) 
thrown [s\open\src\hotspot\share\prims\jni.cpp, line 534]
Event: 0.801 Thread 0x000001d642032c00 Exception <a 'java/lang/ClassNotFoundException'{0x000000070fe9b580}: com/sun/glass/ui/win/themes_en_US> (0x000000070fe9b580) 
thrown [s\open\src\hotspot\share\prims\jni.cpp, line 534]
Event: 0.901 Thread 0x000001d642032c00 Exception <a 'java/lang/NoSuchMethodError'{0x000000070fb9f5f0}: 'void java.lang.invoke.DirectMethodHandle$Holder.invokeStaticInit(java.lang.Object, java.lang.Object)'> (0x000000070fb9f5f0) 
thrown [s\open\src\hotspot\share\interpreter\linkResolver.cpp, line 804]
Event: 0.921 Thread 0x000001d642032c00 Exception <a 'java/lang/NoSuchMethodError'{0x000000070f8a4190}: 'void java.lang.invoke.DirectMethodHandle$Holder.invokeSpecial(java.lang.Object, java.lang.Object, java.lang.Object, java.lang.Object, java.lang.Object)'> (0x000000070f8a4190) 
thrown [s\open\src\hotspot\share\interpreter\linkResolver.cpp, line 804]
Event: 0.972 Thread 0x000001d642032c00 Exception <a 'sun/nio/fs/WindowsException'{0x000000070f7b3378}> (0x000000070f7b3378) 
thrown [s\open\src\hotspot\share\prims\jni.cpp, line 516]
Event: 0.982 Thread 0x000001d642032c00 Implicit null exception at 0x000001d62daf0139 to 0x000001d62daf0be8
Event: 0.992 Thread 0x000001d642032c00 Implicit null exception at 0x000001d62daf1ed1 to 0x000001d62daf2414
Event: 1.031 Thread 0x000001d642032c00 Implicit null exception at 0x000001d62daf144b to 0x000001d62daf19a4
Event: 1.032 Thread 0x000001d642032c00 Implicit null exception at 0x000001d62dac1aa0 to 0x000001d62dac1dd0
Event: 1.185 Thread 0x000001d642032c00 Exception <a 'java/lang/ClassNotFoundException'{0x0000000711b39608}: com/sun/javafx/scene/control/skin/resources/controls> (0x0000000711b39608) 
thrown [s\open\src\hotspot\share\prims\jni.cpp, line 534]
Event: 1.186 Thread 0x000001d642032c00 Exception <a 'java/lang/ClassNotFoundException'{0x0000000711b469f8}: com/sun/javafx/scene/control/skin/resources/controls_en> (0x0000000711b469f8) 
thrown [s\open\src\hotspot\share\prims\jni.cpp, line 534]
Event: 1.187 Thread 0x000001d642032c00 Exception <a 'java/lang/ClassNotFoundException'{0x0000000711b47848}: com/sun/javafx/scene/control/skin/resources/controls_en_US> (0x0000000711b47848) 
thrown [s\open\src\hotspot\share\prims\jni.cpp, line 534]
Event: 1.239 Thread 0x000001d642032c00 Exception <a 'java/lang/IncompatibleClassChangeError'{0x00000007117ba780}: Found class java.lang.Object, but interface was expected> (0x00000007117ba780) 
thrown [s\open\src\hotspot\share\interpreter\linkResolver.cpp, line 871]
Event: 1.344 Thread 0x000001d642032c00 Exception <a 'java/lang/NoSuchMethodError'{0x0000000710e6c260}: 'java.lang.Object java.lang.invoke.DirectMethodHandle$Holder.invokeStatic(java.lang.Object, java.lang.Object, java.lang.Object, java.lang.Object, int)'> (0x0000000710e6c260) 
thrown [s\open\src\hotspot\share\interpreter\linkResolver.cpp, line 804]
Event: 1.359 Thread 0x000001d642032c00 Exception <a 'java/lang/NoSuchMethodError'{0x0000000710ee91b8}: 'java.lang.Object java.lang.invoke.DirectMethodHandle$Holder.newInvokeSpecial(java.lang.Object, java.lang.Object, int)'> (0x0000000710ee91b8) 
thrown [s\open\src\hotspot\share\interpreter\linkResolver.cpp, line 804]
Event: 1.429 Thread 0x000001d641b98d50 Exception <a 'java/lang/NoSuchMethodError'{0x0000000710cd5de8}: 'int java.lang.invoke.DirectMethodHandle$Holder.invokeStaticInit(java.lang.Object, java.lang.Object)'> (0x0000000710cd5de8) 
thrown [s\open\src\hotspot\share\interpreter\linkResolver.cpp, line 804]
Event: 1.438 Thread 0x000001d642032c00 Exception <a 'java/lang/NoSuchMethodError'{0x0000000710c7cc88}: 'long java.lang.invoke.DirectMethodHandle$Holder.invokeStaticInit(java.lang.Object, java.lang.Object, java.lang.Object)'> (0x0000000710c7cc88) 
thrown [s\open\src\hotspot\share\interpreter\linkResolver.cpp, line 804]
Event: 1.443 Thread 0x000001d642032c00 Exception <a 'java/lang/NoSuchMethodError'{0x0000000710a1afd8}: 'java.lang.Object java.lang.invoke.DirectMethodHandle$Holder.newInvokeSpecial(java.lang.Object, java.lang.Object, long)'> (0x0000000710a1afd8) 
thrown [s\open\src\hotspot\share\interpreter\linkResolver.cpp, line 804]
Event: 1.444 Thread 0x000001d642032c00 Exception <a 'java/lang/NoSuchMethodError'{0x0000000710a23c28}: 'java.lang.Object java.lang.invoke.Invokers$Holder.linkToTargetMethod(java.lang.Object, long, java.lang.Object)'> (0x0000000710a23c28) 
thrown [s\open\src\hotspot\share\interpreter\linkResolver.cpp, line 804]
Event: 1.449 Thread 0x000001d641b98d50 Exception <a 'java/lang/NoSuchMethodError'{0x0000000710ade718}: 'java.lang.Object java.lang.invoke.Invokers$Holder.invokeExact_MT(java.lang.Object, java.lang.Object, java.lang.Object, java.lang.Object, java.lang.Object)'> (0x0000000710ade718) 
thrown [s\open\src\hotspot\share\interpreter\linkResolver.cpp, line 804]

VM Operations (14 events):
Event: 0.142 Executing non-safepoint VM operation: HandshakeAllThreads (Deoptimize)
Event: 0.142 Executing non-safepoint VM operation: HandshakeAllThreads (Deoptimize) done
Event: 0.143 Executing non-safepoint VM operation: HandshakeAllThreads (Deoptimize)
Event: 0.143 Executing non-safepoint VM operation: HandshakeAllThreads (Deoptimize) done
Event: 0.595 Executing non-safepoint VM operation: HandshakeAllThreads (Deoptimize)
Event: 0.595 Executing non-safepoint VM operation: HandshakeAllThreads (Deoptimize) done
Event: 0.815 Executing non-safepoint VM operation: HandshakeAllThreads (Deoptimize)
Event: 0.815 Executing non-safepoint VM operation: HandshakeAllThreads (Deoptimize) done
Event: 0.972 Executing non-safepoint VM operation: HandshakeAllThreads (Deoptimize)
Event: 0.972 Executing non-safepoint VM operation: HandshakeAllThreads (Deoptimize) done
Event: 0.981 Executing non-safepoint VM operation: HandshakeAllThreads (Deoptimize)
Event: 0.981 Executing non-safepoint VM operation: HandshakeAllThreads (Deoptimize) done
Event: 1.149 Executing safepoint VM operation: G1CollectForAllocation (G1 Evacuation Pause)
Event: 1.155 Executing safepoint VM operation: G1CollectForAllocation (G1 Evacuation Pause) done

Memory protections (0 events):
No events

Nmethod flushes (0 events):
No events

Events (20 events):
Event: 0.033 Thread 0x000001d61b341a60 Thread added: 0x000001d63cc88fc0
Event: 0.033 Thread 0x000001d61b341a60 Thread added: 0x000001d63cc89a20
Event: 0.033 Thread 0x000001d61b341a60 Thread added: 0x000001d63cc8cf30
Event: 0.033 Thread 0x000001d61b341a60 Thread added: 0x000001d63cc8eb00
Event: 0.033 Thread 0x000001d61b341a60 Thread added: 0x000001d63cc8f6c0
Event: 0.033 Thread 0x000001d61b341a60 Thread added: 0x000001d63cc90280
Event: 0.033 Thread 0x000001d61b341a60 Thread added: 0x000001d63cc95ba0
Event: 0.033 Thread 0x000001d61b341a60 Thread added: 0x000001d63cc9c090
Event: 0.057 Thread 0x000001d61b341a60 Thread added: 0x000001d64106d250
Event: 0.097 Thread 0x000001d63cc9c090 Thread added: 0x000001d6410e2310
Event: 0.119 Thread 0x000001d63cc9c090 Thread added: 0x000001d6412ef310
Event: 0.162 Thread 0x000001d61b341a60 Thread added: 0x000001d64173a7f0
Event: 0.185 Thread 0x000001d61b341a60 Thread added: 0x000001d64184c8f0
Event: 0.518 Thread 0x000001d6412ef310 Thread exited: 0x000001d6412ef310
Event: 0.545 Thread 0x000001d64184c8f0 Thread added: 0x000001d641b98d50
Event: 0.611 Thread 0x000001d64184c8f0 Thread added: 0x000001d64214edd0
Event: 0.616 Thread 0x000001d64184c8f0 Thread added: 0x000001d642032c00
Event: 0.693 Thread 0x000001d6422176e0 Thread added: 0x000001d6422176e0
Event: 0.779 Thread 0x000001d642032c00 Thread added: 0x000001d642264ae0
Event: 1.186 Thread 0x000001d6410e2310 Thread exited: 0x000001d6410e2310


Dynamic libraries:
0x00007ff73ddb0000 - 0x00007ff73ddc0000 	C:\Program Files\Java\jdk-25\bin\javaw.exe
0x00007ff88e0b0000 - 0x00007ff88e2a8000 	C:\WINDOWS\SYSTEM32\ntdll.dll
0x00007ff88c480000 - 0x00007ff88c542000 	C:\WINDOWS\System32\KERNEL32.DLL
0x00007ff88b750000 - 0x00007ff88ba46000 	C:\WINDOWS\System32\KERNELBASE.dll
0x00007ff88bfe0000 - 0x00007ff88c0e0000 	C:\WINDOWS\System32\ucrtbase.dll
0x00007ff886720000 - 0x00007ff886737000 	C:\Program Files\Java\jdk-25\bin\jli.dll
0x00007ff884980000 - 0x00007ff88499e000 	C:\Program Files\Java\jdk-25\bin\VCRUNTIME140.dll
0x00007ff88d160000 - 0x00007ff88d2fd000 	C:\WINDOWS\System32\USER32.dll
0x00007ff877ce0000 - 0x00007ff877f7b000 	C:\WINDOWS\WinSxS\amd64_microsoft.windows.common-controls_6595b64144ccf1df_6.0.19041.6280_none_60bc30a171f2f3f3\COMCTL32.dll
0x00007ff88bfb0000 - 0x00007ff88bfd2000 	C:\WINDOWS\System32\win32u.dll
0x00007ff88db50000 - 0x00007ff88dbee000 	C:\WINDOWS\System32\msvcrt.dll
0x00007ff88c140000 - 0x00007ff88c16b000 	C:\WINDOWS\System32\GDI32.dll
0x00007ff88bda0000 - 0x00007ff88beb9000 	C:\WINDOWS\System32\gdi32full.dll
0x00007ff88bec0000 - 0x00007ff88bf5d000 	C:\WINDOWS\System32\msvcp_win.dll
0x00007ff88c230000 - 0x00007ff88c25f000 	C:\WINDOWS\System32\IMM32.DLL
0x00007ff886700000 - 0x00007ff88670c000 	C:\Program Files\Java\jdk-25\bin\vcruntime140_1.dll
0x00007ff85c800000 - 0x00007ff85c88d000 	C:\Program Files\Java\jdk-25\bin\msvcp140.dll
0x00007ff847e10000 - 0x00007ff848c6f000 	C:\Program Files\Java\jdk-25\bin\server\jvm.dll
0x00007ff88c170000 - 0x00007ff88c221000 	C:\WINDOWS\System32\ADVAPI32.dll
0x00007ff88dab0000 - 0x00007ff88db4f000 	C:\WINDOWS\System32\sechost.dll
0x00007ff88d040000 - 0x00007ff88d160000 	C:\WINDOWS\System32\RPCRT4.dll
0x00007ff88ba50000 - 0x00007ff88ba77000 	C:\WINDOWS\System32\bcrypt.dll
0x00007ff88c410000 - 0x00007ff88c47b000 	C:\WINDOWS\System32\WS2_32.dll
0x00007ff88ac90000 - 0x00007ff88acdb000 	C:\WINDOWS\SYSTEM32\POWRPROF.dll
0x00007ff881f10000 - 0x00007ff881f37000 	C:\WINDOWS\SYSTEM32\WINMM.dll
0x00007ff8838a0000 - 0x00007ff8838aa000 	C:\WINDOWS\SYSTEM32\VERSION.dll
0x00007ff88ab50000 - 0x00007ff88ab62000 	C:\WINDOWS\SYSTEM32\UMPDC.dll
0x00007ff889fc0000 - 0x00007ff889fd2000 	C:\WINDOWS\SYSTEM32\kernel.appcore.dll
0x00007ff8863a0000 - 0x00007ff8863aa000 	C:\Program Files\Java\jdk-25\bin\jimage.dll
0x00007ff889c80000 - 0x00007ff889e81000 	C:\WINDOWS\SYSTEM32\DBGHELP.DLL
0x00007ff876780000 - 0x00007ff8767b4000 	C:\WINDOWS\SYSTEM32\dbgcore.DLL
0x00007ff88ba80000 - 0x00007ff88bb02000 	C:\WINDOWS\System32\bcryptPrimitives.dll
0x00007ff877b20000 - 0x00007ff877b3f000 	C:\Program Files\Java\jdk-25\bin\java.dll
0x00007ff88d420000 - 0x00007ff88d54b000 	C:\WINDOWS\System32\ole32.dll
0x00007ff88ccd0000 - 0x00007ff88d023000 	C:\WINDOWS\System32\combase.dll
0x00007ff88c560000 - 0x00007ff88ccd0000 	C:\WINDOWS\System32\SHELL32.dll
0x00007ff889400000 - 0x00007ff889ba4000 	C:\WINDOWS\SYSTEM32\windows.storage.dll
0x00007ff88b180000 - 0x00007ff88b1ab000 	C:\WINDOWS\SYSTEM32\Wldp.dll
0x00007ff88dbf0000 - 0x00007ff88dcbd000 	C:\WINDOWS\System32\OLEAUT32.dll
0x00007ff88d300000 - 0x00007ff88d3ad000 	C:\WINDOWS\System32\SHCORE.dll
0x00007ff88d5e0000 - 0x00007ff88d63b000 	C:\WINDOWS\System32\shlwapi.dll
0x00007ff88b680000 - 0x00007ff88b6a4000 	C:\WINDOWS\SYSTEM32\profapi.dll
0x00007ff8771e0000 - 0x00007ff8771f2000 	C:\Program Files\Java\jdk-25\bin\net.dll
0x00007ff88aee0000 - 0x00007ff88af4a000 	C:\WINDOWS\system32\mswsock.dll
0x00007ff8771c0000 - 0x00007ff8771d6000 	C:\Program Files\Java\jdk-25\bin\nio.dll
0x00007ff8771a0000 - 0x00007ff8771b7000 	C:\Program Files\Java\jdk-25\bin\zip.dll
0x000001d61d670000 - 0x000001d61d673000 	C:\Users\bryan\.openjfx\cache\21.0.6+3\amd64\api-ms-win-core-console-l1-1-0.dll
0x000001d61d680000 - 0x000001d61d683000 	C:\Users\bryan\.openjfx\cache\21.0.6+3\amd64\api-ms-win-core-console-l1-2-0.dll
0x000001d61d690000 - 0x000001d61d693000 	C:\Users\bryan\.openjfx\cache\21.0.6+3\amd64\api-ms-win-core-datetime-l1-1-0.dll
0x000001d61d6a0000 - 0x000001d61d6a3000 	C:\Users\bryan\.openjfx\cache\21.0.6+3\amd64\api-ms-win-core-debug-l1-1-0.dll
0x000001d61d6b0000 - 0x000001d61d6b3000 	C:\Users\bryan\.openjfx\cache\21.0.6+3\amd64\api-ms-win-core-errorhandling-l1-1-0.dll
0x000001d61d6c0000 - 0x000001d61d6c4000 	C:\Users\bryan\.openjfx\cache\21.0.6+3\amd64\api-ms-win-core-file-l1-1-0.dll
0x000001d61d6d0000 - 0x000001d61d6d3000 	C:\Users\bryan\.openjfx\cache\21.0.6+3\amd64\api-ms-win-core-file-l1-2-0.dll
0x000001d61d6e0000 - 0x000001d61d6e3000 	C:\Users\bryan\.openjfx\cache\21.0.6+3\amd64\api-ms-win-core-file-l2-1-0.dll
0x000001d61d6f0000 - 0x000001d61d6f3000 	C:\Users\bryan\.openjfx\cache\21.0.6+3\amd64\api-ms-win-core-handle-l1-1-0.dll
0x000001d61d700000 - 0x000001d61d703000 	C:\Users\bryan\.openjfx\cache\21.0.6+3\amd64\api-ms-win-core-heap-l1-1-0.dll
0x000001d61d710000 - 0x000001d61d713000 	C:\Users\bryan\.openjfx\cache\21.0.6+3\amd64\api-ms-win-core-interlocked-l1-1-0.dll
0x000001d63ce80000 - 0x000001d63ce83000 	C:\Users\bryan\.openjfx\cache\21.0.6+3\amd64\api-ms-win-core-libraryloader-l1-1-0.dll
0x000001d63ce90000 - 0x000001d63ce93000 	C:\Users\bryan\.openjfx\cache\21.0.6+3\amd64\api-ms-win-core-localization-l1-2-0.dll
0x000001d63cea0000 - 0x000001d63cea3000 	C:\Users\bryan\.openjfx\cache\21.0.6+3\amd64\api-ms-win-core-memory-l1-1-0.dll
0x000001d63ceb0000 - 0x000001d63ceb3000 	C:\Users\bryan\.openjfx\cache\21.0.6+3\amd64\api-ms-win-core-namedpipe-l1-1-0.dll
0x000001d63cec0000 - 0x000001d63cec3000 	C:\Users\bryan\.openjfx\cache\21.0.6+3\amd64\api-ms-win-core-processenvironment-l1-1-0.dll
0x000001d63ced0000 - 0x000001d63ced3000 	C:\Users\bryan\.openjfx\cache\21.0.6+3\amd64\api-ms-win-core-processthreads-l1-1-0.dll
0x000001d63cee0000 - 0x000001d63cee3000 	C:\Users\bryan\.openjfx\cache\21.0.6+3\amd64\api-ms-win-core-processthreads-l1-1-1.dll
0x000001d63cef0000 - 0x000001d63cef3000 	C:\Users\bryan\.openjfx\cache\21.0.6+3\amd64\api-ms-win-core-profile-l1-1-0.dll
0x000001d63cf00000 - 0x000001d63cf03000 	C:\Users\bryan\.openjfx\cache\21.0.6+3\amd64\api-ms-win-core-rtlsupport-l1-1-0.dll
0x000001d63cf10000 - 0x000001d63cf13000 	C:\Users\bryan\.openjfx\cache\21.0.6+3\amd64\api-ms-win-core-string-l1-1-0.dll
0x000001d63cf20000 - 0x000001d63cf23000 	C:\Users\bryan\.openjfx\cache\21.0.6+3\amd64\api-ms-win-core-synch-l1-1-0.dll
0x000001d63cf30000 - 0x000001d63cf33000 	C:\Users\bryan\.openjfx\cache\21.0.6+3\amd64\api-ms-win-core-synch-l1-2-0.dll
0x000001d63cf40000 - 0x000001d63cf43000 	C:\Users\bryan\.openjfx\cache\21.0.6+3\amd64\api-ms-win-core-sysinfo-l1-1-0.dll
0x000001d63cf50000 - 0x000001d63cf53000 	C:\Users\bryan\.openjfx\cache\21.0.6+3\amd64\api-ms-win-core-timezone-l1-1-0.dll
0x000001d63cf60000 - 0x000001d63cf63000 	C:\Users\bryan\.openjfx\cache\21.0.6+3\amd64\api-ms-win-core-util-l1-1-0.dll
0x000001d63cf70000 - 0x000001d63cf73000 	C:\Users\bryan\.openjfx\cache\21.0.6+3\amd64\api-ms-win-crt-conio-l1-1-0.dll
0x000001d63cf80000 - 0x000001d63cf84000 	C:\Users\bryan\.openjfx\cache\21.0.6+3\amd64\api-ms-win-crt-convert-l1-1-0.dll
0x000001d63cf90000 - 0x000001d63cf93000 	C:\Users\bryan\.openjfx\cache\21.0.6+3\amd64\api-ms-win-crt-environment-l1-1-0.dll
0x000001d63cfa0000 - 0x000001d63cfa3000 	C:\Users\bryan\.openjfx\cache\21.0.6+3\amd64\api-ms-win-crt-filesystem-l1-1-0.dll
0x000001d63cfb0000 - 0x000001d63cfb3000 	C:\Users\bryan\.openjfx\cache\21.0.6+3\amd64\api-ms-win-crt-heap-l1-1-0.dll
0x000001d63cfc0000 - 0x000001d63cfc3000 	C:\Users\bryan\.openjfx\cache\21.0.6+3\amd64\api-ms-win-crt-locale-l1-1-0.dll
0x000001d63cfd0000 - 0x000001d63cfd5000 	C:\Users\bryan\.openjfx\cache\21.0.6+3\amd64\api-ms-win-crt-math-l1-1-0.dll
0x000001d63cfe0000 - 0x000001d63cfe5000 	C:\Users\bryan\.openjfx\cache\21.0.6+3\amd64\api-ms-win-crt-multibyte-l1-1-0.dll
0x000001d63cff0000 - 0x000001d63d000000 	C:\Users\bryan\.openjfx\cache\21.0.6+3\amd64\api-ms-win-crt-private-l1-1-0.dll
0x000001d642bd0000 - 0x000001d642bd3000 	C:\Users\bryan\.openjfx\cache\21.0.6+3\amd64\api-ms-win-crt-process-l1-1-0.dll
0x000001d642be0000 - 0x000001d642be4000 	C:\Users\bryan\.openjfx\cache\21.0.6+3\amd64\api-ms-win-crt-runtime-l1-1-0.dll
0x000001d642bf0000 - 0x000001d642bf4000 	C:\Users\bryan\.openjfx\cache\21.0.6+3\amd64\api-ms-win-crt-stdio-l1-1-0.dll
0x000001d642c00000 - 0x000001d642c04000 	C:\Users\bryan\.openjfx\cache\21.0.6+3\amd64\api-ms-win-crt-string-l1-1-0.dll
0x000001d642c10000 - 0x000001d642c13000 	C:\Users\bryan\.openjfx\cache\21.0.6+3\amd64\api-ms-win-crt-time-l1-1-0.dll
0x000001d642c20000 - 0x000001d642c23000 	C:\Users\bryan\.openjfx\cache\21.0.6+3\amd64\api-ms-win-crt-utility-l1-1-0.dll
0x00007ff854700000 - 0x00007ff8547fc000 	C:\Users\bryan\.openjfx\cache\21.0.6+3\amd64\ucrtbase.dll
0x00007ff877130000 - 0x00007ff87714b000 	C:\Users\bryan\.openjfx\cache\21.0.6+3\amd64\vcruntime140.dll
0x00007ff8849b0000 - 0x00007ff8849bc000 	C:\Users\bryan\.openjfx\cache\21.0.6+3\amd64\vcruntime140_1.dll
0x00007ff856b80000 - 0x00007ff856c0e000 	C:\Users\bryan\.openjfx\cache\21.0.6+3\amd64\msvcp140.dll
0x00007ff880080000 - 0x00007ff880089000 	C:\Users\bryan\.openjfx\cache\21.0.6+3\amd64\msvcp140_1.dll
0x00007ff876bd0000 - 0x00007ff876c11000 	C:\Users\bryan\.openjfx\cache\21.0.6+3\amd64\msvcp140_2.dll
0x00007ff876f00000 - 0x00007ff876f30000 	C:\Users\bryan\.openjfx\cache\21.0.6+3\amd64\prism_d3d.dll
0x00007ff803350000 - 0x00007ff803521000 	C:\WINDOWS\system32\d3d9.dll
0x00007ff888f20000 - 0x00007ff888f4e000 	C:\WINDOWS\SYSTEM32\dwmapi.dll
0x00007ff888710000 - 0x00007ff8887ae000 	C:\WINDOWS\system32\uxtheme.dll
0x00007fffe0f20000 - 0x00007fffe4dd7000 	C:\WINDOWS\System32\DriverStore\FileRepository\ki124755.inf_amd64_aed366684c4b54b4\igdumdim64.dll
0x00007ff88d640000 - 0x00007ff88dab0000 	C:\WINDOWS\System32\SETUPAPI.dll
0x00007ff88bf60000 - 0x00007ff88bfae000 	C:\WINDOWS\System32\cfgmgr32.dll
0x00007ff85c7b0000 - 0x00007ff85c7f2000 	C:\Users\bryan\.openjfx\cache\21.0.6+3\amd64\glass.dll
0x00007ff88dcc0000 - 0x00007ff88dd9a000 	C:\WINDOWS\System32\COMDLG32.dll
0x00007ff88df50000 - 0x00007ff88e065000 	C:\WINDOWS\System32\MSCTF.dll
0x00007ff87a300000 - 0x00007ff87b8f1000 	C:\WINDOWS\System32\DriverStore\FileRepository\ki124755.inf_amd64_aed366684c4b54b4\igc64.dll
0x00007ff87ff30000 - 0x00007ff87ff6b000 	C:\WINDOWS\SYSTEM32\dxcore.dll
0x00007ff876de0000 - 0x00007ff876df5000 	C:\Users\bryan\.openjfx\cache\21.0.6+3\amd64\javafx_font.dll
0x00007ff879b60000 - 0x00007ff879ddf000 	C:\WINDOWS\SYSTEM32\dwrite.dll
0x00007ff88dda0000 - 0x00007ff88de49000 	C:\WINDOWS\System32\clbcatq.dll
0x00007ff8884b0000 - 0x00007ff888666000 	C:\WINDOWS\SYSTEM32\WindowsCodecs.dll
0x00007ff85b2b0000 - 0x00007ff85b2ee000 	C:\WINDOWS\system32\dataexchange.dll
0x00007ff884fa0000 - 0x00007ff885204000 	C:\WINDOWS\system32\d3d11.dll
0x00007ff885220000 - 0x00007ff885404000 	C:\WINDOWS\system32\dcomp.dll
0x00007ff889fe0000 - 0x00007ff88a0d6000 	C:\WINDOWS\system32\dxgi.dll
0x00007ff887780000 - 0x00007ff887983000 	C:\WINDOWS\system32\twinapi.appcore.dll
0x00007ff86af60000 - 0x00007ff86af94000 	C:\Program Files\Common Files\Microsoft Shared\Ink\rtscom.dll
0x00007ff87fbf0000 - 0x00007ff87fce9000 	C:\WINDOWS\SYSTEM32\textinputframework.dll
0x00007ff8859d0000 - 0x00007ff885d2b000 	C:\WINDOWS\System32\CoreUIComponents.dll
0x00007ff885de0000 - 0x00007ff885ed2000 	C:\WINDOWS\System32\CoreMessaging.dll
0x00007ff88a9e0000 - 0x00007ff88aa13000 	C:\WINDOWS\SYSTEM32\ntmarta.dll
0x00007ff887ac0000 - 0x00007ff887c17000 	C:\WINDOWS\SYSTEM32\wintypes.dll
0x00007ff856780000 - 0x00007ff856a74000 	C:\WINDOWS\SYSTEM32\UIAutomationCore.DLL
0x00007ff888c70000 - 0x00007ff888d64000 	C:\WINDOWS\SYSTEM32\PROPSYS.dll
0x00007ff877240000 - 0x00007ff8772bf000 	C:\Windows\System32\OneCoreCommonProxyStub.dll
0x00007ff885410000 - 0x00007ff8859d0000 	C:\WINDOWS\SYSTEM32\d2d1.dll
0x00007ff880380000 - 0x00007ff880a76000 	C:\WINDOWS\SYSTEM32\D3D10Warp.dll

JVMTI agents: none

dbghelp: loaded successfully - version: 4.0.5 - missing functions: none
symbol engine: initialized successfully - sym options: 0x614 - pdb path: .;C:\Program Files\Java\jdk-25\bin;C:\WINDOWS\SYSTEM32;C:\WINDOWS\WinSxS\amd64_microsoft.windows.common-controls_6595b64144ccf1df_6.0.19041.6280_none_60bc30a171f2f3f3;C:\Program Files\Java\jdk-25\bin\server;C:\Users\bryan\.openjfx\cache\21.0.6+3\amd64;C:\WINDOWS\System32\DriverStore\FileRepository\ki124755.inf_amd64_aed366684c4b54b4;C:\Program Files\Common Files\Microsoft Shared\Ink

VM Arguments:
jvm_args: -Dfile.encoding=UTF-8 -Dstdout.encoding=UTF-8 -Dstderr.encoding=UTF-8 --module-path=C:\Users\bryan\Documents\GitHub\COMP485-Project1\target\classes;C:\Users\bryan\.m2\repository\org\openjfx\javafx-controls\21.0.6\javafx-controls-21.0.6-win.jar;C:\Users\bryan\.m2\repository\org\openjfx\javafx-graphics\21.0.6\javafx-graphics-21.0.6-win.jar;C:\Users\bryan\.m2\repository\org\openjfx\javafx-base\21.0.6\javafx-base-21.0.6-win.jar;C:\Users\bryan\.m2\repository\org\openjfx\javafx-fxml\21.0.6\javafx-fxml-21.0.6-win.jar -XX:+ShowCodeDetailsInExceptionMessages -Djdk.module.main=com.example.project1 
java_command: com.example.project1/com.example.project1.Launcher
java_class_path (initial): C:\Users\bryan\.m2\repository\com\dlsc\formsfx\formsfx-core\11.5.0\formsfx-core-11.5.0.jar;C:\Users\bryan\.m2\repository\org\openjfx\javafx-controls\21.0.6\javafx-controls-21.0.6.jar;C:\Users\bryan\.m2\repository\org\openjfx\javafx-graphics\21.0.6\javafx-graphics-21.0.6.jar;C:\Users\bryan\.m2\repository\org\openjfx\javafx-base\21.0.6\javafx-base-21.0.6.jar;C:\Users\bryan\.m2\repository\org\openjfx\javafx-fxml\21.0.6\javafx-fxml-21.0.6.jar
Launcher Type: SUN_STANDARD

[Global flags]
     intx CICompilerCount                          = 4                                         {product} {ergonomic}
     uint ConcGCThreads                            = 2                                         {product} {ergonomic}
     uint G1ConcRefinementThreads                  = 8                                         {product} {ergonomic}
   size_t G1HeapRegionSize                         = 2097152                                   {product} {ergonomic}
   size_t InitialHeapSize                          = 268435456                                 {product} {ergonomic}
   size_t MarkStackSize                            = 4194304                                   {product} {ergonomic}
   size_t MarkStackSizeMax                         = 536870912                                 {product} {ergonomic}
   size_t MaxHeapSize                              = 4263510016                                {product} {ergonomic}
   size_t MaxNewSize                               = 2556428288                                {product} {ergonomic}
   size_t MinHeapDeltaBytes                        = 2097152                                   {product} {ergonomic}
   size_t MinHeapSize                              = 8388608                                   {product} {ergonomic}
    uintx NonNMethodCodeHeapSize                   = 5832704                                {pd product} {ergonomic}
    uintx NonProfiledCodeHeapSize                  = 122945536                              {pd product} {ergonomic}
    uintx ProfiledCodeHeapSize                     = 122880000                              {pd product} {ergonomic}
    uintx ReservedCodeCacheSize                    = 251658240                              {pd product} {ergonomic}
     bool SegmentedCodeCache                       = true                                      {product} {ergonomic}
     bool ShowCodeDetailsInExceptionMessages       = true                                   {manageable} {command line}
   size_t SoftMaxHeapSize                          = 4263510016                             {manageable} {ergonomic}
     bool UseCompressedOops                        = true                           {product lp64_product} {ergonomic}
     bool UseG1GC                                  = true                                      {product} {ergonomic}
     bool UseLargePagesIndividualAllocation        = false                                  {pd product} {ergonomic}

Logging:
Log output configuration:
 #0: stdout all=warning uptime,level,tags foldmultilines=false
 #1: stderr all=off uptime,level,tags foldmultilines=false

Release file:
IMPLEMENTOR="Oracle Corporation" 
JAVA_RUNTIME_VERSION="25+37-LTS-3491" 
JAVA_VERSION="25" 
JAVA_VERSION_DATE="2025-09-16" 
LIBC="default" 
MODULES="java.base java.compiler java.datatransfer java.xml java.prefs java.desktop java.instrument java.logging java.management java.security.sasl java.naming java.rmi java.management.rmi java.net.http java.scripting java.security.jgss java.transaction.xa java.sql java.sql.rowset java.xml.crypto java.se java.smartcardio jdk.accessibility jdk.internal.jvmstat jdk.attach jdk.charsets jdk.internal.opt jdk.zipfs jdk.compiler jdk.crypto.cryptoki jdk.crypto.ec jdk.crypto.mscapi jdk.dynalink jdk.internal.ed jdk.editpad jdk.internal.vm.ci jdk.graal.compiler jdk.graal.compiler.management jdk.hotspot.agent jdk.httpserver jdk.incubator.vector jdk.internal.le jdk.internal.md jdk.jartool jdk.javadoc jdk.jcmd jdk.management jdk.management.agent jdk.jconsole jdk.jdeps jdk.jdwp.agent jdk.jdi jdk.jfr jdk.jlink jdk.jpackage jdk.jshell jdk.jsobject jdk.jstatd jdk.localedata jdk.management.jfr jdk.naming.dns jdk.naming.rmi jdk.net jdk.nio.mapmode jdk.sctp jdk.security.auth jdk.security.jgss jdk.unsupported jdk.unsupported.desktop jdk.xml.dom" 
OS_ARCH="x86_64" 
OS_NAME="Windows" 
SOURCE=".:git:49d6a23b8806 open:git:6c48f4ed707b" 

Environment Variables:
PATH=C:/Users/bryan/.p2/pool/plugins/org.eclipse.justj.openjdk.hotspot.jre.full.win32.x86_64_21.0.8.v20250724-1412/jre/bin/server;C:/Users/bryan/.p2/pool/plugins/org.eclipse.justj.openjdk.hotspot.jre.full.win32.x86_64_21.0.8.v20250724-1412/jre/bin;C:/Users/bryan/AppData/Local/Temp/eoiF750.tmp//plugins/org.eclipse.justj.openjdk.hotspot.jre.minimal.stripped.win32.x86_64_21.0.8.v20250724-1412/jre/bin/server;C:/Users/bryan/AppData/Local/Temp/eoiF750.tmp//plugins/org.eclipse.justj.openjdk.hotspot.jre.minimal.stripped.win32.x86_64_21.0.8.v20250724-1412/jre/bin;C:\Program Files\Google\Chrome\Application;C:\Program Files\Common Files\Oracle\Java\javapath;C:\Program Files (x86)\Intel\iCLS Client\;C:\Program Files\Intel\iCLS Client\;C:\WINDOWS\system32;C:\WINDOWS;C:\WINDOWS\System32\Wbem;C:\WINDOWS\System32\WindowsPowerShell\v1.0\;C:\Program Files (x86)\Intel\Intel(R) Management Engine Components\DAL;C:\Program Files\Intel\Intel(R) Management Engine Components\DAL;C:\Program Files (x86)\Intel\Intel(R) Management Engine Components\IPT;C:\Program Files\Intel\Intel(R) Management Engine Components\IPT;C:\Program Files (x86)\NVIDIA Corporation\PhysX\Common;C:\WINDOWS\system32;C:\WINDOWS;C:\WINDOWS\System32\Wbem;C:\WINDOWS\System32\WindowsPowerShell\v1.0\;C:\WINDOWS\System32\OpenSSH\;C:\Program Files\NVIDIA Corporation\NVIDIA App\NvDLISR;C:\Program Files\dotnet\;C:\Program Files\Git\cmd;C:\Program Files\nodejs\;C:\Users\bryan\AppData\Local\Programs\Python\Python313\Scripts\;C:\Users\bryan\AppData\Local\Programs\Python\Python313\;C:\Users\bryan\AppData\Local\Programs\Python\Launcher\;C:\Users\bryan\AppData\Local\Microsoft\WindowsApps;C:\Users\bryan\AppData\Local\Programs\Microsoft VS Code\bin;C:\Users\bryan\AppData\Local\GitHubDesktop\bin;C:\Users\bryan\AppData\Roaming\npm;C:\Program Files\JetBrains\IntelliJ IDEA Community Edition 2025.2.3\bin;C:\Program Files\MongoDB\Server\8.2\bin;;C:\Users\bryan\Downloads;;C:\Users\bryan\Downloads;
USERNAME=bryan
OS=Windows_NT
PROCESSOR_IDENTIFIER=Intel64 Family 6 Model 158 Stepping 9, GenuineIntel
TMP=C:\Users\bryan\AppData\Local\Temp
TEMP=C:\Users\bryan\AppData\Local\Temp




Compilation memory statistics disabled.

Periodic native trim disabled

---------------  S Y S T E M  ---------------

OS:
 Windows 10 , 64 bit Build 19041 (10.0.19041.5915)
OS uptime: 0 days 1:03 hours

CPU: total 8 (initial active 8) (4 cores per cpu, 2 threads per core) family 6 model 158 stepping 9 microcode 0xb4, cx8, cmov, fxsr, ht, mmx, 3dnowpref, sse, sse2, sse3, ssse3, sse4.1, sse4.2, popcnt, lzcnt, tsc, tscinvbit, avx, avx2, aes, erms, clmul, bmi1, bmi2, adx, fma, vzeroupper, clflush, clflushopt, rdtscp, f16c
Processor Information for the first 8 processors :
  Max Mhz: 2808, Current Mhz: 2808, Mhz Limit: 2808

Memory: 4k page, system-wide physical 16262M (2838M free)
TotalPageFile size 19733M (AvailPageFile size 2857M)
current process WorkingSet (physical memory assigned to process): 160M, peak: 160M
current process commit charge ("private bytes"): 407M, peak: 407M

vm_info: Java HotSpot(TM) 64-Bit Server VM (25+37-LTS-3491) for windows-amd64 JRE (25+37-LTS-3491), built on 2025-08-14T21:13:00Z with unknown MS VC++:1943

END.
