#
# A fatal error has been detected by the Java Runtime Environment:
#
#  EXCEPTION_ACCESS_VIOLATION (0xc0000005) at pc=0x00007fffe103d960, pid=16784, tid=21948
#
# JRE version: Java(TM) SE Runtime Environment (25.0+37) (build 25+37-LTS-3491)
# Java VM: Java HotSpot(TM) 64-Bit Server VM (25+37-LTS-3491, mixed mode, sharing, tiered, compressed oops, compressed class ptrs, g1 gc, windows-amd64)
# Problematic frame:
# C  [igdumdim64.dll+0x11d960]
#
# No core dump will be written. Minidumps are not enabled by default on client versions of Windows
#
# If you would like to submit a bug report, please visit:
#   https://bugreport.java.com/bugreport/crash.jsp
# The crash happened outside the Java Virtual Machine in native code.
# See problematic frame for where to report the bug.
#

---------------  S U M M A R Y ------------

Command Line: -Dfile.encoding=UTF-8 -Dstdout.encoding=UTF-8 -Dstderr.encoding=UTF-8 --module-path=C:\Users\bryan\Documents\GitHub\COMP485-Project1\target\classes;C:\Users\bryan\.m2\repository\org\openjfx\javafx-controls\21.0.6\javafx-controls-21.0.6-win.jar;C:\Users\bryan\.m2\repository\org\openjfx\javafx-graphics\21.0.6\javafx-graphics-21.0.6-win.jar;C:\Users\bryan\.m2\repository\org\openjfx\javafx-base\21.0.6\javafx-base-21.0.6-win.jar;C:\Users\bryan\.m2\repository\org\openjfx\javafx-fxml\21.0.6\javafx-fxml-21.0.6-win.jar -XX:+ShowCodeDetailsInExceptionMessages -Djdk.module.main=com.example.project1 com.example.project1/com.example.project1.Launcher

Host: Intel(R) Core(TM) i7-7700HQ CPU @ 2.80GHz, 8 cores, 15G,  Windows 10 , 64 bit Build 19041 (10.0.19041.5915)
Time: Wed Oct  8 21:45:43 2025 Pacific Daylight Time elapsed time: 1.844662 seconds (0d 0h 0m 1s)

---------------  T H R E A D  ---------------

Current thread (0x0000021f526ca280):  JavaThread "QuantumRenderer-0" daemon [_thread_in_native, id=21948, stack(0x000000ef63600000,0x000000ef63700000) (1024K)]

Stack: [0x000000ef63600000,0x000000ef63700000],  sp=0x000000ef636fde58,  free space=1015k
Native frames: (J=compiled Java code, j=interpreted, Vv=VM code, C=native code)
C  [igdumdim64.dll+0x11d960]  (no source info available)
C  [igdumdim64.dll+0x781de]  (no source info available)
C  [d3d9.dll+0x35af4]  (no source info available)
C  [d3d9.dll+0x13ad91]  (no source info available)
C  [d3d9.dll+0x11b8ce]  (no source info available)
C  [d3d9.dll+0xbae34]  (no source info available)
C  [prism_d3d.dll+0xa376]  (no source info available)
C  [prism_d3d.dll+0x85d4]  (no source info available)
C  [prism_d3d.dll+0x8b5f]  (no source info available)
C  0x0000021f3e22d193  (no source info available)

The last pc belongs to native method entry point (kind = native) (printed below).
Java frames: (J=compiled Java code, j=interpreted, Vv=VM code)
j  com.sun.prism.d3d.D3DResourceFactory.nUpdateTextureB(JJLjava/nio/ByteBuffer;[BIIIIIIII)I+0 javafx.graphics@21.0.6
j  com.sun.prism.d3d.D3DTexture.update(Ljava/nio/Buffer;Lcom/sun/prism/PixelFormat;IIIIIII)V+205 javafx.graphics@21.0.6
j  com.sun.prism.d3d.D3DTexture.update(Ljava/nio/Buffer;Lcom/sun/prism/PixelFormat;IIIIIIIZ)V+89 javafx.graphics@21.0.6
j  com.sun.prism.impl.GlyphCache.getCachedGlyph(II)Lcom/sun/prism/impl/GlyphCache$GlyphData;+436 javafx.graphics@21.0.6
j  com.sun.prism.impl.GlyphCache.render(Lcom/sun/prism/impl/BaseContext;Lcom/sun/javafx/scene/text/GlyphList;FFIILcom/sun/prism/paint/Color;Lcom/sun/prism/paint/Color;Lcom/sun/javafx/geom/transform/BaseTransform;Lcom/sun/javafx/geom/BaseBounds;)V+157 javafx.graphics@21.0.6
j  com.sun.prism.impl.ps.BaseShaderGraphics.drawString(Lcom/sun/javafx/scene/text/GlyphList;Lcom/sun/javafx/font/FontStrike;FFLcom/sun/prism/paint/Color;II)V+853 javafx.graphics@21.0.6
j  com.sun.javafx.sg.prism.NGText.renderText(Lcom/sun/prism/Graphics;Lcom/sun/javafx/font/FontStrike;Lcom/sun/javafx/geom/BaseBounds;Lcom/sun/prism/paint/Color;I)V+208 javafx.graphics@21.0.6
j  com.sun.javafx.sg.prism.NGText.renderContent2D(Lcom/sun/prism/Graphics;Z)V+238 javafx.graphics@21.0.6
j  com.sun.javafx.sg.prism.NGShape.renderContent(Lcom/sun/prism/Graphics;)V+454 javafx.graphics@21.0.6
j  com.sun.javafx.sg.prism.NGNode.doRender(Lcom/sun/prism/Graphics;)V+330 javafx.graphics@21.0.6
j  com.sun.javafx.sg.prism.NGNode.render(Lcom/sun/prism/Graphics;)V+35 javafx.graphics@21.0.6
j  com.sun.javafx.sg.prism.NGGroup.renderContent(Lcom/sun/prism/Graphics;)V+151 javafx.graphics@21.0.6
j  com.sun.javafx.sg.prism.NGRegion.renderContent(Lcom/sun/prism/Graphics;)V+111 javafx.graphics@21.0.6
j  com.sun.javafx.sg.prism.NGNode.doRender(Lcom/sun/prism/Graphics;)V+330 javafx.graphics@21.0.6
j  com.sun.javafx.sg.prism.NGNode.render(Lcom/sun/prism/Graphics;)V+35 javafx.graphics@21.0.6
j  com.sun.javafx.tk.quantum.ViewPainter.doPaint(Lcom/sun/prism/Graphics;Lcom/sun/javafx/sg/prism/NodePath;)V+202 javafx.graphics@21.0.6
j  com.sun.javafx.tk.quantum.ViewPainter.paintImpl(Lcom/sun/prism/Graphics;)V+976 javafx.graphics@21.0.6
j  com.sun.javafx.tk.quantum.PresentingPainter.run()V+331 javafx.graphics@21.0.6
j  java.util.concurrent.Executors$RunnableAdapter.call()Ljava/lang/Object;+4 java.base@25
j  java.util.concurrent.FutureTask.runAndReset()Z+44 java.base@25
j  com.sun.javafx.tk.RenderJob.run()V+1 javafx.graphics@21.0.6
j  java.util.concurrent.ThreadPoolExecutor.runWorker(Ljava/util/concurrent/ThreadPoolExecutor$Worker;)V+92 java.base@25
j  java.util.concurrent.ThreadPoolExecutor$Worker.run()V+5 java.base@25
j  com.sun.javafx.tk.quantum.QuantumRenderer$PipelineRunnable.run()V+8 javafx.graphics@21.0.6
j  java.lang.Thread.runWith(Ljava/lang/Object;Ljava/lang/Runnable;)V+5 java.base@25
j  java.lang.Thread.run()V+19 java.base@25
v  ~StubRoutines::call_stub 0x0000021f3e2212ed

siginfo: EXCEPTION_ACCESS_VIOLATION (0xc0000005), writing address 0x0000000000000000


Registers:
RAX=0x0000000000000000, RBX=0x0000000000000000, RCX=0x0000021f5276c900, RDX=0x0000021f52809f20
RSP=0x000000ef636fde58, RBP=0x0000021f52809f20, RSI=0x0000000000000002, RDI=0x0000021f52809bf0
R8 =0x0000000000000000, R9 =0x0000021f52809bf0, R10=0x0000000000000000, R11=0x0000000000000003
R12=0x0000000000000000, R13=0x0000021f5276c900, R14=0x000000ef636fdf70, R15=0x0000000000000000
RIP=0x00007fffe103d960, EFLAGS=0x0000000000010202

XMM[0]=0x0000000f0000000e 0x0000000000000000
XMM[1]=0x0000000f0000000e 0x0000000000000000
XMM[2]=0x0000000000000000 0x0000000000000000
XMM[3]=0x0000000000000000 0x0000000000000000
XMM[4]=0x0000000000000000 0x0000000100000000
XMM[5]=0x468b4168244489a0 0x468b4160244489a8
XMM[6]=0x0000000000000000 0x4a319941fc018edf
XMM[7]=0x0000000000000000 0x59db6a41e191dddf
XMM[8]=0x0000000000000000 0x34e63b4167e12cdf
XMM[9]=0x0000000000000000 0x351b734c4789fad8
XMM[10]=0x0000000000000000 0xe14fd9ee7c97227f
XMM[11]=0x0000000000000000 0xb76c25743b68cd3d
XMM[12]=0x0000000000000000 0x5120ff6c12573cf1
XMM[13]=0x0000000000000000 0x0000000000000000
XMM[14]=0x0000000000000000 0x0000000000000000
XMM[15]=0x0000000000000000 0x0000000000000000
  MXCSR=0x00001fa0


Register to memory mapping:

RAX=0x0 is null
RBX=0x0 is null
RCX=0x0000021f5276c900 points into unknown readable memory: 0x0000000000000000 | 00 00 00 00 00 00 00 00
RDX=0x0000021f52809f20 points into unknown readable memory: 0x0000021f52c27570 | 70 75 c2 52 1f 02 00 00
RSP=0x000000ef636fde58 is pointing into the stack for thread: 0x0000021f526ca280
RBP=0x0000021f52809f20 points into unknown readable memory: 0x0000021f52c27570 | 70 75 c2 52 1f 02 00 00
RSI=0x0000000000000002 is an unknown value
RDI=0x0000021f52809bf0 points into unknown readable memory: 0x0000021f52d78510 | 10 85 d7 52 1f 02 00 00
R8 =0x0 is null
R9 =0x0000021f52809bf0 points into unknown readable memory: 0x0000021f52d78510 | 10 85 d7 52 1f 02 00 00
R10=0x0 is null
R11=0x0000000000000003 is an unknown value
R12=0x0 is null
R13=0x0000021f5276c900 points into unknown readable memory: 0x0000000000000000 | 00 00 00 00 00 00 00 00
R14=0x000000ef636fdf70 is pointing into the stack for thread: 0x0000021f526ca280
R15=0x0 is null

Top of Stack: (sp=0x000000ef636fde58)
0x000000ef636fde58:   00007fffe0f981de 0000000000000000   ................
0x000000ef636fde68:   0000021f52809f20 0000000000000000    ..R............
0x000000ef636fde78:   0000021f52809bf0 0000021f00000000   ...R............
0x000000ef636fde88:   000000ef636fdf7c 000000ef636fdf48   |.oc....H.oc....
0x000000ef636fde98:   0000000000000000 0000000000000000   ................
0x000000ef636fdea8:   0000000000000000 0000000000000000   ................
0x000000ef636fdeb8:   0000000000000000 0000000000000000   ................
0x000000ef636fdec8:   0000000000000000 0000000000000000   ................
0x000000ef636fded8:   0000000000000000 0000000000000000   ................
0x000000ef636fdee8:   0000000000000000 0000000000000000   ................
0x000000ef636fdef8:   0000021f52ec0ae0 0000021f52855620   ...R.... V.R....
0x000000ef636fdf08:   0000021f52ec1d40 0000000000000000   @..R............
0x000000ef636fdf18:   0000021f52eebfc0 0000000000000000   ...R............
0x000000ef636fdf28:   000000ef636fdfa9 0000021f52872060   ..oc....` .R....
0x000000ef636fdf38:   00007ff803385af4 0000000000000000   .Z8.............
0x000000ef636fdf48:   0000000000000000 0000000000000000   ................
0x000000ef636fdf58:   0000000000000000 0000000000000000   ................
0x000000ef636fdf68:   0000000000000000 0000021f52809f20   ........ ..R....
0x000000ef636fdf78:   0000000000000000 0000000e00000000   ................
0x000000ef636fdf88:   000000000000000f 0000021f52809bf0   ...........R....
0x000000ef636fdf98:   0000000000000000 0000000e00000000   ................
0x000000ef636fdfa8:   000000000000000f 000000ef00000000   ................
0x000000ef636fdfb8:   00007ff803360394 00001e6eecb7a4c2   ..6.........n...
0x000000ef636fdfc8:   00007ff803381557 0000000000000000   W.8.............
0x000000ef636fdfd8:   0000021f52c717e0 000000ef636fe200   ...R......oc....
0x000000ef636fdfe8:   00007ff80348ad91 0000000000000000   ..H.............
0x000000ef636fdff8:   0000000000000000 0000000000000000   ................
0x000000ef636fe008:   0000000000000000 0000021f52d78510   ...........R....
0x000000ef636fe018:   000000ef636fe040 0000021f00000000   @.oc............
0x000000ef636fe028:   0000000000000000 000000ef636fe210   ..........oc....
0x000000ef636fe038:   000000ef636fe220 0000000000000000    .oc............
0x000000ef636fe048:   0000000f0000000e 0000000000000000   ................

Instructions: (pc=0x00007fffe103d960)
  0x00007fffe103d860:   00 00 00 00 00 00 00 00 00 00 00 00 00 00 00 00
  0x00007fffe103d870:   00 00 00 00 00 00 00 00 00 00 00 00 00 00 00 00
  0x00007fffe103d880:   00 00 00 00 00 00 00 00 00 00 00 00 00 00 00 00
  0x00007fffe103d890:   00 00 00 00 00 00 00 00 00 00 00 00 00 00 00 00
  0x00007fffe103d8a0:   00 00 00 00 00 00 00 00 00 00 00 00 00 00 00 00
  0x00007fffe103d8b0:   00 00 00 00 00 00 00 00 00 00 00 00 00 00 00 00
  0x00007fffe103d8c0:   00 00 00 00 00 00 00 00 00 00 00 00 00 00 00 00
  0x00007fffe103d8d0:   00 00 00 00 00 00 00 00 00 00 00 00 00 00 00 00
  0x00007fffe103d8e0:   00 00 00 00 00 00 00 00 00 00 00 00 00 00 00 00
  0x00007fffe103d8f0:   00 00 00 00 00 00 00 00 00 00 00 00 00 00 00 00
  0x00007fffe103d900:   00 00 00 00 00 00 00 00 00 00 00 00 00 00 00 00
  0x00007fffe103d910:   00 00 00 00 00 00 00 00 00 00 00 00 00 00 00 00
  0x00007fffe103d920:   00 00 00 00 00 00 00 00 00 00 00 00 00 00 00 00
  0x00007fffe103d930:   00 00 00 00 00 00 00 00 00 00 00 00 00 00 00 00
  0x00007fffe103d940:   00 00 00 00 00 00 00 00 00 00 00 00 00 00 00 00
  0x00007fffe103d950:   00 00 00 00 00 00 00 00 00 00 00 00 00 00 00 00
=>0x00007fffe103d960:   00 00 00 00 00 00 00 00 00 00 00 00 00 00 00 00
  0x00007fffe103d970:   00 00 00 00 00 00 00 00 00 00 00 00 00 00 00 00
  0x00007fffe103d980:   00 00 00 00 00 00 00 00 00 00 00 00 00 00 00 00
  0x00007fffe103d990:   00 00 00 00 00 00 00 00 00 00 00 00 00 00 00 00
  0x00007fffe103d9a0:   00 00 00 00 00 00 00 00 00 00 00 00 00 00 00 00
  0x00007fffe103d9b0:   00 00 00 00 00 00 00 00 00 00 00 00 00 00 00 00
  0x00007fffe103d9c0:   00 00 00 00 00 00 00 00 00 00 00 00 00 00 00 00
  0x00007fffe103d9d0:   00 00 00 00 00 00 00 00 00 00 00 00 00 00 00 00
  0x00007fffe103d9e0:   00 00 00 00 00 00 00 00 00 00 00 00 00 00 00 00
  0x00007fffe103d9f0:   00 00 00 00 00 00 00 00 00 00 00 00 00 00 00 00
  0x00007fffe103da00:   00 00 00 00 00 00 00 00 00 00 00 00 00 00 00 00
  0x00007fffe103da10:   00 00 00 00 00 00 00 00 00 00 00 00 00 00 00 00
  0x00007fffe103da20:   00 00 00 00 00 00 00 00 00 00 00 00 00 00 00 00
  0x00007fffe103da30:   00 00 00 00 00 00 00 00 00 00 00 00 00 00 00 00
  0x00007fffe103da40:   00 00 00 00 00 00 00 00 00 00 00 00 00 00 00 00
  0x00007fffe103da50:   00 00 00 00 00 00 00 00 00 00 00 00 00 00 00 00


Stack slot to memory mapping:

stack at sp + 0 slots: 0x00007fffe0f981de igdumdim64.dll
stack at sp + 1 slots: 0x0 is null
stack at sp + 2 slots: 0x0000021f52809f20 points into unknown readable memory: 0x0000021f52c27570 | 70 75 c2 52 1f 02 00 00
stack at sp + 3 slots: 0x0 is null
stack at sp + 4 slots: 0x0000021f52809bf0 points into unknown readable memory: 0x0000021f52d78510 | 10 85 d7 52 1f 02 00 00
stack at sp + 5 slots: 0x0000021f00000000 is an unknown value
stack at sp + 6 slots: 0x000000ef636fdf7c is pointing into the stack for thread: 0x0000021f526ca280
stack at sp + 7 slots: 0x000000ef636fdf48 is pointing into the stack for thread: 0x0000021f526ca280

Lock stack of current Java thread (top to bottom):

native method entry point (kind = native)  [0x0000021f3e22cdc0, 0x0000021f3e22d8b8]  2808 bytes
[MachCode]
  0x0000021f3e22cdc0: 488b 4b08 | 0fb7 492e | 584c 8d74 | ccf8 6800 | 0000 0068 | 0000 0000 | 5055 488b | ec41 5548 
  0x0000021f3e22cde0: 8b43 084c | 8d68 3848 | 8b40 0868 | 0000 0000 | 5348 8b50 | 1848 8b52 | 7048 8b12 | 5248 8b53 
  0x0000021f3e22ce00: 1048 85d2 | 7407 4881 | c2d0 0000 | 0052 488b | 5010 5249 | 8bc6 482b | c548 c1e8 | 0350 6800 
  0x0000021f3e22ce20: 0000 0068 | f7ff ffff | 41c6 87f1 | 0400 0001 | 488b 4310 | 4885 c074 | 208b 8890 | 0000 0083 
  0x0000021f3e22ce40: c102 8988 | 9000 0000 | 2388 a400 | 0000 0f84 | b209 0000 | e9cf 0000 | 0048 8b43 | 1848 85c0 
  0x0000021f3e22ce60: 0f85 b000 | 0000 e805 | 0000 00e9 | 9900 0000 | 488b d348 | 8d44 2408 | 4c89 6dc0 | 498b cfc5 
  0x0000021f3e22ce80: f877 4989 | af38 0400 | 0049 8987 | 2804 0000 | 4883 ec20 | 40f6 c40f | 0f84 1900 | 0000 4883 
  0x0000021f3e22cea0: ec08 48b8 | e01e 2848 | f87f 0000 | ffd0 4883 | c408 e90c | 0000 0048 | b8e0 1e28 | 48f8 7f00 
  0x0000021f3e22cec0: 00ff d048 | 83c4 2049 | c787 2804 | 0000 0000 | 0000 49c7 | 8738 0400 | 0000 0000 | 0049 c787 
  0x0000021f3e22cee0: 3004 0000 | 0000 0000 | c5f8 7749 | 837f 0800 | 0f84 0500 | 0000 e9e5 | 42ff ff4c | 8b6d c04c 
  0x0000021f3e22cf00: 8b75 c84e | 8d74 f500 | c348 8b43 | 1848 85c0 | 0f84 1200 | 0000 8b48 | 0883 c102 | 8948 0823 
  0x0000021f3e22cf20: 482c 0f84 | de08 0000 | 493b a770 | 0500 000f | 8748 0000 | 0089 8424 | 00f0 ffff | 8984 2400 
  0x0000021f3e22cf40: e0ff ff89 | 8424 00d0 | ffff 8984 | 2400 c0ff | ff89 8424 | 00b0 ffff | 8984 2400 | a0ff ff89 
  0x0000021f3e22cf60: 8424 0090 | ffff 8984 | 2400 80ff | ff49 3ba7 | 6805 0000 | 7607 4989 | a770 0500 | 0041 c687 
  0x0000021f3e22cf80: f104 0000 | 0048 8b5d | e84c 8b5b | 0845 0fb7 | 5b2e 41c1 | e303 492b | e348 83ec | 2048 83e4 
  0x0000021f3e22cfa0: f04c 8b5b | 604d 85db | 0f85 ab00 | 0000 e805 | 0000 00e9 | 9900 0000 | 488b d348 | 8d44 2408 
  0x0000021f3e22cfc0: 4c89 6dc0 | 498b cfc5 | f877 4989 | af38 0400 | 0049 8987 | 2804 0000 | 4883 ec20 | 40f6 c40f 
  0x0000021f3e22cfe0: 0f84 1900 | 0000 4883 | ec08 48b8 | 1048 2848 | f87f 0000 | ffd0 4883 | c408 e90c | 0000 0048 
  0x0000021f3e22d000: b810 4828 | 48f8 7f00 | 00ff d048 | 83c4 2049 | c787 2804 | 0000 0000 | 0000 49c7 | 8738 0400 
  0x0000021f3e22d020: 0000 0000 | 0049 c787 | 3004 0000 | 0000 0000 | c5f8 7749 | 837f 0800 | 0f84 0500 | 0000 e99d 
  0x0000021f3e22d040: 41ff ff4c | 8b6d c04c | 8b75 c84e | 8d74 f500 | c348 8b5d | e84c 8b5b | 6041 ffd3 | 488b 5de8 
  0x0000021f3e22d060: 4889 4518 | 440f b75b | 2c41 f6c3 | 080f 841b | 0000 004c | 8b5b 084d | 8b5b 084d | 8b5b 184d 
  0x0000021f3e22d080: 8b5b 704d | 8b1b 4c89 | 5d10 488d | 5510 488b | 4358 49ba | 800e 6348 | f87f 0000 | 493b c20f 
  0x0000021f3e22d0a0: 85ab 0000 | 00e8 0500 | 0000 e999 | 0000 0048 | 8bd3 488d | 4424 084c | 896d c049 | 8bcf c5f8 
  0x0000021f3e22d0c0: 7749 89af | 3804 0000 | 4989 8728 | 0400 0048 | 83ec 2040 | f6c4 0f0f | 8419 0000 | 0048 83ec 
  0x0000021f3e22d0e0: 0848 b810 | 4828 48f8 | 7f00 00ff | d048 83c4 | 08e9 0c00 | 0000 48b8 | 1048 2848 | f87f 0000 
  0x0000021f3e22d100: ffd0 4883 | c420 49c7 | 8728 0400 | 0000 0000 | 0049 c787 | 3804 0000 | 0000 0000 | 49c7 8730 
  0x0000021f3e22d120: 0400 0000 | 0000 00c5 | f877 4983 | 7f08 000f | 8405 0000 | 00e9 a640 | ffff 4c8b | 6dc0 4c8b 
  0x0000021f3e22d140: 75c8 4e8d | 74f5 00c3 | 488b 5de8 | 488b 4358 | 498d 8f48 | 0400 004c | 8d15 d500 | 0000 4d89 
  0x0000021f3e22d160: 9730 0400 | 00c5 f877 | 4989 af38 | 0400 0049 | 89a7 2804 | 0000 41c7 | 87d4 0400 | 0004 0000 
  0x0000021f3e22d180: 0049 3ba7 | c805 0000 | 7607 4989 | a7c8 0500 | 00ff d049 | 3ba7 c805 | 0000 720b | 49c7 87c8 
  0x0000021f3e22d1a0: 0500 0000 | 0000 00c5 | f877 4883 | ec10 c5fb | 1104 2448 | 83ec 1048 | 8904 2448 | c744 2408 
  0x0000021f3e22d1c0: 0000 0000 | 41c7 87d4 | 0400 0005 | 0000 00f0 | 8344 24c0 | 0049 3b6f | 280f 870e | 0000 0041 
  0x0000021f3e22d1e0: 83bf d004 | 0000 000f | 8420 0000 | 0049 8bcf | 4c8b e448 | 83ec 2048 | 83e4 f048 | b840 ac29 
  0x0000021f3e22d200: 48f8 7f00 | 00ff d049 | 8be4 4d33 | e441 c787 | d404 0000 | 0800 0000 | 4d8b 97f0 | 0500 0049 
  0x0000021f3e22d220: 83fa 0074 | 3549 c787 | f005 0000 | 0000 0000 | 41ff e249 | ba60 be22 | 3e1f 0200 | 0041 ffd2 
  0x0000021f3e22d240: 4883 ec10 | c5fb 1104 | 2448 83ec | 1048 8904 | 2448 c744 | 2408 0000 | 0000 49c7 | 8728 0400 
  0x0000021f3e22d260: 0000 0000 | 0049 c787 | 3804 0000 | 0000 0000 | 49c7 8730 | 0400 0000 | 0000 00c5 | f877 4d8b 
  0x0000021f3e22d280: 9fb8 0400 | 0041 c783 | 0001 0000 | 0000 0000 | 49bb 5aa7 | 223e 1f02 | 0000 4c3b | 5d18 0f85 
  0x0000021f3e22d2a0: 5501 0000 | 488b 0424 | 4883 c410 | 4885 c00f | 842f 0100 | 00a8 030f | 8508 0000 | 0048 8b00 
  0x0000021f3e22d2c0: e91f 0100 | 00a8 010f | 8509 0000 | 0048 8b40 | fee9 0e01 | 0000 488b | 40ff 4180 | 7f48 000f 
  0x0000021f3e22d2e0: 84ff 0000 | 0048 83f8 | 000f 84f5 | 0000 004d | 8b5f 384d | 85db 0f84 | 1400 0000 | 4983 eb08 
  0x0000021f3e22d300: 4d89 5f38 | 4d03 5f40 | 4989 03e9 | d400 0000 | 4883 ec70 | 4889 0424 | 4889 4c24 | 0848 8954 
  0x0000021f3e22d320: 2410 4c89 | 4424 184c | 894c 2420 | 4c89 5424 | 284c 895c | 2430 c5fb | 1144 2440 | c5fb 114c 
  0x0000021f3e22d340: 2448 c5fb | 1154 2450 | c5fb 115c | 2458 c5fb | 1164 2460 | c5fb 116c | 2468 498b | d748 8bc8 
  0x0000021f3e22d360: 4883 ec20 | 40f6 c40f | 0f84 1900 | 0000 4883 | ec08 48b8 | 2076 1c48 | f87f 0000 | ffd0 4883 
  0x0000021f3e22d380: c408 e90c | 0000 0048 | b820 761c | 48f8 7f00 | 00ff d048 | 83c4 20c5 | fb10 6c24 | 68c5 fb10 
  0x0000021f3e22d3a0: 6424 60c5 | fb10 5c24 | 58c5 fb10 | 5424 50c5 | fb10 4c24 | 48c5 fb10 | 4424 404c | 8b5c 2430 
  0x0000021f3e22d3c0: 4c8b 5424 | 284c 8b4c | 2420 4c8b | 4424 1848 | 8b54 2410 | 488b 4c24 | 0848 8b04 | 2448 83c4 
  0x0000021f3e22d3e0: 70c5 f877 | 4889 4510 | 4883 ec10 | 4889 0424 | 48c7 4424 | 0800 0000 | 0041 83bf | 5005 0000 
  0x0000021f3e22d400: 020f 85bf | 0000 0048 | 81ec 8000 | 0000 4889 | 4424 7848 | 894c 2470 | 4889 5424 | 6848 895c 
  0x0000021f3e22d420: 2460 4889 | 6c24 5048 | 8974 2448 | 4889 7c24 | 404c 8944 | 2438 4c89 | 4c24 304c | 8954 2428 
  0x0000021f3e22d440: 4c89 5c24 | 204c 8964 | 2418 4c89 | 6c24 104c | 8974 2408 | 4c89 3c24 | 4c8b e448 | 83ec 2048 
  0x0000021f3e22d460: 83e4 f048 | b8f0 f562 | 48f8 7f00 | 00ff d049 | 8be4 4c8b | 3c24 4c8b | 7424 084c | 8b6c 2410 
  0x0000021f3e22d480: 4c8b 6424 | 184c 8b5c | 2420 4c8b | 5424 284c | 8b4c 2430 | 4c8b 4424 | 3848 8b7c | 2440 488b 
  0x0000021f3e22d4a0: 7424 4848 | 8b6c 2450 | 488b 5c24 | 6048 8b54 | 2468 488b | 4c24 7048 | 8b44 2478 | 4881 c480 
  0x0000021f3e22d4c0: 0000 004d | 33e4 488b | 5de8 4c8b | 6b08 4d8d | 6d38 4983 | 7f08 000f | 84bb 0000 | 00e8 0500 
  0x0000021f3e22d4e0: 0000 e996 | 0000 0048 | 8d44 2408 | 4c89 6dc0 | 498b cfc5 | f877 4989 | af38 0400 | 0049 8987 
  0x0000021f3e22d500: 2804 0000 | 4883 ec20 | 40f6 c40f | 0f84 1900 | 0000 4883 | ec08 48b8 | 5066 2848 | f87f 0000 
  0x0000021f3e22d520: ffd0 4883 | c408 e90c | 0000 0048 | b850 6628 | 48f8 7f00 | 00ff d048 | 83c4 2049 | c787 2804 
  0x0000021f3e22d540: 0000 0000 | 0000 49c7 | 8738 0400 | 0000 0000 | 0049 c787 | 3004 0000 | 0000 0000 | c5f8 7749 
  0x0000021f3e22d560: 837f 0800 | 0f84 0500 | 0000 e971 | 3cff ff4c | 8b6d c04c | 8b75 c84e | 8d74 f500 | c348 b938 
  0x0000021f3e22d580: 088c 48f8 | 7f00 0048 | 83e4 f048 | b850 8c4f | 48f8 7f00 | 00ff d0f4 | 440f b75b | 2c41 f6c3 
  0x0000021f3e22d5a0: 200f 8472 | 0100 0048 | 8d55 a84c | 8b5a 084d | 85db 0f85 | bb00 0000 | e805 0000 | 00e9 9600 
  0x0000021f3e22d5c0: 0000 488d | 4424 084c | 896d c049 | 8bcf c5f8 | 7749 89af | 3804 0000 | 4989 8728 | 0400 0048 
  0x0000021f3e22d5e0: 83ec 2040 | f6c4 0f0f | 8419 0000 | 0048 83ec | 0848 b880 | 6528 48f8 | 7f00 00ff | d048 83c4 
  0x0000021f3e22d600: 08e9 0c00 | 0000 48b8 | 8065 2848 | f87f 0000 | ffd0 4883 | c420 49c7 | 8728 0400 | 0000 0000 
  0x0000021f3e22d620: 0049 c787 | 3804 0000 | 0000 0000 | 49c7 8730 | 0400 0000 | 0000 00c5 | f877 4983 | 7f08 000f 
  0x0000021f3e22d640: 8405 0000 | 00e9 963b | ffff 4c8b | 6dc0 4c8b | 75c8 4e8d | 74f5 00c3 | 48b9 3808 | 8c48 f87f 
  0x0000021f3e22d660: 0000 4883 | e4f0 48b8 | 508c 4f48 | f87f 0000 | ffd0 f44c | 896d c04c | 8b4a 0848 | c742 0800 
  0x0000021f3e22d680: 0000 0045 | 8b87 d806 | 0000 4f3b | 4c07 f80f | 8542 0000 | 0041 83af | d806 0000 | 084f 3b4c 
  0x0000021f3e22d6a0: 07f0 0f84 | 2a00 0000 | 498b 01a8 | 020f 8512 | 0000 004c | 8bc0 4983 | c801 f04d | 0fb1 010f 
  0x0000021f3e22d6c0: 840d 0000 | 0041 8387 | d806 0000 | 08e9 0500 | 0000 e93e | 0000 004c | 894a 0848 | 8bca 4883 
  0x0000021f3e22d6e0: ec20 40f6 | c40f 0f84 | 1900 0000 | 4883 ec08 | 48b8 d037 | 2848 f87f | 0000 ffd0 | 4883 c408 
  0x0000021f3e22d700: e90c 0000 | 0048 b8d0 | 3728 48f8 | 7f00 00ff | d048 83c4 | 204c 8b6d | c041 c687 | 9603 0000 
  0x0000021f3e22d720: 0149 3b6f | 280f 8705 | 0000 00e9 | ab00 0000 | 4883 ec10 | c5fb 1104 | 2448 83ec | 1048 8904 
  0x0000021f3e22d740: 2448 c744 | 2408 0000 | 0000 c5f8 | 7749 89af | 3804 0000 | 49ba 4ad7 | 223e 1f02 | 0000 4d89 
  0x0000021f3e22d760: 9730 0400 | 0049 89a7 | 2804 0000 | 498b cf48 | 83ec 2040 | f6c4 0f0f | 8419 0000 | 0048 83ec 
  0x0000021f3e22d780: 0848 b870 | 1e28 48f8 | 7f00 00ff | d048 83c4 | 08e9 0c00 | 0000 48b8 | 701e 2848 | f87f 0000 
  0x0000021f3e22d7a0: ffd0 4883 | c420 49c7 | 8728 0400 | 0000 0000 | 0049 c787 | 3804 0000 | 0000 0000 | 49c7 8730 
  0x0000021f3e22d7c0: 0400 0000 | 0000 00c5 | f877 488b | 0424 4883 | c410 c5fb | 1004 2448 | 83c4 1048 | 8b04 2448 
  0x0000021f3e22d7e0: 83c4 10c5 | fb10 0424 | 4883 c410 | 4c8b 5d18 | 41ff d34c | 8b5d f8c9 | 41c6 8796 | 0300 0000 
  0x0000021f3e22d800: 5f49 8be3 | ffe7 ba00 | 0000 00e8 | 0500 0000 | e996 0000 | 0048 8d44 | 2408 4c89 | 6dc0 498b 
  0x0000021f3e22d820: cfc5 f877 | 4989 af38 | 0400 0049 | 8987 2804 | 0000 4883 | ec20 40f6 | c40f 0f84 | 1900 0000 
  0x0000021f3e22d840: 4883 ec08 | 48b8 c02d | 2848 f87f | 0000 ffd0 | 4883 c408 | e90c 0000 | 0048 b8c0 | 2d28 48f8 
  0x0000021f3e22d860: 7f00 00ff | d048 83c4 | 2049 c787 | 2804 0000 | 0000 0000 | 49c7 8738 | 0400 0000 | 0000 0049 
  0x0000021f3e22d880: c787 3004 | 0000 0000 | 0000 c5f8 | 7749 837f | 0800 0f84 | 0500 0000 | e943 39ff | ff4c 8b6d 
  0x0000021f3e22d8a0: c04c 8b75 | c84e 8d74 | f500 c348 | 8b5d e8e9 | 74f6 ffff | 0f1f 4000 
[/MachCode]

---------------  P R O C E S S  ---------------

Threads class SMR info:
_java_thread_list=0x0000021f5279e750, length=18, elements={
0x0000021f2c12f8c0, 0x0000021f4d999730, 0x0000021f4d999ef0, 0x0000021f4d99d2f0,
0x0000021f4d99e130, 0x0000021f4d99ecf0, 0x0000021f4d9a1cd0, 0x0000021f4d9b24b0,
0x0000021f4d9b89c0, 0x0000021f4dab0100, 0x0000021f52378c70, 0x0000021f522c5130,
0x0000021f526ca280, 0x0000021f52754230, 0x0000021f52758470, 0x0000021f52913660,
0x0000021f529b8780, 0x0000021f52ae3130
}

Java Threads: ( => current thread )
  0x0000021f2c12f8c0 JavaThread "main"                              [_thread_blocked, id=4764, stack(0x000000ef62500000,0x000000ef62600000) (1024K)]
  0x0000021f4d999730 JavaThread "Reference Handler"          daemon [_thread_blocked, id=21704, stack(0x000000ef62d00000,0x000000ef62e00000) (1024K)]
  0x0000021f4d999ef0 JavaThread "Finalizer"                  daemon [_thread_blocked, id=19152, stack(0x000000ef62e00000,0x000000ef62f00000) (1024K)]
  0x0000021f4d99d2f0 JavaThread "Signal Dispatcher"          daemon [_thread_blocked, id=22012, stack(0x000000ef62f00000,0x000000ef63000000) (1024K)]
  0x0000021f4d99e130 JavaThread "Attach Listener"            daemon [_thread_blocked, id=17352, stack(0x000000ef63000000,0x000000ef63100000) (1024K)]
  0x0000021f4d99ecf0 JavaThread "Service Thread"             daemon [_thread_blocked, id=18992, stack(0x000000ef63100000,0x000000ef63200000) (1024K)]
  0x0000021f4d9a1cd0 JavaThread "Monitor Deflation Thread"   daemon [_thread_blocked, id=17296, stack(0x000000ef63200000,0x000000ef63300000) (1024K)]
  0x0000021f4d9b24b0 JavaThread "C2 CompilerThread0"         daemon [_thread_blocked, id=2968, stack(0x000000ef63300000,0x000000ef63400000) (1024K)]
  0x0000021f4d9b89c0 JavaThread "C1 CompilerThread0"         daemon [_thread_blocked, id=14204, stack(0x000000ef63400000,0x000000ef63500000) (1024K)]
  0x0000021f4dab0100 JavaThread "Common-Cleaner"             daemon [_thread_blocked, id=21964, stack(0x000000ef63500000,0x000000ef63600000) (1024K)]
  0x0000021f52378c70 JavaThread "Notification Thread"        daemon [_thread_blocked, id=18684, stack(0x000000ef63800000,0x000000ef63900000) (1024K)]
  0x0000021f522c5130 JavaThread "JavaFX-Launcher"                   [_thread_blocked, id=20436, stack(0x000000ef63900000,0x000000ef63a00000) (1024K)]
=>0x0000021f526ca280 JavaThread "QuantumRenderer-0"          daemon [_thread_in_native, id=21948, stack(0x000000ef63600000,0x000000ef63700000) (1024K)]
  0x0000021f52754230 JavaThread "InvokeLaterDispatcher"      daemon [_thread_blocked, id=8268, stack(0x000000ef63700000,0x000000ef63800000) (1024K)]
  0x0000021f52758470 JavaThread "JavaFX Application Thread"         [_thread_blocked, id=21884, stack(0x000000ef63a00000,0x000000ef63b00000) (1024K)]
  0x0000021f52913660 JavaThread "Thread-2"                   daemon [_thread_in_native, id=12588, stack(0x000000ef63e00000,0x000000ef63f00000) (1024K)]
  0x0000021f529b8780 JavaThread "Prism Font Disposer"        daemon [_thread_blocked, id=22252, stack(0x000000ef63f00000,0x000000ef64000000) (1024K)]
  0x0000021f52ae3130 JavaThread "C2 CompilerThread1"         daemon [_thread_blocked, id=22496, stack(0x000000ef64000000,0x000000ef64100000) (1024K)]
Total: 18

Other Threads:
  0x0000021f4d9855d0 VMThread "VM Thread"                           [id=6284, stack(0x000000ef62c00000,0x000000ef62d00000) (1024K)]
  0x0000021f4d979ba0 WatcherThread "VM Periodic Task Thread"        [id=5424, stack(0x000000ef62b00000,0x000000ef62c00000) (1024K)]
  0x0000021f2e4cf470 WorkerThread "GC Thread#0"                     [id=21988, stack(0x000000ef62600000,0x000000ef62700000) (1024K)]
  0x0000021f52c83180 WorkerThread "GC Thread#1"                     [id=10404, stack(0x000000ef64500000,0x000000ef64600000) (1024K)]
  0x0000021f52c839c0 WorkerThread "GC Thread#2"                     [id=18544, stack(0x000000ef64600000,0x000000ef64700000) (1024K)]
  0x0000021f52c83df0 WorkerThread "GC Thread#3"                     [id=6696, stack(0x000000ef64700000,0x000000ef64800000) (1024K)]
  0x0000021f52c84220 WorkerThread "GC Thread#4"                     [id=21920, stack(0x000000ef64800000,0x000000ef64900000) (1024K)]
  0x0000021f52c84650 WorkerThread "GC Thread#5"                     [id=11976, stack(0x000000ef64900000,0x000000ef64a00000) (1024K)]
  0x0000021f2e4e8b80 ConcurrentGCThread "G1 Main Marker"            [id=20636, stack(0x000000ef62700000,0x000000ef62800000) (1024K)]
  0x0000021f2e4e9720 WorkerThread "G1 Conc#0"                       [id=13432, stack(0x000000ef62800000,0x000000ef62900000) (1024K)]
  0x0000021f4d8460c0 ConcurrentGCThread "G1 Refine#0"               [id=12816, stack(0x000000ef62900000,0x000000ef62a00000) (1024K)]
  0x0000021f4d846980 ConcurrentGCThread "G1 Service"                [id=20832, stack(0x000000ef62a00000,0x000000ef62b00000) (1024K)]
Total: 12

Threads with active compile tasks:
Total: 0

VM state: not at safepoint (normal execution)

VM Mutex/Monitor currently owned by a thread: None

Heap address: 0x0000000701e00000, size: 4066 MB, Compressed Oops mode: Zero based, Oop shift amount: 3

CDS archive(s) mapped at: [0x0000000006000000-0x0000000006dd0000-0x0000000006dd0000), size 14483456, SharedBaseAddress: 0x0000000006000000, ArchiveRelocationMode: 1.
Compressed class space mapped at: 0x0000000007000000-0x0000000047000000, reserved size: 1073741824
UseCompressedClassPointers 1, UseCompactObjectHeaders 0
Narrow klass pointer bits 32, Max shift 3
Narrow klass base: 0x0000000006000000, Narrow klass shift: 0
Encoding Range: [0x0000000006000000 - 0x0000000106000000), (4294967296 bytes)
Klass Range:    [0x0000000006010000 - 0x0000000047000000), (1090453504 bytes)
Klass ID Range:  [65536 - 1090519033) (1090453497)
Protection zone: [0x0000000006000000 - 0x0000000006010000), (65536 bytes)

GC Precious Log:
 CardTable entry size: 512
 Card Set container configuration: InlinePtr #cards 4 size 8 Array Of Cards #cards 16 size 48 Howl #buckets 8 coarsen threshold 3686 Howl Bitmap #cards 512 size 80 coarsen threshold 460 Card regions per heap region 1 cards per card region 4096
 CPUs: 8 total, 8 available
 Memory: 16262M
 Large Page Support: Disabled
 NUMA Support: Disabled
 Compressed Oops: Enabled (Zero based)
 Heap Region Size: 2M
 Heap Min Capacity: 8M
 Heap Initial Capacity: 256M
 Heap Max Capacity: 4066M
 Pre-touch: Disabled
 Parallel Workers: 8
 Concurrent Workers: 2
 Concurrent Refinement Workers: 8
 Periodic GC: Disabled

Heap:
 garbage-first heap   total reserved 4163584K, committed 264192K, used 21909K [0x0000000701e00000, 0x0000000800000000)
  region size 2048K, 13 young (26624K), 3 survivors (6144K)

Heap Regions: E=young(eden), S=young(survivor), O=old, HS=humongous(starts), HC=humongous(continues), CS=collection set, F=free, TAMS=top-at-mark-start, PB=parsable bottom
|   0|0x0000000701e00000, 0x0000000701e00000, 0x0000000702000000|  0%| F|  |TAMS 0x0000000701e00000| PB 0x0000000701e00000| Untracked |  0
|   1|0x0000000702000000, 0x0000000702000000, 0x0000000702200000|  0%| F|  |TAMS 0x0000000702000000| PB 0x0000000702000000| Untracked |  0
|   2|0x0000000702200000, 0x0000000702200000, 0x0000000702400000|  0%| F|  |TAMS 0x0000000702200000| PB 0x0000000702200000| Untracked |  0
|   3|0x0000000702400000, 0x0000000702400000, 0x0000000702600000|  0%| F|  |TAMS 0x0000000702400000| PB 0x0000000702400000| Untracked |  0
|   4|0x0000000702600000, 0x0000000702600000, 0x0000000702800000|  0%| F|  |TAMS 0x0000000702600000| PB 0x0000000702600000| Untracked |  0
|   5|0x0000000702800000, 0x0000000702800000, 0x0000000702a00000|  0%| F|  |TAMS 0x0000000702800000| PB 0x0000000702800000| Untracked |  0
|   6|0x0000000702a00000, 0x0000000702a00000, 0x0000000702c00000|  0%| F|  |TAMS 0x0000000702a00000| PB 0x0000000702a00000| Untracked |  0
|   7|0x0000000702c00000, 0x0000000702c00000, 0x0000000702e00000|  0%| F|  |TAMS 0x0000000702c00000| PB 0x0000000702c00000| Untracked |  0
|   8|0x0000000702e00000, 0x0000000702e00000, 0x0000000703000000|  0%| F|  |TAMS 0x0000000702e00000| PB 0x0000000702e00000| Untracked |  0
|   9|0x0000000703000000, 0x0000000703000000, 0x0000000703200000|  0%| F|  |TAMS 0x0000000703000000| PB 0x0000000703000000| Untracked |  0
|  10|0x0000000703200000, 0x0000000703200000, 0x0000000703400000|  0%| F|  |TAMS 0x0000000703200000| PB 0x0000000703200000| Untracked |  0
|  11|0x0000000703400000, 0x0000000703400000, 0x0000000703600000|  0%| F|  |TAMS 0x0000000703400000| PB 0x0000000703400000| Untracked |  0
|  12|0x0000000703600000, 0x0000000703600000, 0x0000000703800000|  0%| F|  |TAMS 0x0000000703600000| PB 0x0000000703600000| Untracked |  0
|  13|0x0000000703800000, 0x0000000703800000, 0x0000000703a00000|  0%| F|  |TAMS 0x0000000703800000| PB 0x0000000703800000| Untracked |  0
|  14|0x0000000703a00000, 0x0000000703a00000, 0x0000000703c00000|  0%| F|  |TAMS 0x0000000703a00000| PB 0x0000000703a00000| Untracked |  0
|  15|0x0000000703c00000, 0x0000000703c00000, 0x0000000703e00000|  0%| F|  |TAMS 0x0000000703c00000| PB 0x0000000703c00000| Untracked |  0
|  16|0x0000000703e00000, 0x0000000703e00000, 0x0000000704000000|  0%| F|  |TAMS 0x0000000703e00000| PB 0x0000000703e00000| Untracked |  0
|  17|0x0000000704000000, 0x0000000704000000, 0x0000000704200000|  0%| F|  |TAMS 0x0000000704000000| PB 0x0000000704000000| Untracked |  0
|  18|0x0000000704200000, 0x0000000704200000, 0x0000000704400000|  0%| F|  |TAMS 0x0000000704200000| PB 0x0000000704200000| Untracked |  0
|  19|0x0000000704400000, 0x0000000704400000, 0x0000000704600000|  0%| F|  |TAMS 0x0000000704400000| PB 0x0000000704400000| Untracked |  0
|  20|0x0000000704600000, 0x0000000704600000, 0x0000000704800000|  0%| F|  |TAMS 0x0000000704600000| PB 0x0000000704600000| Untracked |  0
|  21|0x0000000704800000, 0x0000000704800000, 0x0000000704a00000|  0%| F|  |TAMS 0x0000000704800000| PB 0x0000000704800000| Untracked |  0
|  22|0x0000000704a00000, 0x0000000704a00000, 0x0000000704c00000|  0%| F|  |TAMS 0x0000000704a00000| PB 0x0000000704a00000| Untracked |  0
|  23|0x0000000704c00000, 0x0000000704c00000, 0x0000000704e00000|  0%| F|  |TAMS 0x0000000704c00000| PB 0x0000000704c00000| Untracked |  0
|  24|0x0000000704e00000, 0x0000000704e00000, 0x0000000705000000|  0%| F|  |TAMS 0x0000000704e00000| PB 0x0000000704e00000| Untracked |  0
|  25|0x0000000705000000, 0x0000000705000000, 0x0000000705200000|  0%| F|  |TAMS 0x0000000705000000| PB 0x0000000705000000| Untracked |  0
|  26|0x0000000705200000, 0x0000000705200000, 0x0000000705400000|  0%| F|  |TAMS 0x0000000705200000| PB 0x0000000705200000| Untracked |  0
|  27|0x0000000705400000, 0x0000000705400000, 0x0000000705600000|  0%| F|  |TAMS 0x0000000705400000| PB 0x0000000705400000| Untracked |  0
|  28|0x0000000705600000, 0x0000000705600000, 0x0000000705800000|  0%| F|  |TAMS 0x0000000705600000| PB 0x0000000705600000| Untracked |  0
|  29|0x0000000705800000, 0x0000000705800000, 0x0000000705a00000|  0%| F|  |TAMS 0x0000000705800000| PB 0x0000000705800000| Untracked |  0
|  30|0x0000000705a00000, 0x0000000705a00000, 0x0000000705c00000|  0%| F|  |TAMS 0x0000000705a00000| PB 0x0000000705a00000| Untracked |  0
|  31|0x0000000705c00000, 0x0000000705c00000, 0x0000000705e00000|  0%| F|  |TAMS 0x0000000705c00000| PB 0x0000000705c00000| Untracked |  0
|  32|0x0000000705e00000, 0x0000000705e00000, 0x0000000706000000|  0%| F|  |TAMS 0x0000000705e00000| PB 0x0000000705e00000| Untracked |  0
|  33|0x0000000706000000, 0x0000000706000000, 0x0000000706200000|  0%| F|  |TAMS 0x0000000706000000| PB 0x0000000706000000| Untracked |  0
|  34|0x0000000706200000, 0x0000000706200000, 0x0000000706400000|  0%| F|  |TAMS 0x0000000706200000| PB 0x0000000706200000| Untracked |  0
|  35|0x0000000706400000, 0x0000000706400000, 0x0000000706600000|  0%| F|  |TAMS 0x0000000706400000| PB 0x0000000706400000| Untracked |  0
|  36|0x0000000706600000, 0x0000000706600000, 0x0000000706800000|  0%| F|  |TAMS 0x0000000706600000| PB 0x0000000706600000| Untracked |  0
|  37|0x0000000706800000, 0x0000000706800000, 0x0000000706a00000|  0%| F|  |TAMS 0x0000000706800000| PB 0x0000000706800000| Untracked |  0
|  38|0x0000000706a00000, 0x0000000706a00000, 0x0000000706c00000|  0%| F|  |TAMS 0x0000000706a00000| PB 0x0000000706a00000| Untracked |  0
|  39|0x0000000706c00000, 0x0000000706c00000, 0x0000000706e00000|  0%| F|  |TAMS 0x0000000706c00000| PB 0x0000000706c00000| Untracked |  0
|  40|0x0000000706e00000, 0x0000000706e00000, 0x0000000707000000|  0%| F|  |TAMS 0x0000000706e00000| PB 0x0000000706e00000| Untracked |  0
|  41|0x0000000707000000, 0x0000000707000000, 0x0000000707200000|  0%| F|  |TAMS 0x0000000707000000| PB 0x0000000707000000| Untracked |  0
|  42|0x0000000707200000, 0x0000000707200000, 0x0000000707400000|  0%| F|  |TAMS 0x0000000707200000| PB 0x0000000707200000| Untracked |  0
|  43|0x0000000707400000, 0x0000000707400000, 0x0000000707600000|  0%| F|  |TAMS 0x0000000707400000| PB 0x0000000707400000| Untracked |  0
|  44|0x0000000707600000, 0x0000000707600000, 0x0000000707800000|  0%| F|  |TAMS 0x0000000707600000| PB 0x0000000707600000| Untracked |  0
|  45|0x0000000707800000, 0x0000000707800000, 0x0000000707a00000|  0%| F|  |TAMS 0x0000000707800000| PB 0x0000000707800000| Untracked |  0
|  46|0x0000000707a00000, 0x0000000707a00000, 0x0000000707c00000|  0%| F|  |TAMS 0x0000000707a00000| PB 0x0000000707a00000| Untracked |  0
|  47|0x0000000707c00000, 0x0000000707c00000, 0x0000000707e00000|  0%| F|  |TAMS 0x0000000707c00000| PB 0x0000000707c00000| Untracked |  0
|  48|0x0000000707e00000, 0x0000000707e00000, 0x0000000708000000|  0%| F|  |TAMS 0x0000000707e00000| PB 0x0000000707e00000| Untracked |  0
|  49|0x0000000708000000, 0x0000000708000000, 0x0000000708200000|  0%| F|  |TAMS 0x0000000708000000| PB 0x0000000708000000| Untracked |  0
|  50|0x0000000708200000, 0x0000000708200000, 0x0000000708400000|  0%| F|  |TAMS 0x0000000708200000| PB 0x0000000708200000| Untracked |  0
|  51|0x0000000708400000, 0x0000000708400000, 0x0000000708600000|  0%| F|  |TAMS 0x0000000708400000| PB 0x0000000708400000| Untracked |  0
|  52|0x0000000708600000, 0x0000000708600000, 0x0000000708800000|  0%| F|  |TAMS 0x0000000708600000| PB 0x0000000708600000| Untracked |  0
|  53|0x0000000708800000, 0x0000000708800000, 0x0000000708a00000|  0%| F|  |TAMS 0x0000000708800000| PB 0x0000000708800000| Untracked |  0
|  54|0x0000000708a00000, 0x0000000708a00000, 0x0000000708c00000|  0%| F|  |TAMS 0x0000000708a00000| PB 0x0000000708a00000| Untracked |  0
|  55|0x0000000708c00000, 0x0000000708c00000, 0x0000000708e00000|  0%| F|  |TAMS 0x0000000708c00000| PB 0x0000000708c00000| Untracked |  0
|  56|0x0000000708e00000, 0x0000000708e00000, 0x0000000709000000|  0%| F|  |TAMS 0x0000000708e00000| PB 0x0000000708e00000| Untracked |  0
|  57|0x0000000709000000, 0x0000000709000000, 0x0000000709200000|  0%| F|  |TAMS 0x0000000709000000| PB 0x0000000709000000| Untracked |  0
|  58|0x0000000709200000, 0x0000000709200000, 0x0000000709400000|  0%| F|  |TAMS 0x0000000709200000| PB 0x0000000709200000| Untracked |  0
|  59|0x0000000709400000, 0x0000000709400000, 0x0000000709600000|  0%| F|  |TAMS 0x0000000709400000| PB 0x0000000709400000| Untracked |  0
|  60|0x0000000709600000, 0x0000000709600000, 0x0000000709800000|  0%| F|  |TAMS 0x0000000709600000| PB 0x0000000709600000| Untracked |  0
|  61|0x0000000709800000, 0x0000000709800000, 0x0000000709a00000|  0%| F|  |TAMS 0x0000000709800000| PB 0x0000000709800000| Untracked |  0
|  62|0x0000000709a00000, 0x0000000709a00000, 0x0000000709c00000|  0%| F|  |TAMS 0x0000000709a00000| PB 0x0000000709a00000| Untracked |  0
|  63|0x0000000709c00000, 0x0000000709c00000, 0x0000000709e00000|  0%| F|  |TAMS 0x0000000709c00000| PB 0x0000000709c00000| Untracked |  0
|  64|0x0000000709e00000, 0x0000000709e00000, 0x000000070a000000|  0%| F|  |TAMS 0x0000000709e00000| PB 0x0000000709e00000| Untracked |  0
|  65|0x000000070a000000, 0x000000070a000000, 0x000000070a200000|  0%| F|  |TAMS 0x000000070a000000| PB 0x000000070a000000| Untracked |  0
|  66|0x000000070a200000, 0x000000070a200000, 0x000000070a400000|  0%| F|  |TAMS 0x000000070a200000| PB 0x000000070a200000| Untracked |  0
|  67|0x000000070a400000, 0x000000070a400000, 0x000000070a600000|  0%| F|  |TAMS 0x000000070a400000| PB 0x000000070a400000| Untracked |  0
|  68|0x000000070a600000, 0x000000070a600000, 0x000000070a800000|  0%| F|  |TAMS 0x000000070a600000| PB 0x000000070a600000| Untracked |  0
|  69|0x000000070a800000, 0x000000070a800000, 0x000000070aa00000|  0%| F|  |TAMS 0x000000070a800000| PB 0x000000070a800000| Untracked |  0
|  70|0x000000070aa00000, 0x000000070aa00000, 0x000000070ac00000|  0%| F|  |TAMS 0x000000070aa00000| PB 0x000000070aa00000| Untracked |  0
|  71|0x000000070ac00000, 0x000000070ac00000, 0x000000070ae00000|  0%| F|  |TAMS 0x000000070ac00000| PB 0x000000070ac00000| Untracked |  0
|  72|0x000000070ae00000, 0x000000070ae00000, 0x000000070b000000|  0%| F|  |TAMS 0x000000070ae00000| PB 0x000000070ae00000| Untracked |  0
|  73|0x000000070b000000, 0x000000070b000000, 0x000000070b200000|  0%| F|  |TAMS 0x000000070b000000| PB 0x000000070b000000| Untracked |  0
|  74|0x000000070b200000, 0x000000070b200000, 0x000000070b400000|  0%| F|  |TAMS 0x000000070b200000| PB 0x000000070b200000| Untracked |  0
|  75|0x000000070b400000, 0x000000070b400000, 0x000000070b600000|  0%| F|  |TAMS 0x000000070b400000| PB 0x000000070b400000| Untracked |  0
|  76|0x000000070b600000, 0x000000070b600000, 0x000000070b800000|  0%| F|  |TAMS 0x000000070b600000| PB 0x000000070b600000| Untracked |  0
|  77|0x000000070b800000, 0x000000070b800000, 0x000000070ba00000|  0%| F|  |TAMS 0x000000070b800000| PB 0x000000070b800000| Untracked |  0
|  78|0x000000070ba00000, 0x000000070ba00000, 0x000000070bc00000|  0%| F|  |TAMS 0x000000070ba00000| PB 0x000000070ba00000| Untracked |  0
|  79|0x000000070bc00000, 0x000000070bc00000, 0x000000070be00000|  0%| F|  |TAMS 0x000000070bc00000| PB 0x000000070bc00000| Untracked |  0
|  80|0x000000070be00000, 0x000000070be00000, 0x000000070c000000|  0%| F|  |TAMS 0x000000070be00000| PB 0x000000070be00000| Untracked |  0
|  81|0x000000070c000000, 0x000000070c000000, 0x000000070c200000|  0%| F|  |TAMS 0x000000070c000000| PB 0x000000070c000000| Untracked |  0
|  82|0x000000070c200000, 0x000000070c200000, 0x000000070c400000|  0%| F|  |TAMS 0x000000070c200000| PB 0x000000070c200000| Untracked |  0
|  83|0x000000070c400000, 0x000000070c400000, 0x000000070c600000|  0%| F|  |TAMS 0x000000070c400000| PB 0x000000070c400000| Untracked |  0
|  84|0x000000070c600000, 0x000000070c600000, 0x000000070c800000|  0%| F|  |TAMS 0x000000070c600000| PB 0x000000070c600000| Untracked |  0
|  85|0x000000070c800000, 0x000000070c800000, 0x000000070ca00000|  0%| F|  |TAMS 0x000000070c800000| PB 0x000000070c800000| Untracked |  0
|  86|0x000000070ca00000, 0x000000070ca00000, 0x000000070cc00000|  0%| F|  |TAMS 0x000000070ca00000| PB 0x000000070ca00000| Untracked |  0
|  87|0x000000070cc00000, 0x000000070cc00000, 0x000000070ce00000|  0%| F|  |TAMS 0x000000070cc00000| PB 0x000000070cc00000| Untracked |  0
|  88|0x000000070ce00000, 0x000000070ce00000, 0x000000070d000000|  0%| F|  |TAMS 0x000000070ce00000| PB 0x000000070ce00000| Untracked |  0
|  89|0x000000070d000000, 0x000000070d000000, 0x000000070d200000|  0%| F|  |TAMS 0x000000070d000000| PB 0x000000070d000000| Untracked |  0
|  90|0x000000070d200000, 0x000000070d200000, 0x000000070d400000|  0%| F|  |TAMS 0x000000070d200000| PB 0x000000070d200000| Untracked |  0
|  91|0x000000070d400000, 0x000000070d400000, 0x000000070d600000|  0%| F|  |TAMS 0x000000070d400000| PB 0x000000070d400000| Untracked |  0
|  92|0x000000070d600000, 0x000000070d600000, 0x000000070d800000|  0%| F|  |TAMS 0x000000070d600000| PB 0x000000070d600000| Untracked |  0
|  93|0x000000070d800000, 0x000000070d800000, 0x000000070da00000|  0%| F|  |TAMS 0x000000070d800000| PB 0x000000070d800000| Untracked |  0
|  94|0x000000070da00000, 0x000000070da00000, 0x000000070dc00000|  0%| F|  |TAMS 0x000000070da00000| PB 0x000000070da00000| Untracked |  0
|  95|0x000000070dc00000, 0x000000070dc00000, 0x000000070de00000|  0%| F|  |TAMS 0x000000070dc00000| PB 0x000000070dc00000| Untracked |  0
|  96|0x000000070de00000, 0x000000070de00000, 0x000000070e000000|  0%| F|  |TAMS 0x000000070de00000| PB 0x000000070de00000| Untracked |  0
|  97|0x000000070e000000, 0x000000070e000000, 0x000000070e200000|  0%| F|  |TAMS 0x000000070e000000| PB 0x000000070e000000| Untracked |  0
|  98|0x000000070e200000, 0x000000070e200000, 0x000000070e400000|  0%| F|  |TAMS 0x000000070e200000| PB 0x000000070e200000| Untracked |  0
|  99|0x000000070e400000, 0x000000070e400000, 0x000000070e600000|  0%| F|  |TAMS 0x000000070e400000| PB 0x000000070e400000| Untracked |  0
| 100|0x000000070e600000, 0x000000070e600000, 0x000000070e800000|  0%| F|  |TAMS 0x000000070e600000| PB 0x000000070e600000| Untracked |  0
| 101|0x000000070e800000, 0x000000070e83fff0, 0x000000070ea00000| 12%| S|CS|TAMS 0x000000070e800000| PB 0x000000070e800000| Complete |  0
| 102|0x000000070ea00000, 0x000000070ec00000, 0x000000070ec00000|100%| S|CS|TAMS 0x000000070ea00000| PB 0x000000070ea00000| Complete |  0
| 103|0x000000070ec00000, 0x000000070ee00000, 0x000000070ee00000|100%| S|CS|TAMS 0x000000070ec00000| PB 0x000000070ec00000| Complete |  0
| 104|0x000000070ee00000, 0x000000070ee00000, 0x000000070f000000|  0%| F|  |TAMS 0x000000070ee00000| PB 0x000000070ee00000| Untracked |  0
| 105|0x000000070f000000, 0x000000070f000000, 0x000000070f200000|  0%| F|  |TAMS 0x000000070f000000| PB 0x000000070f000000| Untracked |  0
| 106|0x000000070f200000, 0x000000070f200000, 0x000000070f400000|  0%| F|  |TAMS 0x000000070f200000| PB 0x000000070f200000| Untracked |  0
| 107|0x000000070f400000, 0x000000070f400000, 0x000000070f600000|  0%| F|  |TAMS 0x000000070f400000| PB 0x000000070f400000| Untracked |  0
| 108|0x000000070f600000, 0x000000070f600000, 0x000000070f800000|  0%| F|  |TAMS 0x000000070f600000| PB 0x000000070f600000| Untracked |  0
| 109|0x000000070f800000, 0x000000070f800000, 0x000000070fa00000|  0%| F|  |TAMS 0x000000070f800000| PB 0x000000070f800000| Untracked |  0
| 110|0x000000070fa00000, 0x000000070fa00000, 0x000000070fc00000|  0%| F|  |TAMS 0x000000070fa00000| PB 0x000000070fa00000| Untracked |  0
| 111|0x000000070fc00000, 0x000000070fc00000, 0x000000070fe00000|  0%| F|  |TAMS 0x000000070fc00000| PB 0x000000070fc00000| Untracked |  0
| 112|0x000000070fe00000, 0x000000070fe00000, 0x0000000710000000|  0%| F|  |TAMS 0x000000070fe00000| PB 0x000000070fe00000| Untracked |  0
| 113|0x0000000710000000, 0x0000000710000000, 0x0000000710200000|  0%| F|  |TAMS 0x0000000710000000| PB 0x0000000710000000| Untracked |  0
| 114|0x0000000710200000, 0x0000000710200000, 0x0000000710400000|  0%| F|  |TAMS 0x0000000710200000| PB 0x0000000710200000| Untracked |  0
| 115|0x0000000710400000, 0x0000000710400000, 0x0000000710600000|  0%| F|  |TAMS 0x0000000710400000| PB 0x0000000710400000| Untracked |  0
| 116|0x0000000710600000, 0x0000000710600000, 0x0000000710800000|  0%| F|  |TAMS 0x0000000710600000| PB 0x0000000710600000| Untracked |  0
| 117|0x0000000710800000, 0x0000000710800000, 0x0000000710a00000|  0%| F|  |TAMS 0x0000000710800000| PB 0x0000000710800000| Untracked |  0
| 118|0x0000000710a00000, 0x0000000710c00000, 0x0000000710c00000|100%| E|  |TAMS 0x0000000710a00000| PB 0x0000000710a00000| Complete |  0
| 119|0x0000000710c00000, 0x0000000710e00000, 0x0000000710e00000|100%| E|CS|TAMS 0x0000000710c00000| PB 0x0000000710c00000| Complete |  0
| 120|0x0000000710e00000, 0x0000000711000000, 0x0000000711000000|100%| E|CS|TAMS 0x0000000710e00000| PB 0x0000000710e00000| Complete |  0
| 121|0x0000000711000000, 0x0000000711200000, 0x0000000711200000|100%| E|  |TAMS 0x0000000711000000| PB 0x0000000711000000| Complete |  0
| 122|0x0000000711200000, 0x0000000711400000, 0x0000000711400000|100%| E|CS|TAMS 0x0000000711200000| PB 0x0000000711200000| Complete |  0
| 123|0x0000000711400000, 0x0000000711600000, 0x0000000711600000|100%| E|CS|TAMS 0x0000000711400000| PB 0x0000000711400000| Complete |  0
| 124|0x0000000711600000, 0x0000000711800000, 0x0000000711800000|100%| E|CS|TAMS 0x0000000711600000| PB 0x0000000711600000| Complete |  0
| 125|0x0000000711800000, 0x0000000711a00000, 0x0000000711a00000|100%| E|CS|TAMS 0x0000000711800000| PB 0x0000000711800000| Complete |  0
| 126|0x0000000711a00000, 0x0000000711c00000, 0x0000000711c00000|100%| E|CS|TAMS 0x0000000711a00000| PB 0x0000000711a00000| Complete |  0
| 127|0x0000000711c00000, 0x0000000711e00000, 0x0000000711e00000|100%| E|CS|TAMS 0x0000000711c00000| PB 0x0000000711c00000| Complete |  0
|2032|0x00000007ffe00000, 0x00000007fff25608, 0x0000000800000000| 57%| O|  |TAMS 0x00000007ffe00000| PB 0x00000007ffe00000| Untracked |  0

Card table byte_map: [0x0000021f46820000,0x0000021f47020000] _byte_map_base: 0x0000021f43011000

Marking Bits: (CMBitMap*) 0x0000021f2e4cfc00
 Bits: [0x0000021f47020000, 0x0000021f4afa8000)

Polling page: 0x0000021f2c300000

Metaspace:
Metaspace        used 12156K, committed 12352K, reserved 1114112K
 class space     used 1720K, committed 1792K, reserved 1048576K

Usage:
  Non-class:     10.19 MB used.
      Class:      1.68 MB used.
       Both:     11.87 MB used.

Virtual space:
  Non-class space:       64.00 MB reserved,      10.31 MB ( 16%) committed,  1 nodes.
      Class space:        1.00 GB reserved,       1.75 MB ( <1%) committed,  1 nodes.
             Both:        1.06 GB reserved,      12.06 MB (  1%) committed. 

Chunk freelists:
   Non-Class:  4.31 MB
       Class:  14.22 MB
        Both:  18.53 MB

MaxMetaspaceSize: unlimited
CompressedClassSpaceSize: 1.00 GB
Initial GC threshold: 21.00 MB
Current GC threshold: 21.00 MB
CDS: on
 - commit_granule_bytes: 65536.
 - commit_granule_words: 8192.
 - virtual_space_node_default_size: 8388608.
 - enlarge_chunks_in_place: 1.
UseCompressedClassPointers 1, UseCompactObjectHeaders 0
Narrow klass pointer bits 32, Max shift 3
Narrow klass base: 0x0000000006000000, Narrow klass shift: 0
Encoding Range: [0x0000000006000000 - 0x0000000106000000), (4294967296 bytes)
Klass Range:    [0x0000000006010000 - 0x0000000047000000), (1090453504 bytes)
Klass ID Range:  [65536 - 1090519033) (1090453497)
Protection zone: [0x0000000006000000 - 0x0000000006010000), (65536 bytes)


Internal statistics:

num_allocs_failed_limit: 0.
num_arena_births: 98.
num_arena_deaths: 0.
num_vsnodes_births: 2.
num_vsnodes_deaths: 0.
num_space_committed: 193.
num_space_uncommitted: 0.
num_chunks_returned_to_freelist: 0.
num_chunks_taken_from_freelist: 493.
num_chunk_merges: 0.
num_chunk_splits: 355.
num_chunks_enlarged: 305.
num_inconsistent_stats: 0.

CodeHeap 'non-profiled nmethods': size=120064Kb used=502Kb max_used=502Kb free=119562Kb
 bounds [0x0000021f3e7b0000, 0x0000021f3ea20000, 0x0000021f45cf0000]
CodeHeap 'profiled nmethods': size=120000Kb used=2864Kb max_used=2864Kb free=117135Kb
 bounds [0x0000021f36cf0000, 0x0000021f36fc0000, 0x0000021f3e220000]
CodeHeap 'non-nmethods': size=5696Kb used=1623Kb max_used=1650Kb free=4072Kb
 bounds [0x0000021f3e220000, 0x0000021f3e490000, 0x0000021f3e7b0000]
CodeCache: size=245760Kb, used=4989Kb, max_used=5016Kb, free=240769Kb
 total_blobs=2598, nmethods=1847, adapters=654, full_count=0
Compilation: enabled, stopped_count=0, restarted_count=0

Compilation events (20 events):
Event: 1.765 Thread 0x0000021f4d9b24b0 1832       4       java.lang.String::getBytes (60 bytes)
Event: 1.768 Thread 0x0000021f4d9b24b0 nmethod 1832 0x0000021f3e82bc88 code [0x0000021f3e82bd80, 0x0000021f3e82c078]
Event: 1.771 Thread 0x0000021f4d9b89c0 1840       1       jdk.internal.classfile.impl.AnnotationImpl::elements (5 bytes)
Event: 1.771 Thread 0x0000021f4d9b89c0 nmethod 1840 0x0000021f3e82c088 code [0x0000021f3e82c180, 0x0000021f3e82c248]
Event: 1.771 Thread 0x0000021f4d9b89c0 1841       1       jdk.internal.classfile.impl.AnnotationImpl::className (5 bytes)
Event: 1.771 Thread 0x0000021f4d9b89c0 nmethod 1841 0x0000021f3e82c388 code [0x0000021f3e82c480, 0x0000021f3e82c548]
Event: 1.777 Thread 0x0000021f4d9b89c0 1842       3       java.lang.invoke.MethodHandle::isAncestorLoaderOf (35 bytes)
Event: 1.778 Thread 0x0000021f4d9b89c0 nmethod 1842 0x0000021f36fb9408 code [0x0000021f36fb9500, 0x0000021f36fb9b58]
Event: 1.783 Thread 0x0000021f4d9b89c0 1843       3       jdk.internal.loader.NativeLibraries::find (70 bytes)
Event: 1.783 Thread 0x0000021f4d9b89c0 nmethod 1843 0x0000021f36fb9b88 code [0x0000021f36fb9c80, 0x0000021f36fba450]
Event: 1.807 Thread 0x0000021f4d9b24b0 1844   !   4       java.util.WeakHashMap::expungeStaleEntries (139 bytes)
Event: 1.813 Thread 0x0000021f4d9b89c0 1845       3       java.lang.PublicMethods$Key::matches (31 bytes)
Event: 1.814 Thread 0x0000021f4d9b89c0 nmethod 1845 0x0000021f36fba488 code [0x0000021f36fba580, 0x0000021f36fba9a0]
Event: 1.814 Thread 0x0000021f4d9b89c0 1847       3       java.lang.reflect.Array::newInstance (6 bytes)
Event: 1.814 Thread 0x0000021f4d9b89c0 nmethod 1847 0x0000021f36fbaa08 code [0x0000021f36fbab00, 0x0000021f36fbac10]
Event: 1.814 Thread 0x0000021f4d9b89c0 1846       1       java.lang.reflect.Method::getDeclaringClass (5 bytes)
Event: 1.814 Thread 0x0000021f4d9b89c0 nmethod 1846 0x0000021f3e82c688 code [0x0000021f3e82c780, 0x0000021f3e82c848]
Event: 1.814 Thread 0x0000021f4d9b89c0 1848       3       java.lang.invoke.InvokerBytecodeGenerator::emitImplicitConversion (166 bytes)
Event: 1.815 Thread 0x0000021f4d9b89c0 nmethod 1848 0x0000021f36fbad08 code [0x0000021f36fbae00, 0x0000021f36fbc290]
Event: 1.816 Thread 0x0000021f4d9b24b0 nmethod 1844 0x0000021f3e82c988 code [0x0000021f3e82ca80, 0x0000021f3e82d4e0]

GC Heap Usage History (2 events):
Event: 1.452 {heap Before GC invocations=0 (full 0):
 garbage-first heap   total reserved 4163584K, committed 264192K, used 48277K [0x0000000701e00000, 0x0000000800000000)
  region size 2048K, 24 young (49152K), 0 survivors (0K)
}
Event: 1.458 {heap After GC invocations=1 (full 0):
 garbage-first heap   total reserved 4163584K, committed 264192K, used 5525K [0x0000000701e00000, 0x0000000800000000)
  region size 2048K, 3 young (6144K), 3 survivors (6144K)
}

Metaspace Usage History (2 events):
Event: 1.452 {metaspace Before GC invocations=0 (full 0):
 Metaspace       used 9047K, committed 9216K, reserved 1114112K
  class space    used 1081K, committed 1152K, reserved 1048576K
}
Event: 1.458 {metaspace After GC invocations=1 (full 0):
 Metaspace       used 9047K, committed 9216K, reserved 1114112K
  class space    used 1081K, committed 1152K, reserved 1048576K
}

Dll operation events (20 events):
Event: 0.639 Loaded shared library C:\Users\bryan\.openjfx\cache\21.0.6+3\amd64\api-ms-win-crt-locale-l1-1-0.dll
Event: 0.643 Loaded shared library C:\Users\bryan\.openjfx\cache\21.0.6+3\amd64\api-ms-win-crt-math-l1-1-0.dll
Event: 0.647 Loaded shared library C:\Users\bryan\.openjfx\cache\21.0.6+3\amd64\api-ms-win-crt-multibyte-l1-1-0.dll
Event: 0.652 Loaded shared library C:\Users\bryan\.openjfx\cache\21.0.6+3\amd64\api-ms-win-crt-private-l1-1-0.dll
Event: 0.657 Loaded shared library C:\Users\bryan\.openjfx\cache\21.0.6+3\amd64\api-ms-win-crt-process-l1-1-0.dll
Event: 0.661 Loaded shared library C:\Users\bryan\.openjfx\cache\21.0.6+3\amd64\api-ms-win-crt-runtime-l1-1-0.dll
Event: 0.666 Loaded shared library C:\Users\bryan\.openjfx\cache\21.0.6+3\amd64\api-ms-win-crt-stdio-l1-1-0.dll
Event: 0.674 Loaded shared library C:\Users\bryan\.openjfx\cache\21.0.6+3\amd64\api-ms-win-crt-string-l1-1-0.dll
Event: 0.680 Loaded shared library C:\Users\bryan\.openjfx\cache\21.0.6+3\amd64\api-ms-win-crt-time-l1-1-0.dll
Event: 0.685 Loaded shared library C:\Users\bryan\.openjfx\cache\21.0.6+3\amd64\api-ms-win-crt-utility-l1-1-0.dll
Event: 0.702 Loaded shared library C:\Users\bryan\.openjfx\cache\21.0.6+3\amd64\ucrtbase.dll
Event: 0.708 Loaded shared library C:\Users\bryan\.openjfx\cache\21.0.6+3\amd64\vcruntime140.dll
Event: 0.712 Loaded shared library C:\Users\bryan\.openjfx\cache\21.0.6+3\amd64\vcruntime140_1.dll
Event: 0.724 Loaded shared library C:\Users\bryan\.openjfx\cache\21.0.6+3\amd64\msvcp140.dll
Event: 0.729 Loaded shared library C:\Users\bryan\.openjfx\cache\21.0.6+3\amd64\msvcp140_1.dll
Event: 0.738 Loaded shared library C:\Users\bryan\.openjfx\cache\21.0.6+3\amd64\msvcp140_2.dll
Event: 0.781 Loaded shared library C:\Users\bryan\.openjfx\cache\21.0.6+3\amd64\prism_d3d.dll
Event: 0.834 Loaded shared library C:\Users\bryan\.openjfx\cache\21.0.6+3\amd64\glass.dll
Event: 1.000 Loaded shared library C:\Users\bryan\.openjfx\cache\21.0.6+3\amd64\javafx_font.dll
Event: 1.272 Loaded shared library C:\Program Files\Java\jdk-25\bin\jimage.dll

Deoptimization events (20 events):
Event: 1.614 Thread 0x0000021f52758470 Uncommon trap: trap_request=0xffffff3d fr.pc=0x0000021f3e805fdc relative=0x000000000000073c
Event: 1.614 Thread 0x0000021f52758470 Uncommon trap: reason=unstable_fused_if action=reinterpret pc=0x0000021f3e805fdc method=java.util.HashMap.resize()[Ljava/util/HashMap$Node; @ 31 c2
Event: 1.614 Thread 0x0000021f52758470 DEOPT PACKING pc=0x0000021f3e805fdc sp=0x000000ef63afd830
Event: 1.614 Thread 0x0000021f52758470 DEOPT UNPACKING pc=0x0000021f3e33f882 sp=0x000000ef63afd788 mode 2
Event: 1.656 Thread 0x0000021f52758470 Uncommon trap: trap_request=0xffffff45 fr.pc=0x0000021f3e802b78 relative=0x00000000000001f8
Event: 1.656 Thread 0x0000021f52758470 Uncommon trap: reason=unstable_if action=reinterpret pc=0x0000021f3e802b78 method=java.io.ByteArrayInputStream.read()I @ 8 c2
Event: 1.656 Thread 0x0000021f52758470 DEOPT PACKING pc=0x0000021f3e802b78 sp=0x000000ef63afc8a0
Event: 1.656 Thread 0x0000021f52758470 DEOPT UNPACKING pc=0x0000021f3e33f882 sp=0x000000ef63afc848 mode 2
Event: 1.772 Thread 0x0000021f526ca280 Uncommon trap: trap_request=0xffffffde fr.pc=0x0000021f3e801740 relative=0x00000000000008c0
Event: 1.772 Thread 0x0000021f526ca280 Uncommon trap: reason=class_check action=maybe_recompile pc=0x0000021f3e801740 method=java.io.BufferedInputStream.read([BII)I @ 100 c2
Event: 1.772 Thread 0x0000021f526ca280 DEOPT PACKING pc=0x0000021f3e801740 sp=0x000000ef636fe060
Event: 1.772 Thread 0x0000021f526ca280 DEOPT UNPACKING pc=0x0000021f3e33f882 sp=0x000000ef636fe038 mode 2
Event: 1.772 Thread 0x0000021f526ca280 Uncommon trap: trap_request=0xffffff45 fr.pc=0x0000021f3e7fb284 relative=0x0000000000000084
Event: 1.772 Thread 0x0000021f526ca280 Uncommon trap: reason=unstable_if action=reinterpret pc=0x0000021f3e7fb284 method=java.io.BufferedInputStream.getBufIfOpen(Z)[B @ 13 c2
Event: 1.772 Thread 0x0000021f526ca280 DEOPT PACKING pc=0x0000021f3e7fb284 sp=0x000000ef636fdf70
Event: 1.772 Thread 0x0000021f526ca280 DEOPT UNPACKING pc=0x0000021f3e33f882 sp=0x000000ef636fdef0 mode 2
Event: 1.772 Thread 0x0000021f526ca280 Uncommon trap: trap_request=0xffffff45 fr.pc=0x0000021f3e801590 relative=0x0000000000000710
Event: 1.772 Thread 0x0000021f526ca280 Uncommon trap: reason=unstable_if action=reinterpret pc=0x0000021f3e801590 method=java.io.BufferedInputStream.read([BII)I @ 55 c2
Event: 1.772 Thread 0x0000021f526ca280 DEOPT PACKING pc=0x0000021f3e801590 sp=0x000000ef636fe060
Event: 1.772 Thread 0x0000021f526ca280 DEOPT UNPACKING pc=0x0000021f3e33f882 sp=0x000000ef636fe038 mode 2

Classes loaded (20 events):
Event: 1.727 Loading class java/util/ConcurrentModificationException
Event: 1.727 Loading class java/util/ConcurrentModificationException done
Event: 1.735 Loading class java/util/TreeSet
Event: 1.736 Loading class java/util/TreeSet done
Event: 1.748 Loading class java/util/concurrent/ConcurrentLinkedQueue
Event: 1.748 Loading class java/util/concurrent/ConcurrentLinkedQueue done
Event: 1.748 Loading class java/util/concurrent/ConcurrentLinkedQueue$Node
Event: 1.748 Loading class java/util/concurrent/ConcurrentLinkedQueue$Node done
Event: 1.749 Loading class java/util/concurrent/locks/ReentrantReadWriteLock$Sync$HoldCounter
Event: 1.749 Loading class java/util/concurrent/locks/ReentrantReadWriteLock$Sync$HoldCounter done
Event: 1.772 Loading class java/nio/DirectByteBuffer$Deallocator
Event: 1.773 Loading class java/nio/DirectByteBuffer$Deallocator done
Event: 1.812 Loading class java/security/PrivilegedExceptionAction
Event: 1.812 Loading class java/security/PrivilegedExceptionAction done
Event: 1.812 Loading class java/nio/ShortBuffer
Event: 1.813 Loading class java/nio/ShortBuffer done
Event: 1.813 Loading class java/nio/FloatBuffer
Event: 1.813 Loading class java/nio/FloatBuffer done
Event: 1.813 Loading class java/nio/DoubleBuffer
Event: 1.813 Loading class java/nio/DoubleBuffer done

Classes unloaded (0 events):
No events

Classes redefined (0 events):
No events

Internal exceptions (20 events):
Event: 1.056 Thread 0x0000021f52758470 Exception <a 'java/lang/ClassNotFoundException'{0x000000070ff85a38}: com/sun/glass/ui/win/themes> (0x000000070ff85a38) 
thrown [s\open\src\hotspot\share\prims\jni.cpp, line 534]
Event: 1.058 Thread 0x0000021f52758470 Exception <a 'java/lang/ClassNotFoundException'{0x000000070ff8da60}: com/sun/glass/ui/win/themes_en> (0x000000070ff8da60) 
thrown [s\open\src\hotspot\share\prims\jni.cpp, line 534]
Event: 1.058 Thread 0x0000021f52758470 Exception <a 'java/lang/ClassNotFoundException'{0x000000070ff95478}: com/sun/glass/ui/win/themes_en_US> (0x000000070ff95478) 
thrown [s\open\src\hotspot\share\prims\jni.cpp, line 534]
Event: 1.194 Thread 0x0000021f52758470 Exception <a 'java/lang/NoSuchMethodError'{0x000000070f89d5c8}: 'void java.lang.invoke.DirectMethodHandle$Holder.invokeStaticInit(java.lang.Object, java.lang.Object)'> (0x000000070f89d5c8) 
thrown [s\open\src\hotspot\share\interpreter\linkResolver.cpp, line 804]
Event: 1.217 Thread 0x0000021f52758470 Exception <a 'java/lang/NoSuchMethodError'{0x000000070f9a1d38}: 'void java.lang.invoke.DirectMethodHandle$Holder.invokeSpecial(java.lang.Object, java.lang.Object, java.lang.Object, java.lang.Object, java.lang.Object)'> (0x000000070f9a1d38) 
thrown [s\open\src\hotspot\share\interpreter\linkResolver.cpp, line 804]
Event: 1.275 Thread 0x0000021f52758470 Exception <a 'sun/nio/fs/WindowsException'{0x000000070f4ad390}> (0x000000070f4ad390) 
thrown [s\open\src\hotspot\share\prims\jni.cpp, line 516]
Event: 1.308 Thread 0x0000021f52758470 Implicit null exception at 0x0000021f3e804e4d to 0x0000021f3e8050a8
Event: 1.351 Thread 0x0000021f52758470 Implicit null exception at 0x0000021f3e801f4d to 0x0000021f3e8021a8
Event: 1.352 Thread 0x0000021f52758470 Implicit null exception at 0x0000021f3e7cf4a0 to 0x0000021f3e7cf51d
Event: 1.507 Thread 0x0000021f52758470 Exception <a 'java/lang/ClassNotFoundException'{0x0000000711833aa0}: com/sun/javafx/scene/control/skin/resources/controls> (0x0000000711833aa0) 
thrown [s\open\src\hotspot\share\prims\jni.cpp, line 534]
Event: 1.508 Thread 0x0000021f52758470 Exception <a 'java/lang/ClassNotFoundException'{0x0000000711840e90}: com/sun/javafx/scene/control/skin/resources/controls_en> (0x0000000711840e90) 
thrown [s\open\src\hotspot\share\prims\jni.cpp, line 534]
Event: 1.508 Thread 0x0000021f52758470 Exception <a 'java/lang/ClassNotFoundException'{0x0000000711841ce0}: com/sun/javafx/scene/control/skin/resources/controls_en_US> (0x0000000711841ce0) 
thrown [s\open\src\hotspot\share\prims\jni.cpp, line 534]
Event: 1.566 Thread 0x0000021f52758470 Exception <a 'java/lang/IncompatibleClassChangeError'{0x00000007114b45d0}: Found class java.lang.Object, but interface was expected> (0x00000007114b45d0) 
thrown [s\open\src\hotspot\share\interpreter\linkResolver.cpp, line 871]
Event: 1.664 Thread 0x0000021f52758470 Exception <a 'java/lang/NoSuchMethodError'{0x0000000710f5fd68}: 'java.lang.Object java.lang.invoke.DirectMethodHandle$Holder.invokeStatic(java.lang.Object, java.lang.Object, java.lang.Object, java.lang.Object, int)'> (0x0000000710f5fd68) 
thrown [s\open\src\hotspot\share\interpreter\linkResolver.cpp, line 804]
Event: 1.687 Thread 0x0000021f52758470 Exception <a 'java/lang/NoSuchMethodError'{0x0000000710fdfaf0}: 'java.lang.Object java.lang.invoke.DirectMethodHandle$Holder.newInvokeSpecial(java.lang.Object, java.lang.Object, int)'> (0x0000000710fdfaf0) 
thrown [s\open\src\hotspot\share\interpreter\linkResolver.cpp, line 804]
Event: 1.750 Thread 0x0000021f52758470 Exception <a 'java/lang/NoSuchMethodError'{0x0000000710ce1ac8}: 'long java.lang.invoke.DirectMethodHandle$Holder.invokeStaticInit(java.lang.Object, java.lang.Object, java.lang.Object)'> (0x0000000710ce1ac8) 
thrown [s\open\src\hotspot\share\interpreter\linkResolver.cpp, line 804]
Event: 1.751 Thread 0x0000021f526ca280 Exception <a 'java/lang/NoSuchMethodError'{0x0000000710d349d0}: 'int java.lang.invoke.DirectMethodHandle$Holder.invokeStaticInit(java.lang.Object, java.lang.Object)'> (0x0000000710d349d0) 
thrown [s\open\src\hotspot\share\interpreter\linkResolver.cpp, line 804]
Event: 1.754 Thread 0x0000021f52758470 Exception <a 'java/lang/NoSuchMethodError'{0x0000000710a09270}: 'java.lang.Object java.lang.invoke.DirectMethodHandle$Holder.newInvokeSpecial(java.lang.Object, java.lang.Object, long)'> (0x0000000710a09270) 
thrown [s\open\src\hotspot\share\interpreter\linkResolver.cpp, line 804]
Event: 1.755 Thread 0x0000021f52758470 Exception <a 'java/lang/NoSuchMethodError'{0x0000000710a11ec0}: 'java.lang.Object java.lang.invoke.Invokers$Holder.linkToTargetMethod(java.lang.Object, long, java.lang.Object)'> (0x0000000710a11ec0) 
thrown [s\open\src\hotspot\share\interpreter\linkResolver.cpp, line 804]
Event: 1.772 Thread 0x0000021f526ca280 Exception <a 'java/lang/NoSuchMethodError'{0x0000000710b41280}: 'java.lang.Object java.lang.invoke.Invokers$Holder.invokeExact_MT(java.lang.Object, java.lang.Object, java.lang.Object, java.lang.Object, java.lang.Object)'> (0x0000000710b41280) 
thrown [s\open\src\hotspot\share\interpreter\linkResolver.cpp, line 804]

VM Operations (14 events):
Event: 0.279 Executing non-safepoint VM operation: HandshakeAllThreads (Deoptimize)
Event: 0.279 Executing non-safepoint VM operation: HandshakeAllThreads (Deoptimize) done
Event: 0.279 Executing non-safepoint VM operation: HandshakeAllThreads (Deoptimize)
Event: 0.279 Executing non-safepoint VM operation: HandshakeAllThreads (Deoptimize) done
Event: 0.824 Executing non-safepoint VM operation: HandshakeAllThreads (Deoptimize)
Event: 0.824 Executing non-safepoint VM operation: HandshakeAllThreads (Deoptimize) done
Event: 1.074 Executing non-safepoint VM operation: HandshakeAllThreads (Deoptimize)
Event: 1.074 Executing non-safepoint VM operation: HandshakeAllThreads (Deoptimize) done
Event: 1.275 Executing non-safepoint VM operation: HandshakeAllThreads (Deoptimize)
Event: 1.275 Executing non-safepoint VM operation: HandshakeAllThreads (Deoptimize) done
Event: 1.288 Executing non-safepoint VM operation: HandshakeAllThreads (Deoptimize)
Event: 1.288 Executing non-safepoint VM operation: HandshakeAllThreads (Deoptimize) done
Event: 1.452 Executing safepoint VM operation: G1CollectForAllocation (G1 Evacuation Pause)
Event: 1.458 Executing safepoint VM operation: G1CollectForAllocation (G1 Evacuation Pause) done

Memory protections (0 events):
No events

Nmethod flushes (0 events):
No events

Events (20 events):
Event: 0.095 Thread 0x0000021f2c12f8c0 Thread added: 0x0000021f4d99e130
Event: 0.095 Thread 0x0000021f2c12f8c0 Thread added: 0x0000021f4d99ecf0
Event: 0.095 Thread 0x0000021f2c12f8c0 Thread added: 0x0000021f4d9a1cd0
Event: 0.095 Thread 0x0000021f2c12f8c0 Thread added: 0x0000021f4d9b24b0
Event: 0.096 Thread 0x0000021f2c12f8c0 Thread added: 0x0000021f4d9b89c0
Event: 0.137 Thread 0x0000021f2c12f8c0 Thread added: 0x0000021f4dab0100
Event: 0.215 Thread 0x0000021f4d9b24b0 Thread added: 0x0000021f4d9b91d0
Event: 0.232 Thread 0x0000021f4d9b89c0 Thread added: 0x0000021f4d9b99e0
Event: 0.317 Thread 0x0000021f2c12f8c0 Thread added: 0x0000021f52378c70
Event: 0.369 Thread 0x0000021f2c12f8c0 Thread added: 0x0000021f522c5130
Event: 0.676 Thread 0x0000021f4d9b99e0 Thread exited: 0x0000021f4d9b99e0
Event: 0.682 Thread 0x0000021f4d9b91d0 Thread exited: 0x0000021f4d9b91d0
Event: 0.771 Thread 0x0000021f522c5130 Thread added: 0x0000021f526ca280
Event: 0.836 Thread 0x0000021f522c5130 Thread added: 0x0000021f52754230
Event: 0.842 Thread 0x0000021f522c5130 Thread added: 0x0000021f52758470
Event: 0.928 Thread 0x0000021f52913660 Thread added: 0x0000021f52913660
Event: 1.028 Thread 0x0000021f52758470 Thread added: 0x0000021f529b8780
Event: 1.124 Thread 0x0000021f4d9b89c0 Thread added: 0x0000021f52ae3130
Event: 1.172 Thread 0x0000021f52ae3130 Thread added: 0x0000021f52ae9a00
Event: 1.458 Thread 0x0000021f52ae9a00 Thread exited: 0x0000021f52ae9a00


Dynamic libraries:
0x00007ff73ddb0000 - 0x00007ff73ddc0000 	C:\Program Files\Java\jdk-25\bin\javaw.exe
0x00007ff88e0b0000 - 0x00007ff88e2a8000 	C:\WINDOWS\SYSTEM32\ntdll.dll
0x00007ff88c480000 - 0x00007ff88c542000 	C:\WINDOWS\System32\KERNEL32.DLL
0x00007ff88b750000 - 0x00007ff88ba46000 	C:\WINDOWS\System32\KERNELBASE.dll
0x00007ff88bfe0000 - 0x00007ff88c0e0000 	C:\WINDOWS\System32\ucrtbase.dll
0x00007ff886b40000 - 0x00007ff886b5e000 	C:\Program Files\Java\jdk-25\bin\VCRUNTIME140.dll
0x00007ff886b20000 - 0x00007ff886b37000 	C:\Program Files\Java\jdk-25\bin\jli.dll
0x00007ff88d160000 - 0x00007ff88d2fd000 	C:\WINDOWS\System32\USER32.dll
0x00007ff877ce0000 - 0x00007ff877f7b000 	C:\WINDOWS\WinSxS\amd64_microsoft.windows.common-controls_6595b64144ccf1df_6.0.19041.6280_none_60bc30a171f2f3f3\COMCTL32.dll
0x00007ff88bfb0000 - 0x00007ff88bfd2000 	C:\WINDOWS\System32\win32u.dll
0x00007ff88db50000 - 0x00007ff88dbee000 	C:\WINDOWS\System32\msvcrt.dll
0x00007ff88c140000 - 0x00007ff88c16b000 	C:\WINDOWS\System32\GDI32.dll
0x00007ff88bda0000 - 0x00007ff88beb9000 	C:\WINDOWS\System32\gdi32full.dll
0x00007ff88bec0000 - 0x00007ff88bf5d000 	C:\WINDOWS\System32\msvcp_win.dll
0x00007ff88c230000 - 0x00007ff88c25f000 	C:\WINDOWS\System32\IMM32.DLL
0x00007ff886790000 - 0x00007ff88679c000 	C:\Program Files\Java\jdk-25\bin\vcruntime140_1.dll
0x00007ff870820000 - 0x00007ff8708ad000 	C:\Program Files\Java\jdk-25\bin\msvcp140.dll
0x00007ff847e10000 - 0x00007ff848c6f000 	C:\Program Files\Java\jdk-25\bin\server\jvm.dll
0x00007ff88c170000 - 0x00007ff88c221000 	C:\WINDOWS\System32\ADVAPI32.dll
0x00007ff88dab0000 - 0x00007ff88db4f000 	C:\WINDOWS\System32\sechost.dll
0x00007ff88d040000 - 0x00007ff88d160000 	C:\WINDOWS\System32\RPCRT4.dll
0x00007ff88ba50000 - 0x00007ff88ba77000 	C:\WINDOWS\System32\bcrypt.dll
0x00007ff88c410000 - 0x00007ff88c47b000 	C:\WINDOWS\System32\WS2_32.dll
0x00007ff88ac90000 - 0x00007ff88acdb000 	C:\WINDOWS\SYSTEM32\POWRPROF.dll
0x00007ff881f10000 - 0x00007ff881f37000 	C:\WINDOWS\SYSTEM32\WINMM.dll
0x00007ff8838a0000 - 0x00007ff8838aa000 	C:\WINDOWS\SYSTEM32\VERSION.dll
0x00007ff88ab50000 - 0x00007ff88ab62000 	C:\WINDOWS\SYSTEM32\UMPDC.dll
0x00007ff889fc0000 - 0x00007ff889fd2000 	C:\WINDOWS\SYSTEM32\kernel.appcore.dll
0x00007ff886780000 - 0x00007ff88678a000 	C:\Program Files\Java\jdk-25\bin\jimage.dll
0x00007ff889c80000 - 0x00007ff889e81000 	C:\WINDOWS\SYSTEM32\DBGHELP.DLL
0x00007ff876780000 - 0x00007ff8767b4000 	C:\WINDOWS\SYSTEM32\dbgcore.DLL
0x00007ff88ba80000 - 0x00007ff88bb02000 	C:\WINDOWS\System32\bcryptPrimitives.dll
0x00007ff884980000 - 0x00007ff88499f000 	C:\Program Files\Java\jdk-25\bin\java.dll
0x00007ff88d420000 - 0x00007ff88d54b000 	C:\WINDOWS\System32\ole32.dll
0x00007ff88ccd0000 - 0x00007ff88d023000 	C:\WINDOWS\System32\combase.dll
0x00007ff88c560000 - 0x00007ff88ccd0000 	C:\WINDOWS\System32\SHELL32.dll
0x00007ff889400000 - 0x00007ff889ba4000 	C:\WINDOWS\SYSTEM32\windows.storage.dll
0x00007ff88b180000 - 0x00007ff88b1ab000 	C:\WINDOWS\SYSTEM32\Wldp.dll
0x00007ff88dbf0000 - 0x00007ff88dcbd000 	C:\WINDOWS\System32\OLEAUT32.dll
0x00007ff88d300000 - 0x00007ff88d3ad000 	C:\WINDOWS\System32\SHCORE.dll
0x00007ff88d5e0000 - 0x00007ff88d63b000 	C:\WINDOWS\System32\shlwapi.dll
0x00007ff88b680000 - 0x00007ff88b6a4000 	C:\WINDOWS\SYSTEM32\profapi.dll
0x00007ff8800b0000 - 0x00007ff8800c2000 	C:\Program Files\Java\jdk-25\bin\net.dll
0x00007ff88aee0000 - 0x00007ff88af4a000 	C:\WINDOWS\system32\mswsock.dll
0x00007ff8771e0000 - 0x00007ff8771f6000 	C:\Program Files\Java\jdk-25\bin\nio.dll
0x00007ff8771c0000 - 0x00007ff8771d7000 	C:\Program Files\Java\jdk-25\bin\zip.dll
0x0000021f2c340000 - 0x0000021f2c343000 	C:\Users\bryan\.openjfx\cache\21.0.6+3\amd64\api-ms-win-core-console-l1-1-0.dll
0x0000021f2c350000 - 0x0000021f2c353000 	C:\Users\bryan\.openjfx\cache\21.0.6+3\amd64\api-ms-win-core-console-l1-2-0.dll
0x0000021f2c360000 - 0x0000021f2c363000 	C:\Users\bryan\.openjfx\cache\21.0.6+3\amd64\api-ms-win-core-datetime-l1-1-0.dll
0x0000021f2c370000 - 0x0000021f2c373000 	C:\Users\bryan\.openjfx\cache\21.0.6+3\amd64\api-ms-win-core-debug-l1-1-0.dll
0x0000021f2e400000 - 0x0000021f2e403000 	C:\Users\bryan\.openjfx\cache\21.0.6+3\amd64\api-ms-win-core-errorhandling-l1-1-0.dll
0x0000021f2e410000 - 0x0000021f2e414000 	C:\Users\bryan\.openjfx\cache\21.0.6+3\amd64\api-ms-win-core-file-l1-1-0.dll
0x0000021f2e420000 - 0x0000021f2e423000 	C:\Users\bryan\.openjfx\cache\21.0.6+3\amd64\api-ms-win-core-file-l1-2-0.dll
0x0000021f4df90000 - 0x0000021f4df93000 	C:\Users\bryan\.openjfx\cache\21.0.6+3\amd64\api-ms-win-core-file-l2-1-0.dll
0x0000021f4dfa0000 - 0x0000021f4dfa3000 	C:\Users\bryan\.openjfx\cache\21.0.6+3\amd64\api-ms-win-core-handle-l1-1-0.dll
0x0000021f4dfb0000 - 0x0000021f4dfb3000 	C:\Users\bryan\.openjfx\cache\21.0.6+3\amd64\api-ms-win-core-heap-l1-1-0.dll
0x0000021f4dfc0000 - 0x0000021f4dfc3000 	C:\Users\bryan\.openjfx\cache\21.0.6+3\amd64\api-ms-win-core-interlocked-l1-1-0.dll
0x0000021f4dfd0000 - 0x0000021f4dfd3000 	C:\Users\bryan\.openjfx\cache\21.0.6+3\amd64\api-ms-win-core-libraryloader-l1-1-0.dll
0x0000021f4dfe0000 - 0x0000021f4dfe3000 	C:\Users\bryan\.openjfx\cache\21.0.6+3\amd64\api-ms-win-core-localization-l1-2-0.dll
0x0000021f4dff0000 - 0x0000021f4dff3000 	C:\Users\bryan\.openjfx\cache\21.0.6+3\amd64\api-ms-win-core-memory-l1-1-0.dll
0x0000021f537d0000 - 0x0000021f537d3000 	C:\Users\bryan\.openjfx\cache\21.0.6+3\amd64\api-ms-win-core-namedpipe-l1-1-0.dll
0x0000021f537e0000 - 0x0000021f537e3000 	C:\Users\bryan\.openjfx\cache\21.0.6+3\amd64\api-ms-win-core-processenvironment-l1-1-0.dll
0x0000021f537f0000 - 0x0000021f537f3000 	C:\Users\bryan\.openjfx\cache\21.0.6+3\amd64\api-ms-win-core-processthreads-l1-1-0.dll
0x0000021f53800000 - 0x0000021f53803000 	C:\Users\bryan\.openjfx\cache\21.0.6+3\amd64\api-ms-win-core-processthreads-l1-1-1.dll
0x0000021f53810000 - 0x0000021f53813000 	C:\Users\bryan\.openjfx\cache\21.0.6+3\amd64\api-ms-win-core-profile-l1-1-0.dll
0x0000021f53820000 - 0x0000021f53823000 	C:\Users\bryan\.openjfx\cache\21.0.6+3\amd64\api-ms-win-core-rtlsupport-l1-1-0.dll
0x0000021f53830000 - 0x0000021f53833000 	C:\Users\bryan\.openjfx\cache\21.0.6+3\amd64\api-ms-win-core-string-l1-1-0.dll
0x0000021f53840000 - 0x0000021f53843000 	C:\Users\bryan\.openjfx\cache\21.0.6+3\amd64\api-ms-win-core-synch-l1-1-0.dll
0x0000021f53850000 - 0x0000021f53853000 	C:\Users\bryan\.openjfx\cache\21.0.6+3\amd64\api-ms-win-core-synch-l1-2-0.dll
0x0000021f53860000 - 0x0000021f53863000 	C:\Users\bryan\.openjfx\cache\21.0.6+3\amd64\api-ms-win-core-sysinfo-l1-1-0.dll
0x0000021f53870000 - 0x0000021f53873000 	C:\Users\bryan\.openjfx\cache\21.0.6+3\amd64\api-ms-win-core-timezone-l1-1-0.dll
0x0000021f53880000 - 0x0000021f53883000 	C:\Users\bryan\.openjfx\cache\21.0.6+3\amd64\api-ms-win-core-util-l1-1-0.dll
0x0000021f53890000 - 0x0000021f53893000 	C:\Users\bryan\.openjfx\cache\21.0.6+3\amd64\api-ms-win-crt-conio-l1-1-0.dll
0x0000021f538a0000 - 0x0000021f538a4000 	C:\Users\bryan\.openjfx\cache\21.0.6+3\amd64\api-ms-win-crt-convert-l1-1-0.dll
0x0000021f538b0000 - 0x0000021f538b3000 	C:\Users\bryan\.openjfx\cache\21.0.6+3\amd64\api-ms-win-crt-environment-l1-1-0.dll
0x0000021f538c0000 - 0x0000021f538c3000 	C:\Users\bryan\.openjfx\cache\21.0.6+3\amd64\api-ms-win-crt-filesystem-l1-1-0.dll
0x0000021f538d0000 - 0x0000021f538d3000 	C:\Users\bryan\.openjfx\cache\21.0.6+3\amd64\api-ms-win-crt-heap-l1-1-0.dll
0x0000021f538e0000 - 0x0000021f538e3000 	C:\Users\bryan\.openjfx\cache\21.0.6+3\amd64\api-ms-win-crt-locale-l1-1-0.dll
0x0000021f538f0000 - 0x0000021f538f5000 	C:\Users\bryan\.openjfx\cache\21.0.6+3\amd64\api-ms-win-crt-math-l1-1-0.dll
0x0000021f53900000 - 0x0000021f53905000 	C:\Users\bryan\.openjfx\cache\21.0.6+3\amd64\api-ms-win-crt-multibyte-l1-1-0.dll
0x0000021f53910000 - 0x0000021f53920000 	C:\Users\bryan\.openjfx\cache\21.0.6+3\amd64\api-ms-win-crt-private-l1-1-0.dll
0x0000021f53920000 - 0x0000021f53923000 	C:\Users\bryan\.openjfx\cache\21.0.6+3\amd64\api-ms-win-crt-process-l1-1-0.dll
0x0000021f53930000 - 0x0000021f53934000 	C:\Users\bryan\.openjfx\cache\21.0.6+3\amd64\api-ms-win-crt-runtime-l1-1-0.dll
0x0000021f53940000 - 0x0000021f53944000 	C:\Users\bryan\.openjfx\cache\21.0.6+3\amd64\api-ms-win-crt-stdio-l1-1-0.dll
0x0000021f53950000 - 0x0000021f53954000 	C:\Users\bryan\.openjfx\cache\21.0.6+3\amd64\api-ms-win-crt-string-l1-1-0.dll
0x0000021f53960000 - 0x0000021f53963000 	C:\Users\bryan\.openjfx\cache\21.0.6+3\amd64\api-ms-win-crt-time-l1-1-0.dll
0x0000021f53970000 - 0x0000021f53973000 	C:\Users\bryan\.openjfx\cache\21.0.6+3\amd64\api-ms-win-crt-utility-l1-1-0.dll
0x00007ff86bd70000 - 0x00007ff86be6c000 	C:\Users\bryan\.openjfx\cache\21.0.6+3\amd64\ucrtbase.dll
0x00007ff8771a0000 - 0x00007ff8771bb000 	C:\Users\bryan\.openjfx\cache\21.0.6+3\amd64\vcruntime140.dll
0x00007ff886700000 - 0x00007ff88670c000 	C:\Users\bryan\.openjfx\cache\21.0.6+3\amd64\vcruntime140_1.dll
0x00007ff870790000 - 0x00007ff87081e000 	C:\Users\bryan\.openjfx\cache\21.0.6+3\amd64\msvcp140.dll
0x00007ff8863a0000 - 0x00007ff8863a9000 	C:\Users\bryan\.openjfx\cache\21.0.6+3\amd64\msvcp140_1.dll
0x00007ff867750000 - 0x00007ff867791000 	C:\Users\bryan\.openjfx\cache\21.0.6+3\amd64\msvcp140_2.dll
0x00007ff876f00000 - 0x00007ff876f30000 	C:\Users\bryan\.openjfx\cache\21.0.6+3\amd64\prism_d3d.dll
0x00007ff803350000 - 0x00007ff803521000 	C:\WINDOWS\system32\d3d9.dll
0x00007ff888f20000 - 0x00007ff888f4e000 	C:\WINDOWS\SYSTEM32\dwmapi.dll
0x00007ff888710000 - 0x00007ff8887ae000 	C:\WINDOWS\system32\uxtheme.dll
0x00007fffe0f20000 - 0x00007fffe4dd7000 	C:\WINDOWS\System32\DriverStore\FileRepository\ki124755.inf_amd64_aed366684c4b54b4\igdumdim64.dll
0x00007ff88d640000 - 0x00007ff88dab0000 	C:\WINDOWS\System32\SETUPAPI.dll
0x00007ff88bf60000 - 0x00007ff88bfae000 	C:\WINDOWS\System32\cfgmgr32.dll
0x00007ff867700000 - 0x00007ff867742000 	C:\Users\bryan\.openjfx\cache\21.0.6+3\amd64\glass.dll
0x00007ff88dcc0000 - 0x00007ff88dd9a000 	C:\WINDOWS\System32\COMDLG32.dll
0x00007ff88df50000 - 0x00007ff88e065000 	C:\WINDOWS\System32\MSCTF.dll
0x00007ff87a300000 - 0x00007ff87b8f1000 	C:\WINDOWS\System32\DriverStore\FileRepository\ki124755.inf_amd64_aed366684c4b54b4\igc64.dll
0x00007ff87ff30000 - 0x00007ff87ff6b000 	C:\WINDOWS\SYSTEM32\dxcore.dll
0x00007ff877130000 - 0x00007ff877145000 	C:\Users\bryan\.openjfx\cache\21.0.6+3\amd64\javafx_font.dll
0x00007ff879b60000 - 0x00007ff879ddf000 	C:\WINDOWS\SYSTEM32\dwrite.dll
0x00007ff88dda0000 - 0x00007ff88de49000 	C:\WINDOWS\System32\clbcatq.dll
0x00007ff8884b0000 - 0x00007ff888666000 	C:\WINDOWS\SYSTEM32\WindowsCodecs.dll
0x00007ff85b2b0000 - 0x00007ff85b2ee000 	C:\WINDOWS\system32\dataexchange.dll
0x00007ff885220000 - 0x00007ff885404000 	C:\WINDOWS\system32\dcomp.dll
0x00007ff884fa0000 - 0x00007ff885204000 	C:\WINDOWS\system32\d3d11.dll
0x00007ff889fe0000 - 0x00007ff88a0d6000 	C:\WINDOWS\system32\dxgi.dll
0x00007ff887780000 - 0x00007ff887983000 	C:\WINDOWS\system32\twinapi.appcore.dll
0x00007ff870750000 - 0x00007ff870784000 	C:\Program Files\Common Files\Microsoft Shared\Ink\rtscom.dll
0x00007ff87fbf0000 - 0x00007ff87fce9000 	C:\WINDOWS\SYSTEM32\textinputframework.dll
0x00007ff885de0000 - 0x00007ff885ed2000 	C:\WINDOWS\System32\CoreMessaging.dll
0x00007ff8859d0000 - 0x00007ff885d2b000 	C:\WINDOWS\System32\CoreUIComponents.dll
0x00007ff887ac0000 - 0x00007ff887c17000 	C:\WINDOWS\SYSTEM32\wintypes.dll
0x00007ff88a9e0000 - 0x00007ff88aa13000 	C:\WINDOWS\SYSTEM32\ntmarta.dll
0x00007ff885410000 - 0x00007ff8859d0000 	C:\WINDOWS\SYSTEM32\d2d1.dll
0x00007ff880380000 - 0x00007ff880a76000 	C:\WINDOWS\SYSTEM32\D3D10Warp.dll

JVMTI agents: none

dbghelp: loaded successfully - version: 4.0.5 - missing functions: none
symbol engine: initialized successfully - sym options: 0x614 - pdb path: .;C:\Program Files\Java\jdk-25\bin;C:\WINDOWS\SYSTEM32;C:\WINDOWS\WinSxS\amd64_microsoft.windows.common-controls_6595b64144ccf1df_6.0.19041.6280_none_60bc30a171f2f3f3;C:\Program Files\Java\jdk-25\bin\server;C:\Users\bryan\.openjfx\cache\21.0.6+3\amd64;C:\WINDOWS\System32\DriverStore\FileRepository\ki124755.inf_amd64_aed366684c4b54b4;C:\Program Files\Common Files\Microsoft Shared\Ink

VM Arguments:
jvm_args: -Dfile.encoding=UTF-8 -Dstdout.encoding=UTF-8 -Dstderr.encoding=UTF-8 --module-path=C:\Users\bryan\Documents\GitHub\COMP485-Project1\target\classes;C:\Users\bryan\.m2\repository\org\openjfx\javafx-controls\21.0.6\javafx-controls-21.0.6-win.jar;C:\Users\bryan\.m2\repository\org\openjfx\javafx-graphics\21.0.6\javafx-graphics-21.0.6-win.jar;C:\Users\bryan\.m2\repository\org\openjfx\javafx-base\21.0.6\javafx-base-21.0.6-win.jar;C:\Users\bryan\.m2\repository\org\openjfx\javafx-fxml\21.0.6\javafx-fxml-21.0.6-win.jar -XX:+ShowCodeDetailsInExceptionMessages -Djdk.module.main=com.example.project1 
java_command: com.example.project1/com.example.project1.Launcher
java_class_path (initial): C:\Users\bryan\.m2\repository\com\dlsc\formsfx\formsfx-core\11.5.0\formsfx-core-11.5.0.jar;C:\Users\bryan\.m2\repository\org\openjfx\javafx-controls\21.0.6\javafx-controls-21.0.6.jar;C:\Users\bryan\.m2\repository\org\openjfx\javafx-graphics\21.0.6\javafx-graphics-21.0.6.jar;C:\Users\bryan\.m2\repository\org\openjfx\javafx-base\21.0.6\javafx-base-21.0.6.jar;C:\Users\bryan\.m2\repository\org\openjfx\javafx-fxml\21.0.6\javafx-fxml-21.0.6.jar
Launcher Type: SUN_STANDARD

[Global flags]
     intx CICompilerCount                          = 4                                         {product} {ergonomic}
     uint ConcGCThreads                            = 2                                         {product} {ergonomic}
     uint G1ConcRefinementThreads                  = 8                                         {product} {ergonomic}
   size_t G1HeapRegionSize                         = 2097152                                   {product} {ergonomic}
   size_t InitialHeapSize                          = 268435456                                 {product} {ergonomic}
   size_t MarkStackSize                            = 4194304                                   {product} {ergonomic}
   size_t MarkStackSizeMax                         = 536870912                                 {product} {ergonomic}
   size_t MaxHeapSize                              = 4263510016                                {product} {ergonomic}
   size_t MaxNewSize                               = 2556428288                                {product} {ergonomic}
   size_t MinHeapDeltaBytes                        = 2097152                                   {product} {ergonomic}
   size_t MinHeapSize                              = 8388608                                   {product} {ergonomic}
    uintx NonNMethodCodeHeapSize                   = 5832704                                {pd product} {ergonomic}
    uintx NonProfiledCodeHeapSize                  = 122945536                              {pd product} {ergonomic}
    uintx ProfiledCodeHeapSize                     = 122880000                              {pd product} {ergonomic}
    uintx ReservedCodeCacheSize                    = 251658240                              {pd product} {ergonomic}
     bool SegmentedCodeCache                       = true                                      {product} {ergonomic}
     bool ShowCodeDetailsInExceptionMessages       = true                                   {manageable} {command line}
   size_t SoftMaxHeapSize                          = 4263510016                             {manageable} {ergonomic}
     bool UseCompressedOops                        = true                           {product lp64_product} {ergonomic}
     bool UseG1GC                                  = true                                      {product} {ergonomic}
     bool UseLargePagesIndividualAllocation        = false                                  {pd product} {ergonomic}

Logging:
Log output configuration:
 #0: stdout all=warning uptime,level,tags foldmultilines=false
 #1: stderr all=off uptime,level,tags foldmultilines=false

Release file:
IMPLEMENTOR="Oracle Corporation" 
JAVA_RUNTIME_VERSION="25+37-LTS-3491" 
JAVA_VERSION="25" 
JAVA_VERSION_DATE="2025-09-16" 
LIBC="default" 
MODULES="java.base java.compiler java.datatransfer java.xml java.prefs java.desktop java.instrument java.logging java.management java.security.sasl java.naming java.rmi java.management.rmi java.net.http java.scripting java.security.jgss java.transaction.xa java.sql java.sql.rowset java.xml.crypto java.se java.smartcardio jdk.accessibility jdk.internal.jvmstat jdk.attach jdk.charsets jdk.internal.opt jdk.zipfs jdk.compiler jdk.crypto.cryptoki jdk.crypto.ec jdk.crypto.mscapi jdk.dynalink jdk.internal.ed jdk.editpad jdk.internal.vm.ci jdk.graal.compiler jdk.graal.compiler.management jdk.hotspot.agent jdk.httpserver jdk.incubator.vector jdk.internal.le jdk.internal.md jdk.jartool jdk.javadoc jdk.jcmd jdk.management jdk.management.agent jdk.jconsole jdk.jdeps jdk.jdwp.agent jdk.jdi jdk.jfr jdk.jlink jdk.jpackage jdk.jshell jdk.jsobject jdk.jstatd jdk.localedata jdk.management.jfr jdk.naming.dns jdk.naming.rmi jdk.net jdk.nio.mapmode jdk.sctp jdk.security.auth jdk.security.jgss jdk.unsupported jdk.unsupported.desktop jdk.xml.dom" 
OS_ARCH="x86_64" 
OS_NAME="Windows" 
SOURCE=".:git:49d6a23b8806 open:git:6c48f4ed707b" 

Environment Variables:
PATH=C:/Users/bryan/.p2/pool/plugins/org.eclipse.justj.openjdk.hotspot.jre.full.win32.x86_64_21.0.8.v20250724-1412/jre/bin/server;C:/Users/bryan/.p2/pool/plugins/org.eclipse.justj.openjdk.hotspot.jre.full.win32.x86_64_21.0.8.v20250724-1412/jre/bin;C:/Users/bryan/AppData/Local/Temp/eoiF750.tmp//plugins/org.eclipse.justj.openjdk.hotspot.jre.minimal.stripped.win32.x86_64_21.0.8.v20250724-1412/jre/bin/server;C:/Users/bryan/AppData/Local/Temp/eoiF750.tmp//plugins/org.eclipse.justj.openjdk.hotspot.jre.minimal.stripped.win32.x86_64_21.0.8.v20250724-1412/jre/bin;C:\Program Files\Google\Chrome\Application;C:\Program Files\Common Files\Oracle\Java\javapath;C:\Program Files (x86)\Intel\iCLS Client\;C:\Program Files\Intel\iCLS Client\;C:\WINDOWS\system32;C:\WINDOWS;C:\WINDOWS\System32\Wbem;C:\WINDOWS\System32\WindowsPowerShell\v1.0\;C:\Program Files (x86)\Intel\Intel(R) Management Engine Components\DAL;C:\Program Files\Intel\Intel(R) Management Engine Components\DAL;C:\Program Files (x86)\Intel\Intel(R) Management Engine Components\IPT;C:\Program Files\Intel\Intel(R) Management Engine Components\IPT;C:\Program Files (x86)\NVIDIA Corporation\PhysX\Common;C:\WINDOWS\system32;C:\WINDOWS;C:\WINDOWS\System32\Wbem;C:\WINDOWS\System32\WindowsPowerShell\v1.0\;C:\WINDOWS\System32\OpenSSH\;C:\Program Files\NVIDIA Corporation\NVIDIA App\NvDLISR;C:\Program Files\dotnet\;C:\Program Files\Git\cmd;C:\Program Files\nodejs\;C:\Users\bryan\AppData\Local\Programs\Python\Python313\Scripts\;C:\Users\bryan\AppData\Local\Programs\Python\Python313\;C:\Users\bryan\AppData\Local\Programs\Python\Launcher\;C:\Users\bryan\AppData\Local\Microsoft\WindowsApps;C:\Users\bryan\AppData\Local\Programs\Microsoft VS Code\bin;C:\Users\bryan\AppData\Local\GitHubDesktop\bin;C:\Users\bryan\AppData\Roaming\npm;C:\Program Files\JetBrains\IntelliJ IDEA Community Edition 2025.2.3\bin;C:\Program Files\MongoDB\Server\8.2\bin;;C:\Users\bryan\Downloads;;C:\Users\bryan\Downloads;
USERNAME=bryan
OS=Windows_NT
PROCESSOR_IDENTIFIER=Intel64 Family 6 Model 158 Stepping 9, GenuineIntel
TMP=C:\Users\bryan\AppData\Local\Temp
TEMP=C:\Users\bryan\AppData\Local\Temp




Compilation memory statistics disabled.

Periodic native trim disabled

---------------  S Y S T E M  ---------------

OS:
 Windows 10 , 64 bit Build 19041 (10.0.19041.5915)
OS uptime: 0 days 0:56 hours

CPU: total 8 (initial active 8) (4 cores per cpu, 2 threads per core) family 6 model 158 stepping 9 microcode 0xb4, cx8, cmov, fxsr, ht, mmx, 3dnowpref, sse, sse2, sse3, ssse3, sse4.1, sse4.2, popcnt, lzcnt, tsc, tscinvbit, avx, avx2, aes, erms, clmul, bmi1, bmi2, adx, fma, vzeroupper, clflush, clflushopt, rdtscp, f16c
Processor Information for the first 8 processors :
  Max Mhz: 2808, Current Mhz: 2808, Mhz Limit: 2808

Memory: 4k page, system-wide physical 16262M (2236M free)
TotalPageFile size 18694M (AvailPageFile size 1960M)
current process WorkingSet (physical memory assigned to process): 155M, peak: 155M
current process commit charge ("private bytes"): 404M, peak: 404M

vm_info: Java HotSpot(TM) 64-Bit Server VM (25+37-LTS-3491) for windows-amd64 JRE (25+37-LTS-3491), built on 2025-08-14T21:13:00Z with unknown MS VC++:1943

END.
